Log file open, 02/12/21 17:24:00
LogInit: Display: Running engine for game: NameLessMaze
LogPlatformFile: Not using cached read wrapper
LogTaskGraph: Started task graph with 5 named threads and 23 total threads with 3 sets of task threads.
LogStats: Stats thread started at 43.534537
LogD3D11RHI: Loaded GFSDK_Aftermath_Lib.x64.dll
LogICUInternationalization: ICU TimeZone Detection - Raw Offset: +1:00, Platform Override: ''
LogPluginManager: Mounting plugin Paper2D
LogPluginManager: Mounting plugin AISupport
LogPluginManager: Mounting plugin LightPropagationVolume
LogPluginManager: Mounting plugin CameraShakePreviewer
LogPluginManager: Mounting plugin ActorLayerUtilities
LogPluginManager: Mounting plugin AnimationSharing
LogPluginManager: Mounting plugin CLionSourceCodeAccess
LogPluginManager: Mounting plugin CodeLiteSourceCodeAccess
LogPluginManager: Mounting plugin GitSourceControl
LogPluginManager: Mounting plugin KDevelopSourceCodeAccess
LogPluginManager: Mounting plugin NullSourceCodeAccess
LogPluginManager: Mounting plugin PerforceSourceControl
LogPluginManager: Mounting plugin PlasticSourceControl
LogPluginManager: Mounting plugin RiderSourceCodeAccess
LogPluginManager: Mounting plugin SubversionSourceControl
LogPluginManager: Mounting plugin UObjectPlugin
LogPluginManager: Mounting plugin VisualStudioCodeSourceCodeAccess
LogPluginManager: Mounting plugin VisualStudioSourceCodeAccess
LogPluginManager: Mounting plugin XCodeSourceCodeAccess
LogPluginManager: Mounting plugin AssetManagerEditor
LogPluginManager: Mounting plugin CryptoKeys
LogPluginManager: Mounting plugin CurveEditorTools
LogPluginManager: Mounting plugin DataValidation
LogPluginManager: Mounting plugin EditorScriptingUtilities
LogPluginManager: Mounting plugin FacialAnimation
LogPluginManager: Mounting plugin GameplayTagsEditor
LogPluginManager: Mounting plugin GeometryMode
LogPluginManager: Mounting plugin MacGraphicsSwitching
LogPluginManager: Mounting plugin MaterialAnalyzer
LogPluginManager: Mounting plugin MobileLauncherProfileWizard
LogPluginManager: Mounting plugin PluginBrowser
LogPluginManager: Mounting plugin SpeedTreeImporter
LogPluginManager: Mounting plugin DatasmithContent
LogPluginManager: Mounting plugin VariantManagerContent
LogPluginManager: Mounting plugin AlembicImporter
LogPluginManager: Mounting plugin AutomationUtils
LogPluginManager: Mounting plugin BackChannel
LogPluginManager: Mounting plugin ChaosCloth
LogPluginManager: Mounting plugin ChaosClothEditor
LogPluginManager: Mounting plugin ChaosEditor
LogPluginManager: Mounting plugin ChaosNiagara
LogPluginManager: Mounting plugin ChaosSolverPlugin
LogPluginManager: Mounting plugin CharacterAI
LogPluginManager: Mounting plugin GeometryCache
LogPluginManager: Mounting plugin GeometryCollectionPlugin
LogPluginManager: Mounting plugin GeometryProcessing
LogPluginManager: Mounting plugin PlanarCut
LogPluginManager: Mounting plugin PlatformCrypto
LogPluginManager: Mounting plugin ProxyLODPlugin
LogPluginManager: Mounting plugin SkeletalReduction
LogPluginManager: Mounting plugin Niagara
LogPluginManager: Mounting plugin MagicLeap
LogPluginManager: Mounting plugin MagicLeapLightEstimation
LogPluginManager: Mounting plugin MagicLeapMedia
LogPluginManager: Mounting plugin MagicLeapPassableWorld
LogPluginManager: Mounting plugin MLSDK
LogPluginManager: Mounting plugin LowEntryExtStdLib
LogPluginManager: Mounting plugin AndroidMedia
LogPluginManager: Mounting plugin AvfMedia
LogPluginManager: Mounting plugin ImgMedia
LogPluginManager: Mounting plugin MediaCompositing
LogPluginManager: Mounting plugin MediaPlayerEditor
LogPluginManager: Mounting plugin WebMMedia
LogPluginManager: Mounting plugin WmfMedia
LogPluginManager: Mounting plugin MeshPainting
LogPluginManager: Mounting plugin TcpMessaging
LogPluginManager: Mounting plugin UdpMessaging
LogPluginManager: Mounting plugin ActorSequence
LogPluginManager: Mounting plugin LevelSequenceEditor
LogPluginManager: Mounting plugin MatineeToLevelSequence
LogPluginManager: Mounting plugin MovieRenderPipeline
LogPluginManager: Mounting plugin TemplateSequence
LogPluginManager: Mounting plugin NetcodeUnitTest
LogPluginManager: Mounting plugin NUTUnrealEngine4
LogPluginManager: Mounting plugin OnlineSubsystemGooglePlay
LogPluginManager: Mounting plugin OnlineSubsystemIOS
LogPluginManager: Mounting plugin OnlineSubsystem
LogPluginManager: Mounting plugin OnlineSubsystemNull
LogPluginManager: Mounting plugin OnlineSubsystemUtils
LogPluginManager: Mounting plugin LauncherChunkInstaller
LogPluginManager: Mounting plugin AndroidDeviceProfileSelector
LogPluginManager: Mounting plugin AndroidMoviePlayer
LogPluginManager: Mounting plugin AndroidPermission
LogPluginManager: Mounting plugin AppleImageUtils
LogPluginManager: Mounting plugin AppleMoviePlayer
LogPluginManager: Mounting plugin ArchVisCharacter
LogPluginManager: Mounting plugin AssetTags
LogPluginManager: Mounting plugin AudioCapture
LogPluginManager: Mounting plugin CableComponent
LogPluginManager: Mounting plugin CustomMeshComponent
LogPluginManager: Mounting plugin EditableMesh
LogPluginManager: Mounting plugin ExampleDeviceProfileSelector
LogPluginManager: Mounting plugin GoogleCloudMessaging
LogPluginManager: Mounting plugin GooglePAD
LogPluginManager: Mounting plugin IOSDeviceProfileSelector
LogPluginManager: Mounting plugin LinuxDeviceProfileSelector
LogPluginManager: Mounting plugin LocationServicesBPLibrary
LogPluginManager: Mounting plugin MobilePatchingUtils
LogPluginManager: Mounting plugin OculusVR
LogPluginManager: Mounting plugin PhysXVehicles
LogPluginManager: Mounting plugin PostSplashScreen
LogPluginManager: Mounting plugin ProceduralMeshComponent
LogPluginManager: Mounting plugin RuntimePhysXCooking
LogPluginManager: Mounting plugin SignificanceManager
LogPluginManager: Mounting plugin SoundFields
LogPluginManager: Mounting plugin SteamVR
LogPluginManager: Mounting plugin Synthesis
LogPluginManager: Mounting plugin WebMMoviePlayer
LogPluginManager: Mounting plugin WindowsMoviePlayer
LogPluginManager: Mounting plugin ScreenshotTools
LogInit: Using libcurl 7.55.1-DEV
LogInit:  - built for x86_64-pc-win32
LogInit:  - supports SSL with OpenSSL/1.1.1
LogInit:  - supports HTTP deflate (compression) using libz 1.2.8
LogInit:  - other features:
LogInit:      CURL_VERSION_SSL
LogInit:      CURL_VERSION_LIBZ
LogInit:      CURL_VERSION_IPV6
LogInit:      CURL_VERSION_ASYNCHDNS
LogInit:      CURL_VERSION_LARGEFILE
LogInit:      CURL_VERSION_IDN
LogInit:  CurlRequestOptions (configurable via config and command line):
LogInit:  - bVerifyPeer = true  - Libcurl will verify peer certificate
LogInit:  - bUseHttpProxy = false  - Libcurl will NOT use HTTP proxy
LogInit:  - bDontReuseConnections = false  - Libcurl will reuse connections
LogInit:  - MaxHostConnections = 16  - Libcurl will limit the number of connections to a host
LogInit:  - LocalHostAddr = Default
LogInit:  - BufferSize = 65536
LogOnline: OSS: Creating online subsystem instance for: NULL
LogInit: WinSock: version 1.1 (2.2), MaxSocks=32767, MaxUdp=65467
LogOnline: OSS: TryLoadSubsystemAndSetDefault: Loaded subsystem for module [NULL]
LogInit: Build: ++UE4+Release-4.25-CL-14469661
LogInit: Engine Version: 4.25.4-14469661+++UE4+Release-4.25
LogInit: Compatible Engine Version: 4.25.0-13144385+++UE4+Release-4.25
LogInit: Net CL: 13144385
LogInit: OS: Windows 10 (Release 2009) (), CPU: Intel(R) Core(TM) i7-4790K CPU @ 4.00GHz, GPU: NVIDIA GeForce GTX 1070
LogInit: Compiled (64-bit): Oct 11 2020 08:10:49
LogInit: Compiled with Visual C++: 19.24.28315.00
LogInit: Build Configuration: Development
LogInit: Branch Name: ++UE4+Release-4.25
LogInit: Command Line: 
LogInit: Base Directory: D:/Unreal/UE_4.25/Engine/Binaries/Win64/
LogInit: Allocator: TBB
LogInit: Installed Engine Build: 1
LogDevObjectVersion: Number of dev versions registered: 26
LogDevObjectVersion:   Dev-Blueprints (B0D832E4-1F89-4F0D-ACCF-7EB736FD4AA2): 10
LogDevObjectVersion:   Dev-Build (E1C64328-A22C-4D53-A36C-8E866417BD8C): 0
LogDevObjectVersion:   Dev-Core (375EC13C-06E4-48FB-B500-84F0262A717E): 4
LogDevObjectVersion:   Dev-Editor (E4B068ED-F494-42E9-A231-DA0B2E46BB41): 38
LogDevObjectVersion:   Dev-Framework (CFFC743F-43B0-4480-9391-14DF171D2073): 37
LogDevObjectVersion:   Dev-Mobile (B02B49B5-BB20-44E9-A304-32B752E40360): 2
LogDevObjectVersion:   Dev-Networking (A4E4105C-59A1-49B5-A7C5-40C4547EDFEE): 0
LogDevObjectVersion:   Dev-Online (39C831C9-5AE6-47DC-9A44-9C173E1C8E7C): 0
LogDevObjectVersion:   Dev-Physics (78F01B33-EBEA-4F98-B9B4-84EACCB95AA2): 4
LogDevObjectVersion:   Dev-Platform (6631380F-2D4D-43E0-8009-CF276956A95A): 0
LogDevObjectVersion:   Dev-Rendering (12F88B9F-8875-4AFC-A67C-D90C383ABD29): 43
LogDevObjectVersion:   Dev-Sequencer (7B5AE74C-D270-4C10-A958-57980B212A5A): 12
LogDevObjectVersion:   Dev-VR (D7296918-1DD6-4BDD-9DE2-64A83CC13884): 3
LogDevObjectVersion:   Dev-LoadTimes (C2A15278-BFE7-4AFE-6C17-90FF531DF755): 1
LogDevObjectVersion:   Private-Geometry (6EACA3D4-40EC-4CC1-B786-8BED09428FC5): 3
LogDevObjectVersion:   Dev-AnimPhys (29E575DD-E0A3-4627-9D10-D276232CDCEA): 17
LogDevObjectVersion:   Dev-Anim (AF43A65D-7FD3-4947-9873-3E8ED9C1BB05): 7
LogDevObjectVersion:   Dev-ReflectionCapture (6B266CEC-1EC7-4B8F-A30B-E4D90942FC07): 1
LogDevObjectVersion:   Dev-Automation (0DF73D61-A23F-47EA-B727-89E90C41499A): 1
LogDevObjectVersion:   FortniteMain (601D1886-AC64-4F84-AA16-D3DE0DEAC7D6): 31
LogDevObjectVersion:   Dev-Enterprise (9DFFBCD6-494F-0158-E221-12823C92A888): 10
LogDevObjectVersion:   Dev-Niagara (F2AED0AC-9AFE-416F-8664-AA7FFA26D6FC): 1
LogDevObjectVersion:   Dev-Destruction (174F1F0B-B4C6-45A5-B13F-2EE8D0FB917D): 10
LogDevObjectVersion:   Dev-Physics-Ext (35F94A83-E258-406C-A318-09F59610247C): 37
LogDevObjectVersion:   Dev-PhysicsMaterial-Chaos (B68FC16E-8B1B-42E2-B453-215C058844FE): 1
LogDevObjectVersion:   Dev-CineCamera (B2E18506-4273-CFC2-A54E-F4BB758BBA07): 1
LogInit: Presizing for max 25165824 objects, including 0 objects not considered by GC, pre-allocating 0 bytes for permanent pool.
LogConfig: Applying CVar settings from Section [/Script/Engine.StreamingSettings] File [D:/UPGitHubRepo/2021-yr1-Team-Rem/NameLessMaze/Saved/Config/Windows/Engine.ini]
LogConfig: Setting CVar [[s.MinBulkDataSizeForAsyncLoading:131072]]
LogConfig: Setting CVar [[s.AsyncLoadingThreadEnabled:0]]
LogConfig: Setting CVar [[s.EventDrivenLoaderEnabled:1]]
LogConfig: Setting CVar [[s.WarnIfTimeLimitExceeded:0]]
LogConfig: Setting CVar [[s.TimeLimitExceededMultiplier:1.5]]
LogConfig: Setting CVar [[s.TimeLimitExceededMinTime:0.005]]
LogConfig: Setting CVar [[s.UseBackgroundLevelStreaming:1]]
LogConfig: Setting CVar [[s.PriorityAsyncLoadingExtraTime:15.0]]
LogConfig: Setting CVar [[s.LevelStreamingActorsUpdateTimeLimit:5.0]]
LogConfig: Setting CVar [[s.PriorityLevelStreamingActorsUpdateExtraTime:5.0]]
LogConfig: Setting CVar [[s.LevelStreamingComponentsRegistrationGranularity:10]]
LogConfig: Setting CVar [[s.UnregisterComponentsTimeLimit:1.0]]
LogConfig: Setting CVar [[s.LevelStreamingComponentsUnregistrationGranularity:5]]
LogConfig: Setting CVar [[s.FlushStreamingOnExit:1]]
LogInit: Object subsystem initialized
LogConfig: Setting CVar [[con.DebugEarlyDefault:1]]
LogConfig: Setting CVar [[r.setres:1280x720]]
[2021.02.12-16.24.23:327][  0]LogConfig: Setting CVar [[r.VSync:0]]
[2021.02.12-16.24.23:327][  0]LogConfig: Setting CVar [[r.RHICmdBypass:0]]
[2021.02.12-16.24.23:327][  0]LogConfig: Applying CVar settings from Section [/Script/Engine.RendererSettings] File [D:/UPGitHubRepo/2021-yr1-Team-Rem/NameLessMaze/Saved/Config/Windows/Engine.ini]
[2021.02.12-16.24.23:327][  0]LogConfig: Setting CVar [[r.GPUCrashDebugging:0]]
[2021.02.12-16.24.23:327][  0]LogConfig: Applying CVar settings from Section [/Script/Engine.RendererOverrideSettings] File [D:/UPGitHubRepo/2021-yr1-Team-Rem/NameLessMaze/Saved/Config/Windows/Engine.ini]
[2021.02.12-16.24.23:327][  0]LogConfig: Applying CVar settings from Section [/Script/Engine.StreamingSettings] File [D:/UPGitHubRepo/2021-yr1-Team-Rem/NameLessMaze/Saved/Config/Windows/Engine.ini]
[2021.02.12-16.24.23:327][  0]LogConfig: Setting CVar [[s.MinBulkDataSizeForAsyncLoading:131072]]
[2021.02.12-16.24.23:327][  0]LogConfig: Setting CVar [[s.AsyncLoadingThreadEnabled:0]]
[2021.02.12-16.24.23:327][  0]LogConfig: Setting CVar [[s.EventDrivenLoaderEnabled:1]]
[2021.02.12-16.24.23:327][  0]LogConfig: Setting CVar [[s.WarnIfTimeLimitExceeded:0]]
[2021.02.12-16.24.23:327][  0]LogConfig: Setting CVar [[s.TimeLimitExceededMultiplier:1.5]]
[2021.02.12-16.24.23:327][  0]LogConfig: Setting CVar [[s.TimeLimitExceededMinTime:0.005]]
[2021.02.12-16.24.23:327][  0]LogConfig: Setting CVar [[s.UseBackgroundLevelStreaming:1]]
[2021.02.12-16.24.23:327][  0]LogConfig: Setting CVar [[s.PriorityAsyncLoadingExtraTime:15.0]]
[2021.02.12-16.24.23:327][  0]LogConfig: Setting CVar [[s.LevelStreamingActorsUpdateTimeLimit:5.0]]
[2021.02.12-16.24.23:327][  0]LogConfig: Setting CVar [[s.PriorityLevelStreamingActorsUpdateExtraTime:5.0]]
[2021.02.12-16.24.23:328][  0]LogConfig: Setting CVar [[s.LevelStreamingComponentsRegistrationGranularity:10]]
[2021.02.12-16.24.23:328][  0]LogConfig: Setting CVar [[s.UnregisterComponentsTimeLimit:1.0]]
[2021.02.12-16.24.23:328][  0]LogConfig: Setting CVar [[s.LevelStreamingComponentsUnregistrationGranularity:5]]
[2021.02.12-16.24.23:328][  0]LogConfig: Setting CVar [[s.FlushStreamingOnExit:1]]
[2021.02.12-16.24.23:328][  0]LogConfig: Applying CVar settings from Section [/Script/Engine.GarbageCollectionSettings] File [D:/UPGitHubRepo/2021-yr1-Team-Rem/NameLessMaze/Saved/Config/Windows/Engine.ini]
[2021.02.12-16.24.23:328][  0]LogConfig: Setting CVar [[gc.MaxObjectsNotConsideredByGC:1]]
[2021.02.12-16.24.23:328][  0]LogConfig: Setting CVar [[gc.SizeOfPermanentObjectPool:0]]
[2021.02.12-16.24.23:328][  0]LogConfig: Setting CVar [[gc.FlushStreamingOnGC:0]]
[2021.02.12-16.24.23:328][  0]LogConfig: Setting CVar [[gc.NumRetriesBeforeForcingGC:10]]
[2021.02.12-16.24.23:328][  0]LogConfig: Setting CVar [[gc.AllowParallelGC:1]]
[2021.02.12-16.24.23:328][  0]LogConfig: Setting CVar [[gc.TimeBetweenPurgingPendingKillObjects:61.1]]
[2021.02.12-16.24.23:328][  0]LogConfig: Setting CVar [[gc.MaxObjectsInEditor:25165824]]
[2021.02.12-16.24.23:328][  0]LogConfig: Setting CVar [[gc.IncrementalBeginDestroyEnabled:1]]
[2021.02.12-16.24.23:328][  0]LogConfig: Setting CVar [[gc.CreateGCClusters:1]]
[2021.02.12-16.24.23:328][  0]LogConfig: Setting CVar [[gc.MinGCClusterSize:5]]
[2021.02.12-16.24.23:328][  0]LogConfig: Setting CVar [[gc.ActorClusteringEnabled:0]]
[2021.02.12-16.24.23:328][  0]LogConfig: Setting CVar [[gc.BlueprintClusteringEnabled:0]]
[2021.02.12-16.24.23:328][  0]LogConfig: Setting CVar [[gc.UseDisregardForGCOnDedicatedServers:0]]
[2021.02.12-16.24.23:328][  0]LogConfig: Applying CVar settings from Section [/Script/Engine.NetworkSettings] File [D:/UPGitHubRepo/2021-yr1-Team-Rem/NameLessMaze/Saved/Config/Windows/Engine.ini]
[2021.02.12-16.24.23:328][  0]LogConfig: Applying CVar settings from Section [/Script/UnrealEd.CookerSettings] File [D:/UPGitHubRepo/2021-yr1-Team-Rem/NameLessMaze/Saved/Config/Windows/Engine.ini]
[2021.02.12-16.24.23:382][  0]LogConfig: Applying CVar settings from Section [ViewDistanceQuality@3] File [D:/UPGitHubRepo/2021-yr1-Team-Rem/NameLessMaze/Saved/Config/Windows/Scalability.ini]
[2021.02.12-16.24.23:382][  0]LogConfig: Setting CVar [[r.SkeletalMeshLODBias:0]]
[2021.02.12-16.24.23:382][  0]LogConfig: Setting CVar [[r.ViewDistanceScale:1.0]]
[2021.02.12-16.24.23:382][  0]LogConfig: Applying CVar settings from Section [AntiAliasingQuality@3] File [D:/UPGitHubRepo/2021-yr1-Team-Rem/NameLessMaze/Saved/Config/Windows/Scalability.ini]
[2021.02.12-16.24.23:382][  0]LogConfig: Setting CVar [[r.PostProcessAAQuality:4]]
[2021.02.12-16.24.23:382][  0]LogConfig: Applying CVar settings from Section [ShadowQuality@3] File [D:/UPGitHubRepo/2021-yr1-Team-Rem/NameLessMaze/Saved/Config/Windows/Scalability.ini]
[2021.02.12-16.24.23:382][  0]LogConfig: Setting CVar [[r.LightFunctionQuality:1]]
[2021.02.12-16.24.23:382][  0]LogConfig: Setting CVar [[r.ShadowQuality:5]]
[2021.02.12-16.24.23:382][  0]LogConfig: Setting CVar [[r.Shadow.CSM.MaxCascades:10]]
[2021.02.12-16.24.23:382][  0]LogConfig: Setting CVar [[r.Shadow.MaxResolution:2048]]
[2021.02.12-16.24.23:382][  0]LogConfig: Setting CVar [[r.Shadow.MaxCSMResolution:2048]]
[2021.02.12-16.24.23:382][  0]LogConfig: Setting CVar [[r.Shadow.RadiusThreshold:0.01]]
[2021.02.12-16.24.23:382][  0]LogConfig: Setting CVar [[r.Shadow.DistanceScale:1.0]]
[2021.02.12-16.24.23:382][  0]LogConfig: Setting CVar [[r.Shadow.CSM.TransitionScale:1.0]]
[2021.02.12-16.24.23:382][  0]LogConfig: Setting CVar [[r.Shadow.PreShadowResolutionFactor:1.0]]
[2021.02.12-16.24.23:382][  0]LogConfig: Setting CVar [[r.DistanceFieldShadowing:1]]
[2021.02.12-16.24.23:382][  0]LogConfig: Setting CVar [[r.DistanceFieldAO:1]]
[2021.02.12-16.24.23:382][  0]LogConfig: Setting CVar [[r.AOQuality:2]]
[2021.02.12-16.24.23:382][  0]LogConfig: Setting CVar [[r.VolumetricFog:1]]
[2021.02.12-16.24.23:382][  0]LogConfig: Setting CVar [[r.VolumetricFog.GridPixelSize:8]]
[2021.02.12-16.24.23:382][  0]LogConfig: Setting CVar [[r.VolumetricFog.GridSizeZ:128]]
[2021.02.12-16.24.23:382][  0]LogConfig: Setting CVar [[r.VolumetricFog.HistoryMissSupersampleCount:4]]
[2021.02.12-16.24.23:382][  0]LogConfig: Setting CVar [[r.LightMaxDrawDistanceScale:1]]
[2021.02.12-16.24.23:382][  0]LogConfig: Setting CVar [[r.CapsuleShadows:1]]
[2021.02.12-16.24.23:383][  0]LogConfig: Applying CVar settings from Section [PostProcessQuality@3] File [D:/UPGitHubRepo/2021-yr1-Team-Rem/NameLessMaze/Saved/Config/Windows/Scalability.ini]
[2021.02.12-16.24.23:383][  0]LogConfig: Setting CVar [[r.MotionBlurQuality:4]]
[2021.02.12-16.24.23:383][  0]LogConfig: Setting CVar [[r.AmbientOcclusionMipLevelFactor:0.4]]
[2021.02.12-16.24.23:383][  0]LogConfig: Setting CVar [[r.AmbientOcclusionMaxQuality:100]]
[2021.02.12-16.24.23:383][  0]LogConfig: Setting CVar [[r.AmbientOcclusionLevels:-1]]
[2021.02.12-16.24.23:383][  0]LogConfig: Setting CVar [[r.AmbientOcclusionRadiusScale:1.0]]
[2021.02.12-16.24.23:383][  0]LogConfig: Setting CVar [[r.DepthOfFieldQuality:2]]
[2021.02.12-16.24.23:383][  0]LogConfig: Setting CVar [[r.RenderTargetPoolMin:400]]
[2021.02.12-16.24.23:383][  0]LogConfig: Setting CVar [[r.LensFlareQuality:2]]
[2021.02.12-16.24.23:383][  0]LogConfig: Setting CVar [[r.SceneColorFringeQuality:1]]
[2021.02.12-16.24.23:383][  0]LogConfig: Setting CVar [[r.EyeAdaptationQuality:2]]
[2021.02.12-16.24.23:383][  0]LogConfig: Setting CVar [[r.BloomQuality:5]]
[2021.02.12-16.24.23:383][  0]LogConfig: Setting CVar [[r.FastBlurThreshold:100]]
[2021.02.12-16.24.23:383][  0]LogConfig: Setting CVar [[r.Upscale.Quality:3]]
[2021.02.12-16.24.23:383][  0]LogConfig: Setting CVar [[r.Tonemapper.GrainQuantization:1]]
[2021.02.12-16.24.23:383][  0]LogConfig: Setting CVar [[r.LightShaftQuality:1]]
[2021.02.12-16.24.23:383][  0]LogConfig: Setting CVar [[r.Filter.SizeScale:1]]
[2021.02.12-16.24.23:383][  0]LogConfig: Setting CVar [[r.Tonemapper.Quality:5]]
[2021.02.12-16.24.23:383][  0]LogConfig: Setting CVar [[r.DOF.Gather.AccumulatorQuality:1        ; higher gathering accumulator quality]]
[2021.02.12-16.24.23:383][  0]LogConfig: Setting CVar [[r.DOF.Gather.PostfilterMethod:1          ; Median3x3 postfilering method]]
[2021.02.12-16.24.23:383][  0]LogConfig: Setting CVar [[r.DOF.Gather.EnableBokehSettings:0       ; no bokeh simulation when gathering]]
[2021.02.12-16.24.23:383][  0]LogConfig: Setting CVar [[r.DOF.Gather.RingCount:4                 ; medium number of samples when gathering]]
[2021.02.12-16.24.23:383][  0]LogConfig: Setting CVar [[r.DOF.Scatter.ForegroundCompositing:1    ; additive foreground scattering]]
[2021.02.12-16.24.23:383][  0]LogConfig: Setting CVar [[r.DOF.Scatter.BackgroundCompositing:2    ; additive background scattering]]
[2021.02.12-16.24.23:383][  0]LogConfig: Setting CVar [[r.DOF.Scatter.EnableBokehSettings:1      ; bokeh simulation when scattering]]
[2021.02.12-16.24.23:383][  0]LogConfig: Setting CVar [[r.DOF.Scatter.MaxSpriteRatio:0.1         ; only a maximum of 10% of scattered bokeh]]
[2021.02.12-16.24.23:383][  0]LogConfig: Setting CVar [[r.DOF.Recombine.Quality:1                ; cheap slight out of focus]]
[2021.02.12-16.24.23:383][  0]LogConfig: Setting CVar [[r.DOF.Recombine.EnableBokehSettings:0    ; no bokeh simulation on slight out of focus]]
[2021.02.12-16.24.23:383][  0]LogConfig: Setting CVar [[r.DOF.TemporalAAQuality:1                ; more stable temporal accumulation]]
[2021.02.12-16.24.23:383][  0]LogConfig: Setting CVar [[r.DOF.Kernel.MaxForegroundRadius:0.025]]
[2021.02.12-16.24.23:383][  0]LogConfig: Setting CVar [[r.DOF.Kernel.MaxBackgroundRadius:0.025]]
[2021.02.12-16.24.23:383][  0]LogConfig: Applying CVar settings from Section [TextureQuality@3] File [D:/UPGitHubRepo/2021-yr1-Team-Rem/NameLessMaze/Saved/Config/Windows/Scalability.ini]
[2021.02.12-16.24.23:383][  0]LogConfig: Setting CVar [[r.Streaming.MipBias:0]]
[2021.02.12-16.24.23:383][  0]LogConfig: Setting CVar [[r.Streaming.AmortizeCPUToGPUCopy:0]]
[2021.02.12-16.24.23:383][  0]LogConfig: Setting CVar [[r.Streaming.MaxNumTexturesToStreamPerFrame:0]]
[2021.02.12-16.24.23:383][  0]LogConfig: Setting CVar [[r.Streaming.Boost:1]]
[2021.02.12-16.24.23:383][  0]LogConfig: Setting CVar [[r.MaxAnisotropy:8]]
[2021.02.12-16.24.23:383][  0]LogConfig: Setting CVar [[r.VT.MaxAnisotropy:8]]
[2021.02.12-16.24.23:383][  0]LogConfig: Setting CVar [[r.Streaming.LimitPoolSizeToVRAM:0]]
[2021.02.12-16.24.23:383][  0]LogConfig: Setting CVar [[r.Streaming.PoolSize:1000]]
[2021.02.12-16.24.23:383][  0]LogConfig: Setting CVar [[r.Streaming.MaxEffectiveScreenSize:0]]
[2021.02.12-16.24.23:383][  0]LogConfig: Applying CVar settings from Section [EffectsQuality@3] File [D:/UPGitHubRepo/2021-yr1-Team-Rem/NameLessMaze/Saved/Config/Windows/Scalability.ini]
[2021.02.12-16.24.23:383][  0]LogConfig: Setting CVar [[r.TranslucencyLightingVolumeDim:64]]
[2021.02.12-16.24.23:383][  0]LogConfig: Setting CVar [[r.RefractionQuality:2]]
[2021.02.12-16.24.23:383][  0]LogConfig: Setting CVar [[r.SSR.Quality:3]]
[2021.02.12-16.24.23:383][  0]LogConfig: Setting CVar [[r.SSR.HalfResSceneColor:0]]
[2021.02.12-16.24.23:383][  0]LogConfig: Setting CVar [[r.SceneColorFormat:4]]
[2021.02.12-16.24.23:383][  0]LogConfig: Setting CVar [[r.DetailMode:2]]
[2021.02.12-16.24.23:383][  0]LogConfig: Setting CVar [[r.TranslucencyVolumeBlur:1]]
[2021.02.12-16.24.23:383][  0]LogConfig: Setting CVar [[r.MaterialQualityLevel:1 ; High quality]]
[2021.02.12-16.24.23:383][  0]LogConfig: Setting CVar [[r.SSS.Scale:1]]
[2021.02.12-16.24.23:383][  0]LogConfig: Setting CVar [[r.SSS.SampleSet:2]]
[2021.02.12-16.24.23:383][  0]LogConfig: Setting CVar [[r.SSS.Quality:1]]
[2021.02.12-16.24.23:383][  0]LogConfig: Setting CVar [[r.SSS.HalfRes:0]]
[2021.02.12-16.24.23:383][  0]LogConfig: Setting CVar [[r.SSGI.Quality:3]]
[2021.02.12-16.24.23:383][  0]LogConfig: Setting CVar [[r.EmitterSpawnRateScale:1.0]]
[2021.02.12-16.24.23:383][  0]LogConfig: Setting CVar [[r.ParticleLightQuality:2]]
[2021.02.12-16.24.23:383][  0]LogConfig: Setting CVar [[r.SkyAtmosphere.AerialPerspectiveLUT.FastApplyOnOpaque:1 ; Always have FastSkyLUT 1 in this case to avoid wrong sky]]
[2021.02.12-16.24.23:383][  0]LogConfig: Setting CVar [[r.SkyAtmosphere.AerialPerspectiveLUT.SampleCountPerSlice:1]]
[2021.02.12-16.24.23:383][  0]LogConfig: Setting CVar [[r.SkyAtmosphere.AerialPerspectiveLUT.DepthResolution:16.0]]
[2021.02.12-16.24.23:383][  0]LogConfig: Setting CVar [[r.SkyAtmosphere.FastSkyLUT:1]]
[2021.02.12-16.24.23:383][  0]LogConfig: Setting CVar [[r.SkyAtmosphere.FastSkyLUT.SampleCountMin:4.0]]
[2021.02.12-16.24.23:383][  0]LogConfig: Setting CVar [[r.SkyAtmosphere.FastSkyLUT.SampleCountMax:32.0]]
[2021.02.12-16.24.23:383][  0]LogConfig: Setting CVar [[r.SkyAtmosphere.SampleCountMin:4.0]]
[2021.02.12-16.24.23:383][  0]LogConfig: Setting CVar [[r.SkyAtmosphere.SampleCountMax:32.0]]
[2021.02.12-16.24.23:383][  0]LogConfig: Setting CVar [[r.SkyAtmosphere.TransmittanceLUT.UseSmallFormat:0]]
[2021.02.12-16.24.23:383][  0]LogConfig: Setting CVar [[r.SkyAtmosphere.TransmittanceLUT.SampleCount:10.0]]
[2021.02.12-16.24.23:383][  0]LogConfig: Setting CVar [[r.SkyAtmosphere.MultiScatteringLUT.SampleCount:15.0]]
[2021.02.12-16.24.23:383][  0]LogConfig: Applying CVar settings from Section [FoliageQuality@3] File [D:/UPGitHubRepo/2021-yr1-Team-Rem/NameLessMaze/Saved/Config/Windows/Scalability.ini]
[2021.02.12-16.24.23:383][  0]LogConfig: Setting CVar [[foliage.DensityScale:1.0]]
[2021.02.12-16.24.23:383][  0]LogConfig: Setting CVar [[grass.DensityScale:1.0]]
[2021.02.12-16.24.23:383][  0]LogConfig: Applying CVar settings from Section [ShadingQuality@3] File [D:/UPGitHubRepo/2021-yr1-Team-Rem/NameLessMaze/Saved/Config/Windows/Scalability.ini]
[2021.02.12-16.24.23:383][  0]LogConfig: Setting CVar [[r.HairStrands.SkyLighting.SampleCount:16]]
[2021.02.12-16.24.23:383][  0]LogConfig: Setting CVar [[r.HairStrands.SkyLighting.JitterIntegration:0]]
[2021.02.12-16.24.23:383][  0]LogConfig: Setting CVar [[r.HairStrands.SkyAO.SampleCount:16]]
[2021.02.12-16.24.23:383][  0]LogConfig: Setting CVar [[r.HairStrands.DeepShadow.SuperSampling:0]]
[2021.02.12-16.24.23:383][  0]LogConfig: Setting CVar [[r.HairStrands.VisibilityPPLL:0]]
[2021.02.12-16.24.23:383][  0]LogConfig: Setting CVar [[r.HairStrands.RasterizationScale:0.5]]
[2021.02.12-16.24.23:383][  0]LogConfig: Setting CVar [[r.HairStrands.VelocityRasterizationScale:1]]
[2021.02.12-16.24.23:383][  0]LogInit: Selected Device Profile: [Windows]
[2021.02.12-16.24.23:383][  0]LogInit: Applying CVar settings loaded from the selected device profile: [Windows]
[2021.02.12-16.24.23:384][  0]LogHAL: Display: Platform has ~ 16 GB [17117007872 / 17179869184 / 16], which maps to Larger [LargestMinGB=32, LargerMinGB=12, DefaultMinGB=8, SmallerMinGB=6, SmallestMinGB=0)
[2021.02.12-16.24.23:384][  0]LogInit: Going up to parent DeviceProfile []
[2021.02.12-16.24.23:384][  0]LogConfig: Applying CVar settings from Section [ViewDistanceQuality@3] File [D:/UPGitHubRepo/2021-yr1-Team-Rem/NameLessMaze/Saved/Config/Windows/Scalability.ini]
[2021.02.12-16.24.23:384][  0]LogConfig: Setting CVar [[r.SkeletalMeshLODBias:0]]
[2021.02.12-16.24.23:384][  0]LogConfig: Setting CVar [[r.ViewDistanceScale:1.0]]
[2021.02.12-16.24.23:384][  0]LogConfig: Applying CVar settings from Section [AntiAliasingQuality@3] File [D:/UPGitHubRepo/2021-yr1-Team-Rem/NameLessMaze/Saved/Config/Windows/Scalability.ini]
[2021.02.12-16.24.23:384][  0]LogConfig: Setting CVar [[r.PostProcessAAQuality:4]]
[2021.02.12-16.24.23:384][  0]LogConfig: Applying CVar settings from Section [ShadowQuality@3] File [D:/UPGitHubRepo/2021-yr1-Team-Rem/NameLessMaze/Saved/Config/Windows/Scalability.ini]
[2021.02.12-16.24.23:384][  0]LogConfig: Setting CVar [[r.LightFunctionQuality:1]]
[2021.02.12-16.24.23:384][  0]LogConfig: Setting CVar [[r.ShadowQuality:5]]
[2021.02.12-16.24.23:384][  0]LogConfig: Setting CVar [[r.Shadow.CSM.MaxCascades:10]]
[2021.02.12-16.24.23:384][  0]LogConfig: Setting CVar [[r.Shadow.MaxResolution:2048]]
[2021.02.12-16.24.23:384][  0]LogConfig: Setting CVar [[r.Shadow.MaxCSMResolution:2048]]
[2021.02.12-16.24.23:384][  0]LogConfig: Setting CVar [[r.Shadow.RadiusThreshold:0.01]]
[2021.02.12-16.24.23:384][  0]LogConfig: Setting CVar [[r.Shadow.DistanceScale:1.0]]
[2021.02.12-16.24.23:384][  0]LogConfig: Setting CVar [[r.Shadow.CSM.TransitionScale:1.0]]
[2021.02.12-16.24.23:384][  0]LogConfig: Setting CVar [[r.Shadow.PreShadowResolutionFactor:1.0]]
[2021.02.12-16.24.23:384][  0]LogConfig: Setting CVar [[r.DistanceFieldShadowing:1]]
[2021.02.12-16.24.23:384][  0]LogConfig: Setting CVar [[r.DistanceFieldAO:1]]
[2021.02.12-16.24.23:384][  0]LogConfig: Setting CVar [[r.AOQuality:2]]
[2021.02.12-16.24.23:384][  0]LogConfig: Setting CVar [[r.VolumetricFog:1]]
[2021.02.12-16.24.23:384][  0]LogConfig: Setting CVar [[r.VolumetricFog.GridPixelSize:8]]
[2021.02.12-16.24.23:384][  0]LogConfig: Setting CVar [[r.VolumetricFog.GridSizeZ:128]]
[2021.02.12-16.24.23:384][  0]LogConfig: Setting CVar [[r.VolumetricFog.HistoryMissSupersampleCount:4]]
[2021.02.12-16.24.23:384][  0]LogConfig: Setting CVar [[r.LightMaxDrawDistanceScale:1]]
[2021.02.12-16.24.23:384][  0]LogConfig: Setting CVar [[r.CapsuleShadows:1]]
[2021.02.12-16.24.23:384][  0]LogConfig: Applying CVar settings from Section [PostProcessQuality@3] File [D:/UPGitHubRepo/2021-yr1-Team-Rem/NameLessMaze/Saved/Config/Windows/Scalability.ini]
[2021.02.12-16.24.23:384][  0]LogConfig: Setting CVar [[r.MotionBlurQuality:4]]
[2021.02.12-16.24.23:384][  0]LogConfig: Setting CVar [[r.AmbientOcclusionMipLevelFactor:0.4]]
[2021.02.12-16.24.23:384][  0]LogConfig: Setting CVar [[r.AmbientOcclusionMaxQuality:100]]
[2021.02.12-16.24.23:384][  0]LogConfig: Setting CVar [[r.AmbientOcclusionLevels:-1]]
[2021.02.12-16.24.23:384][  0]LogConfig: Setting CVar [[r.AmbientOcclusionRadiusScale:1.0]]
[2021.02.12-16.24.23:384][  0]LogConfig: Setting CVar [[r.DepthOfFieldQuality:2]]
[2021.02.12-16.24.23:384][  0]LogConfig: Setting CVar [[r.RenderTargetPoolMin:400]]
[2021.02.12-16.24.23:384][  0]LogConfig: Setting CVar [[r.LensFlareQuality:2]]
[2021.02.12-16.24.23:384][  0]LogConfig: Setting CVar [[r.SceneColorFringeQuality:1]]
[2021.02.12-16.24.23:384][  0]LogConfig: Setting CVar [[r.EyeAdaptationQuality:2]]
[2021.02.12-16.24.23:384][  0]LogConfig: Setting CVar [[r.BloomQuality:5]]
[2021.02.12-16.24.23:384][  0]LogConfig: Setting CVar [[r.FastBlurThreshold:100]]
[2021.02.12-16.24.23:384][  0]LogConfig: Setting CVar [[r.Upscale.Quality:3]]
[2021.02.12-16.24.23:384][  0]LogConfig: Setting CVar [[r.Tonemapper.GrainQuantization:1]]
[2021.02.12-16.24.23:384][  0]LogConfig: Setting CVar [[r.LightShaftQuality:1]]
[2021.02.12-16.24.23:384][  0]LogConfig: Setting CVar [[r.Filter.SizeScale:1]]
[2021.02.12-16.24.23:384][  0]LogConfig: Setting CVar [[r.Tonemapper.Quality:5]]
[2021.02.12-16.24.23:384][  0]LogConfig: Setting CVar [[r.DOF.Gather.AccumulatorQuality:1        ; higher gathering accumulator quality]]
[2021.02.12-16.24.23:384][  0]LogConfig: Setting CVar [[r.DOF.Gather.PostfilterMethod:1          ; Median3x3 postfilering method]]
[2021.02.12-16.24.23:384][  0]LogConfig: Setting CVar [[r.DOF.Gather.EnableBokehSettings:0       ; no bokeh simulation when gathering]]
[2021.02.12-16.24.23:384][  0]LogConfig: Setting CVar [[r.DOF.Gather.RingCount:4                 ; medium number of samples when gathering]]
[2021.02.12-16.24.23:384][  0]LogConfig: Setting CVar [[r.DOF.Scatter.ForegroundCompositing:1    ; additive foreground scattering]]
[2021.02.12-16.24.23:384][  0]LogConfig: Setting CVar [[r.DOF.Scatter.BackgroundCompositing:2    ; additive background scattering]]
[2021.02.12-16.24.23:384][  0]LogConfig: Setting CVar [[r.DOF.Scatter.EnableBokehSettings:1      ; bokeh simulation when scattering]]
[2021.02.12-16.24.23:384][  0]LogConfig: Setting CVar [[r.DOF.Scatter.MaxSpriteRatio:0.1         ; only a maximum of 10% of scattered bokeh]]
[2021.02.12-16.24.23:384][  0]LogConfig: Setting CVar [[r.DOF.Recombine.Quality:1                ; cheap slight out of focus]]
[2021.02.12-16.24.23:384][  0]LogConfig: Setting CVar [[r.DOF.Recombine.EnableBokehSettings:0    ; no bokeh simulation on slight out of focus]]
[2021.02.12-16.24.23:384][  0]LogConfig: Setting CVar [[r.DOF.TemporalAAQuality:1                ; more stable temporal accumulation]]
[2021.02.12-16.24.23:384][  0]LogConfig: Setting CVar [[r.DOF.Kernel.MaxForegroundRadius:0.025]]
[2021.02.12-16.24.23:384][  0]LogConfig: Setting CVar [[r.DOF.Kernel.MaxBackgroundRadius:0.025]]
[2021.02.12-16.24.23:384][  0]LogConfig: Applying CVar settings from Section [TextureQuality@3] File [D:/UPGitHubRepo/2021-yr1-Team-Rem/NameLessMaze/Saved/Config/Windows/Scalability.ini]
[2021.02.12-16.24.23:384][  0]LogConfig: Setting CVar [[r.Streaming.MipBias:0]]
[2021.02.12-16.24.23:384][  0]LogConfig: Setting CVar [[r.Streaming.AmortizeCPUToGPUCopy:0]]
[2021.02.12-16.24.23:384][  0]LogConfig: Setting CVar [[r.Streaming.MaxNumTexturesToStreamPerFrame:0]]
[2021.02.12-16.24.23:384][  0]LogConfig: Setting CVar [[r.Streaming.Boost:1]]
[2021.02.12-16.24.23:384][  0]LogConfig: Setting CVar [[r.MaxAnisotropy:8]]
[2021.02.12-16.24.23:384][  0]LogConfig: Setting CVar [[r.VT.MaxAnisotropy:8]]
[2021.02.12-16.24.23:384][  0]LogConfig: Setting CVar [[r.Streaming.LimitPoolSizeToVRAM:0]]
[2021.02.12-16.24.23:384][  0]LogConfig: Setting CVar [[r.Streaming.PoolSize:1000]]
[2021.02.12-16.24.23:384][  0]LogConfig: Setting CVar [[r.Streaming.MaxEffectiveScreenSize:0]]
[2021.02.12-16.24.23:384][  0]LogConfig: Applying CVar settings from Section [EffectsQuality@3] File [D:/UPGitHubRepo/2021-yr1-Team-Rem/NameLessMaze/Saved/Config/Windows/Scalability.ini]
[2021.02.12-16.24.23:384][  0]LogConfig: Setting CVar [[r.TranslucencyLightingVolumeDim:64]]
[2021.02.12-16.24.23:384][  0]LogConfig: Setting CVar [[r.RefractionQuality:2]]
[2021.02.12-16.24.23:384][  0]LogConfig: Setting CVar [[r.SSR.Quality:3]]
[2021.02.12-16.24.23:384][  0]LogConfig: Setting CVar [[r.SSR.HalfResSceneColor:0]]
[2021.02.12-16.24.23:384][  0]LogConfig: Setting CVar [[r.SceneColorFormat:4]]
[2021.02.12-16.24.23:384][  0]LogConfig: Setting CVar [[r.DetailMode:2]]
[2021.02.12-16.24.23:384][  0]LogConfig: Setting CVar [[r.TranslucencyVolumeBlur:1]]
[2021.02.12-16.24.23:384][  0]LogConfig: Setting CVar [[r.MaterialQualityLevel:1 ; High quality]]
[2021.02.12-16.24.23:384][  0]LogConfig: Setting CVar [[r.SSS.Scale:1]]
[2021.02.12-16.24.23:384][  0]LogConfig: Setting CVar [[r.SSS.SampleSet:2]]
[2021.02.12-16.24.23:384][  0]LogConfig: Setting CVar [[r.SSS.Quality:1]]
[2021.02.12-16.24.23:384][  0]LogConfig: Setting CVar [[r.SSS.HalfRes:0]]
[2021.02.12-16.24.23:384][  0]LogConfig: Setting CVar [[r.SSGI.Quality:3]]
[2021.02.12-16.24.23:385][  0]LogConfig: Setting CVar [[r.EmitterSpawnRateScale:1.0]]
[2021.02.12-16.24.23:385][  0]LogConfig: Setting CVar [[r.ParticleLightQuality:2]]
[2021.02.12-16.24.23:385][  0]LogConfig: Setting CVar [[r.SkyAtmosphere.AerialPerspectiveLUT.FastApplyOnOpaque:1 ; Always have FastSkyLUT 1 in this case to avoid wrong sky]]
[2021.02.12-16.24.23:385][  0]LogConfig: Setting CVar [[r.SkyAtmosphere.AerialPerspectiveLUT.SampleCountPerSlice:1]]
[2021.02.12-16.24.23:385][  0]LogConfig: Setting CVar [[r.SkyAtmosphere.AerialPerspectiveLUT.DepthResolution:16.0]]
[2021.02.12-16.24.23:385][  0]LogConfig: Setting CVar [[r.SkyAtmosphere.FastSkyLUT:1]]
[2021.02.12-16.24.23:385][  0]LogConfig: Setting CVar [[r.SkyAtmosphere.FastSkyLUT.SampleCountMin:4.0]]
[2021.02.12-16.24.23:385][  0]LogConfig: Setting CVar [[r.SkyAtmosphere.FastSkyLUT.SampleCountMax:32.0]]
[2021.02.12-16.24.23:385][  0]LogConfig: Setting CVar [[r.SkyAtmosphere.SampleCountMin:4.0]]
[2021.02.12-16.24.23:385][  0]LogConfig: Setting CVar [[r.SkyAtmosphere.SampleCountMax:32.0]]
[2021.02.12-16.24.23:385][  0]LogConfig: Setting CVar [[r.SkyAtmosphere.TransmittanceLUT.UseSmallFormat:0]]
[2021.02.12-16.24.23:385][  0]LogConfig: Setting CVar [[r.SkyAtmosphere.TransmittanceLUT.SampleCount:10.0]]
[2021.02.12-16.24.23:385][  0]LogConfig: Setting CVar [[r.SkyAtmosphere.MultiScatteringLUT.SampleCount:15.0]]
[2021.02.12-16.24.23:385][  0]LogConfig: Applying CVar settings from Section [FoliageQuality@3] File [D:/UPGitHubRepo/2021-yr1-Team-Rem/NameLessMaze/Saved/Config/Windows/Scalability.ini]
[2021.02.12-16.24.23:385][  0]LogConfig: Setting CVar [[foliage.DensityScale:1.0]]
[2021.02.12-16.24.23:385][  0]LogConfig: Setting CVar [[grass.DensityScale:1.0]]
[2021.02.12-16.24.23:385][  0]LogConfig: Applying CVar settings from Section [ShadingQuality@3] File [D:/UPGitHubRepo/2021-yr1-Team-Rem/NameLessMaze/Saved/Config/Windows/Scalability.ini]
[2021.02.12-16.24.23:385][  0]LogConfig: Setting CVar [[r.HairStrands.SkyLighting.SampleCount:16]]
[2021.02.12-16.24.23:385][  0]LogConfig: Setting CVar [[r.HairStrands.SkyLighting.JitterIntegration:0]]
[2021.02.12-16.24.23:385][  0]LogConfig: Setting CVar [[r.HairStrands.SkyAO.SampleCount:16]]
[2021.02.12-16.24.23:385][  0]LogConfig: Setting CVar [[r.HairStrands.DeepShadow.SuperSampling:0]]
[2021.02.12-16.24.23:385][  0]LogConfig: Setting CVar [[r.HairStrands.VisibilityPPLL:0]]
[2021.02.12-16.24.23:385][  0]LogConfig: Setting CVar [[r.HairStrands.RasterizationScale:0.5]]
[2021.02.12-16.24.23:385][  0]LogConfig: Setting CVar [[r.HairStrands.VelocityRasterizationScale:1]]
[2021.02.12-16.24.23:385][  0]LogConfig: Applying CVar settings from Section [Startup] File [../../../Engine/Config/ConsoleVariables.ini]
[2021.02.12-16.24.23:418][  0]LogConfig: Setting CVar [[net.UseAdaptiveNetUpdateFrequency:0]]
[2021.02.12-16.24.23:418][  0]LogConfig: Setting CVar [[p.chaos.AllowCreatePhysxBodies:1]]
[2021.02.12-16.24.23:418][  0]LogConfig: Setting CVar [[fx.SkipVectorVMBackendOptimizations:1]]
[2021.02.12-16.24.23:418][  0]LogConfig: Applying CVar settings from Section [ConsoleVariables] File [D:/UPGitHubRepo/2021-yr1-Team-Rem/NameLessMaze/Saved/Config/Windows/Engine.ini]
[2021.02.12-16.24.23:418][  0]LogInit: Computer: DESKTOP-J54LMD8
[2021.02.12-16.24.23:418][  0]LogInit: User: opald
[2021.02.12-16.24.23:418][  0]LogInit: CPU Page size=4096, Cores=4
[2021.02.12-16.24.23:418][  0]LogInit: High frequency timer resolution =10.000000 MHz
[2021.02.12-16.24.23:418][  0]LogMemory: Memory total: Physical=15.9GB (16GB approx)
[2021.02.12-16.24.23:418][  0]LogMemory: Platform Memory Stats for Windows
[2021.02.12-16.24.23:418][  0]LogMemory: Process Physical Memory: 115.68 MB used, 115.68 MB peak
[2021.02.12-16.24.23:418][  0]LogMemory: Process Virtual Memory: 96.02 MB used, 96.02 MB peak
[2021.02.12-16.24.23:418][  0]LogMemory: Physical Memory: 5339.83 MB used,  10984.22 MB free, 16324.05 MB total
[2021.02.12-16.24.23:418][  0]LogMemory: Virtual Memory: 5144.87 MB used,  134212584.00 MB free, 134217728.00 MB total
[2021.02.12-16.24.23:427][  0]LogWindows: WindowsPlatformFeatures enabled
[2021.02.12-16.24.26:600][  0]LogInit: Physics initialised using underlying interface: PhysX
[2021.02.12-16.24.26:858][  0]LogInit: Using OS detected language (en-GB).
[2021.02.12-16.24.26:858][  0]LogInit: Using OS detected locale (en-GB).
[2021.02.12-16.24.28:732][  0]LogTextLocalizationManager: No specific localization for 'en-GB' exists, so the 'en' localization will be used.
[2021.02.12-16.24.32:505][  0]LogInit: Setting process to per monitor DPI aware
[2021.02.12-16.24.34:017][  0]LogSlate: New Slate User Created.  User Index 0, Is Virtual User: 0
[2021.02.12-16.24.34:017][  0]LogSlate: Slate User Registered.  User Index 0, Is Virtual User: 0
[2021.02.12-16.24.42:155][  0]LogHMD: Failed to initialize OpenVR with code 126
[2021.02.12-16.24.42:155][  0]LogD3D11RHI: D3D11 min allowed feature level: 11_0
[2021.02.12-16.24.42:155][  0]LogD3D11RHI: D3D11 max allowed feature level: 11_0
[2021.02.12-16.24.42:155][  0]LogD3D11RHI: D3D11 adapters:
[2021.02.12-16.24.43:016][  0]LogD3D11RHI:    0. 'NVIDIA GeForce GTX 1070' (Feature Level 11_0)
[2021.02.12-16.24.43:016][  0]LogD3D11RHI:       8088/0/8162 MB DedicatedVideo/DedicatedSystem/SharedSystem, Outputs:3, VendorId:0x10de
[2021.02.12-16.24.43:096][  0]LogD3D11RHI:    1. 'Microsoft Basic Render Driver' (Feature Level 11_0)
[2021.02.12-16.24.43:096][  0]LogD3D11RHI:       0/0/8162 MB DedicatedVideo/DedicatedSystem/SharedSystem, Outputs:0, VendorId:0x1414
[2021.02.12-16.24.43:096][  0]LogD3D11RHI: Chosen D3D11 Adapter: 0
[2021.02.12-16.24.43:105][  0]LogD3D11RHI: Creating new Direct3DDevice
[2021.02.12-16.24.43:105][  0]LogD3D11RHI:     GPU DeviceId: 0x1b81 (for the marketing name, search the web for "GPU Device Id")
[2021.02.12-16.24.43:105][  0]LogWindows: EnumDisplayDevices:
[2021.02.12-16.24.43:105][  0]LogWindows:    0. 'NVIDIA GeForce GTX 1070' (P:1 D:1)
[2021.02.12-16.24.43:106][  0]LogWindows:    1. 'NVIDIA GeForce GTX 1070' (P:0 D:1)
[2021.02.12-16.24.43:106][  0]LogWindows:    2. 'NVIDIA GeForce GTX 1070' (P:0 D:1)
[2021.02.12-16.24.43:106][  0]LogWindows:    3. 'NVIDIA GeForce GTX 1070' (P:0 D:0)
[2021.02.12-16.24.43:107][  0]LogWindows: DebugString: FoundDriverCount:4 
[2021.02.12-16.24.43:107][  0]LogD3D11RHI:     Adapter Name: NVIDIA GeForce GTX 1070
[2021.02.12-16.24.43:107][  0]LogD3D11RHI:   Driver Version: 461.40 (internal:27.21.14.6140, unified:461.40)
[2021.02.12-16.24.43:107][  0]LogD3D11RHI:      Driver Date: 1-22-2021
[2021.02.12-16.24.43:107][  0]LogRHI: Texture pool is 5661 MB (70% of 8088 MB)
[2021.02.12-16.24.43:950][  0]LogD3D11RHI: RHI has support for 64 bit atomics
[2021.02.12-16.24.43:985][  0]LogD3D11RHI: Async texture creation enabled
[2021.02.12-16.24.43:985][  0]LogD3D11RHI: Array index from any shader is supported
[2021.02.12-16.24.46:077][  0]LogD3D11RHI: GPU Timing Frequency: 1000.000000 (Debug: 2 1)
[2021.02.12-16.24.56:532][  0]LogTargetPlatformManager: Display: Loaded TargetPlatform 'AllDesktop'
[2021.02.12-16.24.57:351][  0]LogTargetPlatformManager: Display: Loaded TargetPlatform 'Android'
[2021.02.12-16.24.57:352][  0]LogTargetPlatformManager: Display: Loaded TargetPlatform 'Android_ASTC'
[2021.02.12-16.24.57:352][  0]LogTargetPlatformManager: Display: Loaded TargetPlatform 'Android_DXT'
[2021.02.12-16.24.57:352][  0]LogTargetPlatformManager: Display: Loaded TargetPlatform 'Android_ETC2'
[2021.02.12-16.24.57:352][  0]LogTargetPlatformManager: Display: Loaded TargetPlatform 'AndroidClient'
[2021.02.12-16.24.57:352][  0]LogTargetPlatformManager: Display: Loaded TargetPlatform 'Android_ASTCClient'
[2021.02.12-16.24.57:352][  0]LogTargetPlatformManager: Display: Loaded TargetPlatform 'Android_DXTClient'
[2021.02.12-16.24.57:352][  0]LogTargetPlatformManager: Display: Loaded TargetPlatform 'Android_ETC2Client'
[2021.02.12-16.24.57:352][  0]LogTargetPlatformManager: Display: Loaded TargetPlatform 'Android_Multi'
[2021.02.12-16.24.57:352][  0]LogTargetPlatformManager: Display: Loaded TargetPlatform 'Android_MultiClient'
[2021.02.12-16.24.58:212][  0]LogTargetPlatformManager: Display: Loaded TargetPlatform 'IOSClient'
[2021.02.12-16.24.58:212][  0]LogTargetPlatformManager: Display: Loaded TargetPlatform 'IOS'
[2021.02.12-16.24.58:378][  0]LogTargetPlatformManager: Display: Loaded TargetPlatform 'Linux'
[2021.02.12-16.24.58:482][  0]LogTargetPlatformManager: Display: Loaded TargetPlatform 'LinuxNoEditor'
[2021.02.12-16.24.58:523][  0]LogTargetPlatformManager: Display: Loaded TargetPlatform 'LinuxClient'
[2021.02.12-16.24.58:570][  0]LogTargetPlatformManager: Display: Loaded TargetPlatform 'LinuxServer'
[2021.02.12-16.24.58:609][  0]LogTargetPlatformManager: Display: Loaded TargetPlatform 'LinuxAArch64NoEditor'
[2021.02.12-16.24.58:677][  0]LogTargetPlatformManager: Display: Loaded TargetPlatform 'LinuxAArch64Client'
[2021.02.12-16.24.58:754][  0]LogTargetPlatformManager: Display: Loaded TargetPlatform 'LinuxAArch64Server'
[2021.02.12-16.24.58:814][  0]LogTargetPlatformManager: Display: Loaded TargetPlatform 'Lumin'
[2021.02.12-16.24.58:814][  0]LogTargetPlatformManager: Display: Loaded TargetPlatform 'LuminClient'
[2021.02.12-16.24.58:831][  0]LogTargetPlatformManager: Display: Loaded TargetPlatform 'TVOSClient'
[2021.02.12-16.24.58:831][  0]LogTargetPlatformManager: Display: Loaded TargetPlatform 'TVOS'
[2021.02.12-16.24.58:902][  0]LogTargetPlatformManager: Display: Loaded TargetPlatform 'WindowsNoEditor'
[2021.02.12-16.24.59:038][  0]LogTargetPlatformManager: Display: Loaded TargetPlatform 'Windows'
[2021.02.12-16.24.59:101][  0]LogTargetPlatformManager: Display: Loaded TargetPlatform 'WindowsClient'
[2021.02.12-16.24.59:160][  0]LogTargetPlatformManager: Display: Loaded TargetPlatform 'WindowsServer'
[2021.02.12-16.24.59:160][  0]LogTargetPlatformManager: Display: Building Assets For Windows
[2021.02.12-16.24.59:403][  0]LogAudioDebug: Display: Lib vorbis DLL was dynamically loaded.
[2021.02.12-16.25.03:380][  0]LogShaderCompilers: Guid format shader working directory is -13 characters bigger than the processId version (../../../../../UPGitHubRepo/2021-yr1-Team-Rem/NameLessMaze/Intermediate/Shaders/WorkingDirectory/16888/).
[2021.02.12-16.25.03:409][  0]LogShaderCompilers: Cleaned the shader compiler working directory 'C:/Users/opald/AppData/Local/Temp/UnrealShaderWorkingDir/D9AC7EB04AFB323F109BB3B0D4677B05/'.
[2021.02.12-16.25.03:454][  0]LogXGEController: Cleaning working directory: C:/Users/opald/AppData/Local/Temp/UnrealXGEWorkingDir/
[2021.02.12-16.25.03:456][  0]LogXGEController: Cannot use XGE Controller as Incredibuild is not installed on this machine.
[2021.02.12-16.25.03:456][  0]LogShaderCompilers: Cannot use XGE Shader Compiler as Incredibuild is not installed on this machine.
[2021.02.12-16.25.03:456][  0]LogShaderCompilers: Display: Using Local Shader Compiler.
[2021.02.12-16.25.22:747][  0]LogDerivedDataCache: Display: Max Cache Size: 512 MB
[2021.02.12-16.25.22:982][  0]LogDerivedDataCache: Loaded boot cache 0.24s 76MB C:/Users/opald/AppData/Local/UnrealEngine/4.25/DerivedDataCache/Boot.ddc.
[2021.02.12-16.25.22:982][  0]LogDerivedDataCache: Display: Loaded Boot cache: C:/Users/opald/AppData/Local/UnrealEngine/4.25/DerivedDataCache/Boot.ddc
[2021.02.12-16.25.23:124][  0]LogDerivedDataCache: FDerivedDataBackendGraph:  Pak pak cache file ../../../../../UPGitHubRepo/2021-yr1-Team-Rem/NameLessMaze/DerivedDataCache/DDC.ddp not found, will not use a pak cache.
[2021.02.12-16.25.23:124][  0]LogDerivedDataCache: Unable to find inner node Pak for hierarchical cache Hierarchy.
[2021.02.12-16.25.23:124][  0]LogDerivedDataCache: FDerivedDataBackendGraph:  CompressedPak pak cache file ../../../../../UPGitHubRepo/2021-yr1-Team-Rem/NameLessMaze/DerivedDataCache/Compressed.ddp not found, will not use a pak cache.
[2021.02.12-16.25.23:124][  0]LogDerivedDataCache: Unable to find inner node CompressedPak for hierarchical cache Hierarchy.
[2021.02.12-16.25.23:378][  0]LogDerivedDataCache: Display: Pak cache opened for reading ../../../Engine/DerivedDataCache/Compressed.ddp.
[2021.02.12-16.25.23:378][  0]LogDerivedDataCache: FDerivedDataBackendGraph:  EnterprisePak pak cache file ../../../Enterprise/DerivedDataCache/Compressed.ddp not found, will not use a pak cache.
[2021.02.12-16.25.23:379][  0]LogDerivedDataCache: Unable to find inner node EnterprisePak for hierarchical cache Hierarchy.
[2021.02.12-16.25.23:381][  0]LogDerivedDataCache: Using Local data cache path C:/Users/opald/AppData/Local/UnrealEngine/Common/DerivedDataCache: Writable
[2021.02.12-16.25.23:381][  0]LogDerivedDataCache: Shared data cache path not found in *engine.ini, will not use an Shared cache.
[2021.02.12-16.25.23:381][  0]LogDerivedDataCache: Unable to find inner node Shared for hierarchical cache Hierarchy.
[2021.02.12-16.25.23:635][  0]LogSlate: Using FreeType 2.10.0
[2021.02.12-16.25.23:635][  0]LogSlate: SlateFontServices - WITH_FREETYPE: 1, WITH_HARFBUZZ: 1
[2021.02.12-16.25.25:639][  0]LogAssetRegistry: FAssetRegistry took 0.0065 seconds to start up
[2021.02.12-16.25.33:156][  0]LogInit: Selected Device Profile: [Windows]
[2021.02.12-16.25.40:216][  0]LogMeshReduction: Using QuadricMeshReduction for automatic static mesh reduction
[2021.02.12-16.25.40:216][  0]LogMeshReduction: Using SimplygonMeshReduction for automatic skeletal mesh reduction
[2021.02.12-16.25.40:216][  0]LogMeshReduction: Using ProxyLODMeshReduction for automatic mesh merging
[2021.02.12-16.25.40:216][  0]LogMeshReduction: No distributed automatic mesh merging module available
[2021.02.12-16.25.40:385][  0]LogMeshMerging: No distributed automatic mesh merging module available
[2021.02.12-16.25.42:400][  0]LogNetVersion: NameLessMaze 1.0.0, NetCL: 13144385, EngineNetVer: 14, GameNetVer: 0 (Checksum: 2829512808)
[2021.02.12-16.26.21:222][  0]LogAISub: UAISubsystem::UAISubsystem AISubsystem (000001BA63E8E9C0), frame # 0
[2021.02.12-16.26.21:222][  0]LogAISub: UAISubsystem::UAISubsystem AIPerceptionSystem (000001BA63D4AAC0), frame # 0
[2021.02.12-16.26.21:628][  0]LogAISub: UAISubsystem::UAISubsystem EnvQueryManager (000001BA63D95C00), frame # 0
[2021.02.12-16.26.22:864][  0]LogPackageLocalizationCache: Processed 20 localized package path(s) for 1 prioritized culture(s) in 0.328644 seconds
[2021.02.12-16.26.22:892][  0]LogUObjectArray: 15917 objects as part of root set at end of initial load.
[2021.02.12-16.26.22:892][  0]LogUObjectAllocator: 3965568 out of 0 bytes used by permanent object pool.
[2021.02.12-16.26.22:892][  0]LogUObjectArray: CloseDisregardForGC: 0/0 objects in disregard for GC pool
[2021.02.12-16.26.40:836][  0]LogTcpMessaging: Initializing TcpMessaging bridge
[2021.02.12-16.26.40:857][  0]LogUdpMessaging: Initializing bridge on interface 0.0.0.0:0 to multicast group 230.0.0.1:6666.
[2021.02.12-16.26.42:738][  0]SourceControl: Source control is disabled
[2021.02.12-16.26.42:738][  0]SourceControl: Source control is disabled
[2021.02.12-16.26.42:861][  0]SourceControl: Source control is disabled
[2021.02.12-16.26.42:892][  0]SourceControl: Source control is disabled
[2021.02.12-16.26.42:948][  0]SourceControl: Source control is disabled
[2021.02.12-16.26.48:086][  0]LogAndroidPermission: UAndroidPermissionCallbackProxy::GetInstance
[2021.02.12-16.26.48:257][  0]LogAudioCaptureCore: Display: No Audio Capture implementations found. Audio input will be silent.
[2021.02.12-16.26.48:257][  0]LogAudioCaptureCore: Display: No Audio Capture implementations found. Audio input will be silent.
[2021.02.12-16.26.48:565][  0]LogOcInput: OculusInput pre-init called
[2021.02.12-16.26.48:694][  0]LogWindows: Failed to load 'OVRPlugin.dll' (GetLastError=126)
[2021.02.12-16.26.48:694][  0]LogWindows: File 'OVRPlugin.dll' does not exist
[2021.02.12-16.26.49:982][  0]LogEngine: Initializing Engine...
[2021.02.12-16.26.50:151][  0]LogHMD: Failed to initialize OpenVR with code 126
[2021.02.12-16.26.50:151][  0]LogMagicLeap: Warning: VR disabled because ZI is not enabled.  To enable, in the editor, Edit -> Project Settings -> Plugins -> Magic Leap Plugin -> Enable Zero Iteration
[2021.02.12-16.26.50:268][  0]LogStats: UGameplayTagsManager::InitializeManager -  0.034 s
[2021.02.12-16.26.51:608][  0]LogInit: Initializing FReadOnlyCVARCache
[2021.02.12-16.26.52:772][  0]LogAIModule: Creating AISystem for world Untitled
[2021.02.12-16.26.52:772][  0]LogAISub: UAISubsystem::UAISubsystem EnvQueryManager (000001BA69D51200), frame # 0
[2021.02.12-16.26.52:792][  0]LogAISub: UAISubsystem::UAISubsystem AIPerceptionSystem (000001BA69D847C0), frame # 0
[2021.02.12-16.26.52:932][  0]LogAudioMixer: Display: Audio Mixer Platform Settings:
[2021.02.12-16.26.52:932][  0]LogAudioMixer: Display: 	Sample Rate:						  48000
[2021.02.12-16.26.52:932][  0]LogAudioMixer: Display: 	Callback Buffer Frame Size Requested: 1024
[2021.02.12-16.26.52:932][  0]LogAudioMixer: Display: 	Callback Buffer Frame Size To Use:	  1024
[2021.02.12-16.26.52:932][  0]LogAudioMixer: Display: 	Number of buffers to queue:			  2
[2021.02.12-16.26.52:932][  0]LogAudioMixer: Display: 	Max Channels (voices):				  32
[2021.02.12-16.26.52:932][  0]LogAudioMixer: Display: 	Number of Async Source Workers:		  0
[2021.02.12-16.26.52:932][  0]LogAudio: Display: AudioDevice MaxSources: 32
[2021.02.12-16.26.52:941][  0]LogAudio: Display: Using built-in audio occlusion.
[2021.02.12-16.26.52:941][  0]LogAudioMixer: Display: Initializing audio mixer.
[2021.02.12-16.26.53:115][  0]LogAudioMixer: Display: 0: FrontLeft
[2021.02.12-16.26.53:115][  0]LogAudioMixer: Display: 1: FrontRight
[2021.02.12-16.26.53:170][  0]LogAudioMixer: Display: Using Audio Device Headset Earphone (HyperX Virtual Surround Sound)
[2021.02.12-16.26.53:216][  0]LogAudioMixer: Display: Initializing Sound Submixes...
[2021.02.12-16.26.53:284][  0]LogAudioMixer: Display: Creating Master Submix 'MasterSubmixDefault'
[2021.02.12-16.26.53:284][  0]LogAudioMixer: Display: Creating Master Submix 'MasterReverbSubmixDefault'
[2021.02.12-16.26.53:305][  0]LogAudioMixer: Display: Creating Master Submix 'MasterEQSubmixDefault'
[2021.02.12-16.26.53:306][  0]LogInit: FAudioDevice initialized.
[2021.02.12-16.26.53:348][  0]LogNetVersion: Set ProjectVersion to 1.0.0.0. Version Checksum will be recalculated on next use.
[2021.02.12-16.26.53:473][  0]LogDerivedDataCache: Saved boot cache 0.13s 76MB C:/Users/opald/AppData/Local/UnrealEngine/4.25/DerivedDataCache/Boot.ddc.
[2021.02.12-16.26.53:473][  0]LogInit: Texture streaming: Enabled
[2021.02.12-16.26.53:662][  0]LogEngineSessionManager: EngineSessionManager initialized
[2021.02.12-16.26.53:662][  0]LogEngineSessionManager: EngineSessionManager sent abnormal shutdown report. Type=Crashed, SessionId={B0127AE8-4CE0-54B5-3E2F-0B9C0F37FB6F}
[2021.02.12-16.26.53:662][  0]LogEditorSessionSummary: Verbose: Initializing EditorSessionSummaryWriter for editor session tracking
[2021.02.12-16.26.53:695][  0]LogEditorSessionSummary: EditorSessionSummaryWriter initialized
[2021.02.12-16.26.54:139][  0]LogInit: Transaction tracking system initialized
[2021.02.12-16.26.54:506][  0]BlueprintLog: New page: Editor Load
[2021.02.12-16.26.56:326][  0]LocalizationService: Localization service is disabled
[2021.02.12-16.27.02:871][  0]LogFileCache: Scanning file cache for directory 'D:/UPGitHubRepo/2021-yr1-Team-Rem/NameLessMaze/Content/' took 0.04s
[2021.02.12-16.27.02:871][  0]LogCook: Display: Max memory allowance for cook 16384mb min free memory 0mb
[2021.02.12-16.27.02:871][  0]LogCook: Display: Mobile HDR setting 1
[2021.02.12-16.27.12:808][  0]SourceControl: Source control is disabled
[2021.02.12-16.27.13:460][  0]LogSlate: Took 0.000177 seconds to synchronously load lazily loaded font '../../../Engine/Content/Slate/Fonts/Roboto-Regular.ttf' (155K)
[2021.02.12-16.27.48:552][  0]LogSlate: Window 'Restore Packages' being destroyed
[2021.02.12-16.27.48:552][  0]LogWindowsTextInputMethodSystem: Display: IME system now deactivated.
[2021.02.12-16.27.48:831][  0]LogWindowsTextInputMethodSystem: Display: IME system now deactivated.
[2021.02.12-16.27.50:455][  0]LogSlate: Window 'Unable to Check Out From Source Control!' being destroyed
[2021.02.12-16.27.50:455][  0]LogWindowsTextInputMethodSystem: Display: IME system now deactivated.
[2021.02.12-16.27.50:461][  0]Message dialog closed, result: Ok, title: Unable to Check Out From Source Control!, text: The following assets could not be successfully checked out from source control:
/Game/FirstPersonBP/Maps/FirstMap
[2021.02.12-16.27.50:930][  0]LogWindowsTextInputMethodSystem: Display: IME system now deactivated.
[2021.02.12-16.27.50:932][  0]LogUnrealEdMisc: Loading editor; pre map load, took 355.191
[2021.02.12-16.27.51:067][  0]Cmd: MAP LOAD FILE="../../../../../UPGitHubRepo/2021-yr1-Team-Rem/NameLessMaze/Content/FirstPersonBP/Maps/FirstPersonExampleMap.umap" TEMPLATE=0 SHOWPROGRESS=1 FEATURELEVEL=3
[2021.02.12-16.27.51:217][  0]LogEditorServer: Warning: Can't find file '../../../../../UPGitHubRepo/2021-yr1-Team-Rem/NameLessMaze/Content/FirstPersonBP/Maps/FirstPersonExampleMap.umap'
[2021.02.12-16.27.51:217][  0]Cmd: MAP CHECKDEP NOCLEARLOG
[2021.02.12-16.27.51:218][  0]MapCheck: Map check complete: 0 Error(s), 0 Warning(s), took 1.091ms to complete.
[2021.02.12-16.27.51:218][  0]LogFileHelpers: Loading map 'FirstPersonExampleMap' took 0.266
[2021.02.12-16.27.53:993][  0]LogUnrealEdMisc: Total Editor Startup Time, took 358.252
[2021.02.12-16.27.54:557][  0]LogSlate: Updating window title bar state: overlay mode, drag disabled, window buttons hidden, title bar hidden
[2021.02.12-16.27.54:566][  0]LogSlate: Updating window title bar state: overlay mode, drag disabled, window buttons hidden, title bar hidden
[2021.02.12-16.27.54:573][  0]LogSlate: Updating window title bar state: overlay mode, drag disabled, window buttons hidden, title bar hidden
[2021.02.12-16.27.54:580][  0]LogSlate: Updating window title bar state: overlay mode, drag disabled, window buttons hidden, title bar hidden
[2021.02.12-16.27.54:759][  0]LogCollectionManager: Loaded 0 collections in 0.022262 seconds
[2021.02.12-16.27.54:885][  0]LogFileCache: Scanning file cache for directory 'D:/UPGitHubRepo/2021-yr1-Team-Rem/NameLessMaze/Saved/Collections/' took 0.00s
[2021.02.12-16.27.54:885][  0]LogFileCache: Scanning file cache for directory 'D:/UPGitHubRepo/2021-yr1-Team-Rem/NameLessMaze/Content/Developers/opald/Collections/' took 0.00s
[2021.02.12-16.27.54:885][  0]LogFileCache: Scanning file cache for directory 'D:/UPGitHubRepo/2021-yr1-Team-Rem/NameLessMaze/Content/Collections/' took 0.00s
[2021.02.12-16.27.54:885][  0]LogContentBrowser: Native class hierarchy populated in 0.0102 seconds. Added 3454 classes and 830 folders.
[2021.02.12-16.27.55:049][  0]LogContentBrowser: Native class hierarchy updated for 'WidgetCarousel' in 0.0003 seconds. Added 0 classes and 0 folders.
[2021.02.12-16.27.57:528][  0]LogContentBrowser: Native class hierarchy updated for 'AddContentDialog' in 0.0004 seconds. Added 0 classes and 0 folders.
[2021.02.12-16.27.57:615][  0]LogContentBrowser: Native class hierarchy updated for 'SceneOutliner' in 0.0004 seconds. Added 2 classes and 0 folders.
[2021.02.12-16.27.58:744][  0]LogSlate: Took 0.000277 seconds to synchronously load lazily loaded font '../../../Engine/Content/Slate/Fonts/Roboto-Bold.ttf' (160K)
[2021.02.12-16.27.58:824][  0]LogSlate: Took 0.017914 seconds to synchronously load lazily loaded font '../../../Engine/Content/Editor/Slate/Fonts/FontAwesome.ttf' (139K)
[2021.02.12-16.27.59:199][  0]LogRenderer: Reallocating scene render targets to support 1012x596 Format 10 NumSamples 1 (Frame:1).
[2021.02.12-16.27.59:574][  0]LogContentBrowser: Native class hierarchy updated for 'HierarchicalLODOutliner' in 0.0004 seconds. Added 0 classes and 0 folders.
[2021.02.12-16.27.59:574][  0]LogLoad: (Engine Initialization) Total time: 363.83 seconds
[2021.02.12-16.27.59:574][  0]LogLoad: (Engine Initialization) Total Blueprint compile time: 0.00 seconds
[2021.02.12-16.27.59:828][  0]LogContentStreaming: Texture pool size now 1000 MB
[2021.02.12-16.27.59:927][  0]LogSlate: Took 0.020089 seconds to synchronously load lazily loaded font '../../../Engine/Content/Slate/Fonts/Roboto-Light.ttf' (167K)
[2021.02.12-16.27.59:977][  1]LogAssetRegistry: Asset discovery search completed in 154.3390 seconds
[2021.02.12-16.27.59:981][  1]LogCollectionManager: Fixed up redirectors for 0 collections in 0.000002 seconds (updated 0 objects)
[2021.02.12-16.28.05:926][701]LogSlate: Took 0.000205 seconds to synchronously load lazily loaded font '../../../Engine/Content/Slate/Fonts/Roboto-Light.ttf' (167K)
[2021.02.12-16.28.07:857][701]LogAssetEditorSubsystem: Opening Asset editor for World /Game/FirstPersonBP/Maps/FirstMap.FirstMap
[2021.02.12-16.28.08:052][701]LogUObjectHash: Compacting FUObjectHashTables data took   0.94ms
[2021.02.12-16.28.08:054][701]Cmd: MAP LOAD FILE="../../../../../UPGitHubRepo/2021-yr1-Team-Rem/NameLessMaze/Content/FirstPersonBP/Maps/FirstMap.umap" TEMPLATE=0 SHOWPROGRESS=1 FEATURELEVEL=3
[2021.02.12-16.28.08:055][701]LightingResults: New page: Lighting Build
[2021.02.12-16.28.08:123][701]LogContentBrowser: Native class hierarchy updated for 'StatsViewer' in 0.0004 seconds. Added 6 classes and 0 folders.
[2021.02.12-16.28.08:123][701]LoadErrors: New page: Loading map: FirstMap.umap
[2021.02.12-16.28.08:126][701]LogWorld: UWorld::CleanupWorld for Untitled, bSessionEnded=true, bCleanupResources=true
[2021.02.12-16.28.08:143][701]LogSlate: InvalidateAllWidgets triggered.  All widgets were invalidated
[2021.02.12-16.28.08:143][701]MapCheck: New page: Map Check
[2021.02.12-16.28.08:143][701]LightingResults: New page: Lighting Build
[2021.02.12-16.28.08:217][701]LogAISub: UAISubsystem::~UAISubsystem EnvQueryManager (000001BA69D51200), frame # 701
[2021.02.12-16.28.08:217][701]LogAISub: UAISubsystem::~UAISubsystem AIPerceptionSystem (000001BA69D847C0), frame # 701
[2021.02.12-16.28.08:218][701]LogUObjectHash: Compacting FUObjectHashTables data took   1.14ms
[2021.02.12-16.28.08:574][701]LogEditorServer: Finished looking for orphan Actors (0.000 secs)
[2021.02.12-16.28.08:574][701]LogAIModule: Creating AISystem for world FirstMap
[2021.02.12-16.28.08:574][701]LogAISub: UAISubsystem::UAISubsystem EnvQueryManager (000001BA79548E00), frame # 701
[2021.02.12-16.28.08:574][701]LogAISub: UAISubsystem::UAISubsystem AIPerceptionSystem (000001BA7E35A840), frame # 701
[2021.02.12-16.28.08:699][701]LogUObjectHash: Compacting FUObjectHashTables data took   0.87ms
[2021.02.12-16.28.08:720][701]Cmd: MAP CHECKDEP NOCLEARLOG
[2021.02.12-16.28.08:721][701]MapCheck: Map check complete: 0 Error(s), 0 Warning(s), took 0.167ms to complete.
[2021.02.12-16.28.08:721][701]LogFileHelpers: Loading map 'FirstMap' took 0.667
[2021.02.12-16.28.16:078][538]LogTemp: Repeating last play command: New Editor Window (PIE)
[2021.02.12-16.28.16:117][538]LogPlayLevel: PlayLevel: No blueprints needed recompiling
[2021.02.12-16.28.16:122][538]PIE: New page: PIE session: FirstMap (12 Feb 2021, 18:28:16)
[2021.02.12-16.28.16:147][538]LogOnline: OSS: Creating online subsystem instance for: NULL
[2021.02.12-16.28.16:159][538]LogOnline: OSS: TryLoadSubsystemAndSetDefault: Loaded subsystem for module [NULL]
[2021.02.12-16.28.16:159][538]LogPlayLevel: Creating play world package: /Game/FirstPersonBP/Maps/UEDPIE_0_FirstMap
[2021.02.12-16.28.16:186][538]LogPlayLevel: PIE: StaticDuplicateObject took: (0.026852s)
[2021.02.12-16.28.16:188][538]LogAIModule: Creating AISystem for world FirstMap
[2021.02.12-16.28.16:188][538]LogAISub: UAISubsystem::UAISubsystem EnvQueryManager (000001BA0E7EDE00), frame # 1538
[2021.02.12-16.28.16:188][538]LogAISub: UAISubsystem::UAISubsystem AIPerceptionSystem (000001BA67C6D940), frame # 1538
[2021.02.12-16.28.16:189][538]LogPlayLevel: PIE: World Init took: (0.002195s)
[2021.02.12-16.28.16:189][538]LogPlayLevel: PIE: Created PIE world by copying editor world from /Game/FirstPersonBP/Maps/FirstMap.FirstMap to /Game/FirstPersonBP/Maps/UEDPIE_0_FirstMap.FirstMap (0.029307s)
[2021.02.12-16.28.16:200][538]LogUObjectHash: Compacting FUObjectHashTables data took   1.37ms
[2021.02.12-16.28.16:202][538]LogAudioMixer: Display: Audio Mixer Platform Settings:
[2021.02.12-16.28.16:202][538]LogAudioMixer: Display: 	Sample Rate:						  48000
[2021.02.12-16.28.16:202][538]LogAudioMixer: Display: 	Callback Buffer Frame Size Requested: 1024
[2021.02.12-16.28.16:202][538]LogAudioMixer: Display: 	Callback Buffer Frame Size To Use:	  1024
[2021.02.12-16.28.16:202][538]LogAudioMixer: Display: 	Number of buffers to queue:			  2
[2021.02.12-16.28.16:202][538]LogAudioMixer: Display: 	Max Channels (voices):				  32
[2021.02.12-16.28.16:202][538]LogAudioMixer: Display: 	Number of Async Source Workers:		  0
[2021.02.12-16.28.16:202][538]LogAudio: Display: AudioDevice MaxSources: 32
[2021.02.12-16.28.16:203][538]LogAudio: Display: Using built-in audio occlusion.
[2021.02.12-16.28.16:203][538]LogAudioMixer: Display: Initializing audio mixer.
[2021.02.12-16.28.16:210][538]LogAudioMixer: Display: 0: FrontLeft
[2021.02.12-16.28.16:210][538]LogAudioMixer: Display: 1: FrontRight
[2021.02.12-16.28.16:232][538]LogAudioMixer: Display: Using Audio Device Headset Earphone (HyperX Virtual Surround Sound)
[2021.02.12-16.28.16:232][538]LogAudioMixer: Display: Initializing Sound Submixes...
[2021.02.12-16.28.16:232][538]LogAudioMixer: Display: Creating Master Submix 'MasterSubmixDefault'
[2021.02.12-16.28.16:232][538]LogAudioMixer: Display: Creating Master Submix 'MasterReverbSubmixDefault'
[2021.02.12-16.28.16:233][538]LogAudioMixer: Display: Creating Master Submix 'MasterEQSubmixDefault'
[2021.02.12-16.28.16:244][538]LogInit: FAudioDevice initialized.
[2021.02.12-16.28.16:271][538]LogSlate: Updating window title bar state: overlay mode, drag disabled, window buttons hidden, title bar hidden
[2021.02.12-16.28.16:271][538]LogLoad: Game class is 'FirstPersonGameMode_C'
[2021.02.12-16.28.16:284][538]LogWorld: Bringing World /Game/FirstPersonBP/Maps/UEDPIE_0_FirstMap.FirstMap up for play (max tick rate 0) at 2021.02.12-17.28.16
[2021.02.12-16.28.16:285][538]LogWorld: Bringing up level for play took: 0.011731
[2021.02.12-16.28.16:285][538]LogOnline: OSS: Creating online subsystem instance for: :Context_1
[2021.02.12-16.28.16:346][538]LogContentBrowser: Native class hierarchy updated for 'MovieSceneCapture' in 0.0004 seconds. Added 20 classes and 0 folders.
[2021.02.12-16.28.16:366][538]PIE: Server logged in
[2021.02.12-16.28.16:367][538]PIE: Play in editor total start time 0.278 seconds.
[2021.02.12-16.28.16:482][539]LogRenderer: Reallocating scene render targets to support 1280x720 Format 10 NumSamples 1 (Frame:1).
[2021.02.12-16.28.38:221][ 84]LogSlate: Updating window title bar state: overlay mode, drag disabled, window buttons hidden, title bar hidden
[2021.02.12-16.28.38:221][ 84]LogWorld: BeginTearingDown for /Game/FirstPersonBP/Maps/UEDPIE_0_FirstMap
[2021.02.12-16.28.38:222][ 84]LogSlate: Window 'NameLessMaze Preview [NetMode: Standalone] (64-bit/Windows) ' being destroyed
[2021.02.12-16.28.38:243][ 84]LogWorld: UWorld::CleanupWorld for FirstMap, bSessionEnded=true, bCleanupResources=true
[2021.02.12-16.28.38:244][ 84]LogSlate: InvalidateAllWidgets triggered.  All widgets were invalidated
[2021.02.12-16.28.38:250][ 84]LogPlayLevel: Display: Shutting down PIE online subsystems
[2021.02.12-16.28.38:261][ 84]LogSlate: InvalidateAllWidgets triggered.  All widgets were invalidated
[2021.02.12-16.28.38:325][ 84]LogAISub: UAISubsystem::~UAISubsystem AIPerceptionSystem (000001BA67C6D940), frame # 4084
[2021.02.12-16.28.38:325][ 84]LogAISub: UAISubsystem::~UAISubsystem EnvQueryManager (000001BA0E7EDE00), frame # 4084
[2021.02.12-16.28.38:326][ 84]LogUObjectHash: Compacting FUObjectHashTables data took   0.77ms
[2021.02.12-16.28.38:355][ 85]LogPlayLevel: Display: Destroying online subsystem :Context_1
[2021.02.12-16.28.39:808][234]LogAssetEditorSubsystem: Opening Asset editor for World /Game/FirstPersonBP/Maps/MainMenu.MainMenu
[2021.02.12-16.28.39:824][234]LogUObjectHash: Compacting FUObjectHashTables data took   0.79ms
[2021.02.12-16.28.39:826][234]Cmd: MAP LOAD FILE="../../../../../UPGitHubRepo/2021-yr1-Team-Rem/NameLessMaze/Content/FirstPersonBP/Maps/MainMenu.umap" TEMPLATE=0 SHOWPROGRESS=1 FEATURELEVEL=3
[2021.02.12-16.28.39:826][234]LightingResults: New page: Lighting Build
[2021.02.12-16.28.39:826][234]LoadErrors: New page: Loading map: MainMenu.umap
[2021.02.12-16.28.39:866][234]LogWorld: UWorld::CleanupWorld for FirstMap, bSessionEnded=true, bCleanupResources=true
[2021.02.12-16.28.39:866][234]LogSlate: InvalidateAllWidgets triggered.  All widgets were invalidated
[2021.02.12-16.28.39:866][234]MapCheck: New page: Map Check
[2021.02.12-16.28.39:866][234]LightingResults: New page: Lighting Build
[2021.02.12-16.28.39:876][234]LogAISub: UAISubsystem::~UAISubsystem AIPerceptionSystem (000001BA7E35A840), frame # 4234
[2021.02.12-16.28.39:877][234]LogAISub: UAISubsystem::~UAISubsystem EnvQueryManager (000001BA79548E00), frame # 4234
[2021.02.12-16.28.39:878][234]LogUObjectHash: Compacting FUObjectHashTables data took   1.02ms
[2021.02.12-16.28.39:960][234]LogEditorServer: Finished looking for orphan Actors (0.000 secs)
[2021.02.12-16.28.39:960][234]LogAIModule: Creating AISystem for world MainMenu
[2021.02.12-16.28.39:960][234]LogAISub: UAISubsystem::UAISubsystem EnvQueryManager (000001BA16A3A000), frame # 4234
[2021.02.12-16.28.39:960][234]LogAISub: UAISubsystem::UAISubsystem AIPerceptionSystem (000001BA67C6FB00), frame # 4234
[2021.02.12-16.28.39:970][234]LogUObjectHash: Compacting FUObjectHashTables data took   0.88ms
[2021.02.12-16.28.39:991][234]Cmd: MAP CHECKDEP NOCLEARLOG
[2021.02.12-16.28.39:992][234]MapCheck: Map check complete: 0 Error(s), 0 Warning(s), took 0.091ms to complete.
[2021.02.12-16.28.39:992][234]LogFileHelpers: Loading map 'MainMenu' took 0.166
[2021.02.12-16.28.42:123][479]LogPlayLevel: PlayLevel: No blueprints needed recompiling
[2021.02.12-16.28.42:123][479]PIE: New page: PIE session: MainMenu (12 Feb 2021, 18:28:42)
[2021.02.12-16.28.42:123][479]LogPlayLevel: Creating play world package: /Game/FirstPersonBP/Maps/UEDPIE_0_MainMenu
[2021.02.12-16.28.42:124][479]LogPlayLevel: PIE: StaticDuplicateObject took: (0.000972s)
[2021.02.12-16.28.42:125][479]LogAIModule: Creating AISystem for world MainMenu
[2021.02.12-16.28.42:125][479]LogAISub: UAISubsystem::UAISubsystem EnvQueryManager (000001BA69D52000), frame # 4479
[2021.02.12-16.28.42:125][479]LogAISub: UAISubsystem::UAISubsystem AIPerceptionSystem (000001BA7E8E7240), frame # 4479
[2021.02.12-16.28.42:125][479]LogPlayLevel: PIE: World Init took: (0.001040s)
[2021.02.12-16.28.42:125][479]LogPlayLevel: PIE: Created PIE world by copying editor world from /Game/FirstPersonBP/Maps/MainMenu.MainMenu to /Game/FirstPersonBP/Maps/UEDPIE_0_MainMenu.MainMenu (0.002105s)
[2021.02.12-16.28.42:133][479]LogUObjectHash: Compacting FUObjectHashTables data took   0.60ms
[2021.02.12-16.28.42:135][479]LogAudioMixer: Display: Audio Mixer Platform Settings:
[2021.02.12-16.28.42:135][479]LogAudioMixer: Display: 	Sample Rate:						  48000
[2021.02.12-16.28.42:135][479]LogAudioMixer: Display: 	Callback Buffer Frame Size Requested: 1024
[2021.02.12-16.28.42:135][479]LogAudioMixer: Display: 	Callback Buffer Frame Size To Use:	  1024
[2021.02.12-16.28.42:135][479]LogAudioMixer: Display: 	Number of buffers to queue:			  2
[2021.02.12-16.28.42:135][479]LogAudioMixer: Display: 	Max Channels (voices):				  32
[2021.02.12-16.28.42:135][479]LogAudioMixer: Display: 	Number of Async Source Workers:		  0
[2021.02.12-16.28.42:135][479]LogAudio: Display: AudioDevice MaxSources: 32
[2021.02.12-16.28.42:136][479]LogAudio: Display: Using built-in audio occlusion.
[2021.02.12-16.28.42:136][479]LogAudioMixer: Display: Initializing audio mixer.
[2021.02.12-16.28.42:142][479]LogAudioMixer: Display: 0: FrontLeft
[2021.02.12-16.28.42:142][479]LogAudioMixer: Display: 1: FrontRight
[2021.02.12-16.28.42:164][479]LogAudioMixer: Display: Using Audio Device Headset Earphone (HyperX Virtual Surround Sound)
[2021.02.12-16.28.42:164][479]LogAudioMixer: Display: Initializing Sound Submixes...
[2021.02.12-16.28.42:164][479]LogAudioMixer: Display: Creating Master Submix 'MasterSubmixDefault'
[2021.02.12-16.28.42:164][479]LogAudioMixer: Display: Creating Master Submix 'MasterReverbSubmixDefault'
[2021.02.12-16.28.42:165][479]LogAudioMixer: Display: Creating Master Submix 'MasterEQSubmixDefault'
[2021.02.12-16.28.42:178][479]LogInit: FAudioDevice initialized.
[2021.02.12-16.28.42:201][479]LogSlate: Updating window title bar state: overlay mode, drag disabled, window buttons hidden, title bar hidden
[2021.02.12-16.28.42:201][479]LogLoad: Game class is 'FirstPersonGameMode_C'
[2021.02.12-16.28.42:202][479]LogWorld: Bringing World /Game/FirstPersonBP/Maps/UEDPIE_0_MainMenu.MainMenu up for play (max tick rate 0) at 2021.02.12-17.28.42
[2021.02.12-16.28.42:203][479]LogWorld: Bringing up level for play took: 0.000405
[2021.02.12-16.28.42:203][479]LogOnline: OSS: Creating online subsystem instance for: :Context_2
[2021.02.12-16.28.42:306][479]LogPlayerController: Error: InputMode:UIOnly - Attempting to focus Non-Focusable widget SObjectWidget [Widget.cpp(799)]!
[2021.02.12-16.28.42:309][479]PIE: Server logged in
[2021.02.12-16.28.42:310][479]PIE: Play in editor total start time 0.191 seconds.
[2021.02.12-16.28.42:920][538]LogNet: Browse: /Game/FirstPersonBP/Maps/FirstMap
[2021.02.12-16.28.42:920][538]LogLoad: LoadMap: /Game/FirstPersonBP/Maps/FirstMap
[2021.02.12-16.28.42:920][538]LogWorld: BeginTearingDown for /Game/FirstPersonBP/Maps/UEDPIE_0_MainMenu
[2021.02.12-16.28.42:921][538]LogWorld: UWorld::CleanupWorld for MainMenu, bSessionEnded=true, bCleanupResources=true
[2021.02.12-16.28.42:921][538]LogSlate: InvalidateAllWidgets triggered.  All widgets were invalidated
[2021.02.12-16.28.42:954][538]LogAISub: UAISubsystem::~UAISubsystem AIPerceptionSystem (000001BA7E8E7240), frame # 4538
[2021.02.12-16.28.42:954][538]LogAISub: UAISubsystem::~UAISubsystem EnvQueryManager (000001BA69D52000), frame # 4538
[2021.02.12-16.28.42:954][538]LogUObjectHash: Compacting FUObjectHashTables data took   0.60ms
[2021.02.12-16.28.43:017][538]LogAIModule: Creating AISystem for world FirstMap
[2021.02.12-16.28.43:017][538]LogAISub: UAISubsystem::UAISubsystem EnvQueryManager (000001BA166C9E00), frame # 4538
[2021.02.12-16.28.43:017][538]LogAISub: UAISubsystem::UAISubsystem AIPerceptionSystem (000001BA7E4CF4C0), frame # 4538
[2021.02.12-16.28.43:017][538]LogLoad: Game class is 'FirstPersonGameMode_C'
[2021.02.12-16.28.43:034][538]LogWorld: Bringing World /Game/FirstPersonBP/Maps/UEDPIE_0_FirstMap.FirstMap up for play (max tick rate 0) at 2021.02.12-17.28.43
[2021.02.12-16.28.43:034][538]LogWorld: Bringing up level for play took: 0.016041
[2021.02.12-16.28.43:036][538]LogLoad: Took 0.115512 seconds to LoadMap(/Game/FirstPersonBP/Maps/FirstMap)
[2021.02.12-16.28.53:825][823]LogSpawn: Warning: SpawnActor failed because of collision at the spawn location [X=-1897.687 Y=-1097.598 Z=450.774] for [FirstPersonProjectile_C]
[2021.02.12-16.29.07:400][434]LogSlate: Updating window title bar state: overlay mode, drag disabled, window buttons hidden, title bar hidden
[2021.02.12-16.29.07:400][434]LogWorld: BeginTearingDown for /Game/FirstPersonBP/Maps/UEDPIE_0_FirstMap
[2021.02.12-16.29.07:402][434]LogSlate: Window 'NameLessMaze Preview [NetMode: Standalone] (64-bit/Windows) ' being destroyed
[2021.02.12-16.29.07:407][434]LogWorld: UWorld::CleanupWorld for FirstMap, bSessionEnded=true, bCleanupResources=true
[2021.02.12-16.29.07:410][434]LogSlate: InvalidateAllWidgets triggered.  All widgets were invalidated
[2021.02.12-16.29.07:417][434]LogPlayLevel: Display: Shutting down PIE online subsystems
[2021.02.12-16.29.07:420][434]LogSlate: InvalidateAllWidgets triggered.  All widgets were invalidated
[2021.02.12-16.29.07:446][434]LogAISub: UAISubsystem::~UAISubsystem AIPerceptionSystem (000001BA7E4CF4C0), frame # 7434
[2021.02.12-16.29.07:446][434]LogAISub: UAISubsystem::~UAISubsystem EnvQueryManager (000001BA166C9E00), frame # 7434
[2021.02.12-16.29.07:448][434]LogUObjectHash: Compacting FUObjectHashTables data took   0.96ms
[2021.02.12-16.29.07:467][435]LogPlayLevel: Display: Destroying online subsystem :Context_2
[2021.02.12-16.29.12:190][967]LogAssetEditorSubsystem: Opening Asset editor for World /Game/FirstPersonBP/Maps/FirstMap.FirstMap
[2021.02.12-16.29.12:200][967]LogUObjectHash: Compacting FUObjectHashTables data took   0.91ms
[2021.02.12-16.29.12:202][967]Cmd: MAP LOAD FILE="../../../../../UPGitHubRepo/2021-yr1-Team-Rem/NameLessMaze/Content/FirstPersonBP/Maps/FirstMap.umap" TEMPLATE=0 SHOWPROGRESS=1 FEATURELEVEL=3
[2021.02.12-16.29.12:202][967]LightingResults: New page: Lighting Build
[2021.02.12-16.29.12:202][967]LoadErrors: New page: Loading map: FirstMap.umap
[2021.02.12-16.29.12:202][967]LogWorld: UWorld::CleanupWorld for MainMenu, bSessionEnded=true, bCleanupResources=true
[2021.02.12-16.29.12:202][967]LogSlate: InvalidateAllWidgets triggered.  All widgets were invalidated
[2021.02.12-16.29.12:203][967]MapCheck: New page: Map Check
[2021.02.12-16.29.12:203][967]LightingResults: New page: Lighting Build
[2021.02.12-16.29.12:211][967]LogAISub: UAISubsystem::~UAISubsystem AIPerceptionSystem (000001BA67C6FB00), frame # 7967
[2021.02.12-16.29.12:211][967]LogAISub: UAISubsystem::~UAISubsystem EnvQueryManager (000001BA16A3A000), frame # 7967
[2021.02.12-16.29.12:212][967]LogUObjectHash: Compacting FUObjectHashTables data took   0.99ms
[2021.02.12-16.29.12:433][967]LogEditorServer: Finished looking for orphan Actors (0.000 secs)
[2021.02.12-16.29.12:433][967]LogAIModule: Creating AISystem for world FirstMap
[2021.02.12-16.29.12:433][967]LogAISub: UAISubsystem::UAISubsystem EnvQueryManager (000001BA10F7BC00), frame # 7967
[2021.02.12-16.29.12:433][967]LogAISub: UAISubsystem::UAISubsystem AIPerceptionSystem (000001BA7EAB2D40), frame # 7967
[2021.02.12-16.29.12:447][967]LogUObjectHash: Compacting FUObjectHashTables data took   1.17ms
[2021.02.12-16.29.12:469][967]Cmd: MAP CHECKDEP NOCLEARLOG
[2021.02.12-16.29.12:469][967]MapCheck: Map check complete: 0 Error(s), 0 Warning(s), took 0.158ms to complete.
[2021.02.12-16.29.12:469][967]LogFileHelpers: Loading map 'FirstMap' took 0.268
[2021.02.12-16.29.14:361][161]LogUObjectHash: Compacting FUObjectHashTables data took   0.27ms
[2021.02.12-16.29.14:843][161]LogSavePackage: Moving '../../../../../UPGitHubRepo/2021-yr1-Team-Rem/NameLessMaze/Saved/FirstMap206A030B43BEFEF2DE93E289C88409A9.tmp' to '../../../../../UPGitHubRepo/2021-yr1-Team-Rem/NameLessMaze/Content/FirstPersonBP/Maps/FirstMap.umap'
[2021.02.12-16.29.14:937][161]AssetCheck: New page: Asset Save: FirstMap
[2021.02.12-16.29.14:937][161]LogContentValidation: Display: Validating World /Game/FirstPersonBP/Maps/FirstMap.FirstMap
[2021.02.12-16.29.15:305][205]MapCheck: New page: Map Check
[2021.02.12-16.29.15:333][205]Cmd: MAP REBUILD ALLVISIBLE
[2021.02.12-16.29.15:333][205]LogEditorServer: Rebuildmap Clear paths rebuilt
[2021.02.12-16.29.15:617][205]LogWorld: UWorld::CleanupWorld for FirstMap, bSessionEnded=true, bCleanupResources=false
[2021.02.12-16.29.15:671][205]LogNavigationDataBuild: Display: UNavigationSystemV1::Build started...
[2021.02.12-16.29.15:671][205]LogNavigationDataBuild: Display:    Building navigation data using PHYSICS_INTERFACE_PHYSX.
[2021.02.12-16.29.15:671][205]LogNavigationDataBuild: Display:    Building navigation data using WITH_PHYSX.
[2021.02.12-16.29.15:683][205]LogUObjectHash: Compacting FUObjectHashTables data took   0.91ms
[2021.02.12-16.29.15:690][205]LogMaterial: Display: Missing cached shader map for material DebugViewMode MaterialTexCoordScale, compiling. 
[2021.02.12-16.29.15:755][205]LogMaterial: Display: Missing cached shader map for material DebugViewMode MaterialTexCoordScale, compiling. 
[2021.02.12-16.29.15:757][205]LogMaterial: Display: Missing cached shader map for material DebugViewMode MaterialTexCoordScale, compiling. 
[2021.02.12-16.29.15:758][205]LogMaterial: Display: Missing cached shader map for material DebugViewMode MaterialTexCoordScale, compiling. 
[2021.02.12-16.29.15:762][205]LogMaterial: Display: Missing cached shader map for material DebugViewMode MaterialTexCoordScale, compiling. 
[2021.02.12-16.29.15:765][205]LogShaderCompilers: Display: Worker (1/5): shaders left to compile 8
[2021.02.12-16.29.15:765][205]LogShaderCompilers: Display: Worker (2/5): shaders left to compile 7
[2021.02.12-16.29.15:765][205]LogShaderCompilers: Display: Worker (3/5): shaders left to compile 6
[2021.02.12-16.29.15:765][205]LogShaderCompilers: Display: Worker (4/5): shaders left to compile 5
[2021.02.12-16.29.15:765][205]LogMaterial: Display: Missing cached shader map for material DebugViewMode MaterialTexCoordScale, compiling. 
[2021.02.12-16.29.18:277][205]LogShaderCompilers: Display: Worker (1/5): shaders left to compile 8
[2021.02.12-16.29.18:277][205]LogShaderCompilers: Display: Worker (2/5): shaders left to compile 7
[2021.02.12-16.29.18:277][205]LogShaderCompilers: Display: Worker (4/5): shaders left to compile 6
[2021.02.12-16.29.18:277][205]LogShaderCompilers: Display: Worker (3/5): shaders left to compile 5
[2021.02.12-16.29.18:277][205]LogShaderCompilers: Display: Worker (1/5): shaders left to compile 4
[2021.02.12-16.29.18:277][205]LogShaderCompilers: Display: Worker (2/5): shaders left to compile 3
[2021.02.12-16.29.18:277][205]LogShaderCompilers: Display: Worker (4/5): shaders left to compile 2
[2021.02.12-16.29.18:277][205]LogShaderCompilers: Display: Worker (3/5): shaders left to compile 1
[2021.02.12-16.29.18:277][205]TextureStreamingBuild: Display: Compiling optional shaders took 2.592 seconds.
[2021.02.12-16.29.18:319][205]LogLevel: Display: Export Material TexCoord Scales took 0.042 seconds.
[2021.02.12-16.29.18:321][205]TextureStreamingBuild: Display: Build Texture Streaming took 0.002 seconds.
[2021.02.12-16.29.18:331][205]LogUObjectHash: Compacting FUObjectHashTables data took   0.40ms
[2021.02.12-16.29.18:394][205]LightingResults: New page: Lighting Build - 12 Feb 2021, 18:29:18
[2021.02.12-16.29.18:562][205]LogSwarmInterface: [OpenConnection] Registering TCP channel ...
[2021.02.12-16.29.18:729][205]LogSwarmInterface: [OpenConnection] Connecting to agent ...
[2021.02.12-16.29.18:794][205]LogSwarmInterface: [TryOpenConnection] Testing the Agent
[2021.02.12-16.29.19:815][205]LogSwarmInterface: [TryOpenConnection] Opening Connection to Agent
[2021.02.12-16.29.19:815][205]LogSwarmInterface: [TryOpenConnection] Local Process ID is 16888
[2021.02.12-16.29.27:616][205]LogStaticLightingSystem: Running Lightmass w/ ImmediateImport mode ENABLED
[2021.02.12-16.29.27:616][205]LogStaticLightingSystem: Running Lightmass w/ ImmediateProcess mode ENABLED
[2021.02.12-16.29.27:616][205]LogStaticLightingSystem: Running Lightmass w/ Sorting mode ENABLED
[2021.02.12-16.29.27:616][205]LogStaticLightingSystem: Running Lightmass w/ Mapping paddings ENABLED
[2021.02.12-16.29.27:616][205]LogStaticLightingSystem: Running Lightmass w/ Mapping debug paddings DISABLED
[2021.02.12-16.29.27:856][205]Cmd: MAP CHECK DONTDISPLAYDIALOG
[2021.02.12-16.29.27:857][205]MapCheck: New page: FirstMap - 12 Feb 2021, 18:29:27
[2021.02.12-16.29.27:857][205]MapCheck: Error: WorldInfo_0 Maps need lighting rebuilt 
[2021.02.12-16.29.27:858][205]MapCheck: Map check complete: 1 Error(s), 0 Warning(s), took 1.456ms to complete.
[2021.02.12-16.29.27:860][205]LogEditorBuildUtils: Build time 0:12
[2021.02.12-16.29.28:135][205]LogSlate: Took 0.058370 seconds to synchronously load lazily loaded font '../../../Engine/Content/Slate/Fonts/DroidSansMono.ttf' (77K)
[2021.02.12-16.29.28:251][208]LogUObjectHash: Compacting FUObjectHashTables data took   0.28ms
[2021.02.12-16.29.31:694][446]LogSlate: Window 'Message Log' being destroyed
[2021.02.12-16.29.31:703][446]LogSlate: Window 'Message Log' being destroyed
[2021.02.12-16.39.14:298][134]LogUObjectHash: Compacting FUObjectHashTables data took   0.52ms
[2021.02.12-16.39.14:528][134]LogSavePackage: Moving '../../../../../UPGitHubRepo/2021-yr1-Team-Rem/NameLessMaze/Saved/FirstMap_Auto11D5AEE5E4759D517472383AA84462FA6.tmp' to '../../../../../UPGitHubRepo/2021-yr1-Team-Rem/NameLessMaze/Saved/Autosaves/Game/FirstPersonBP/Maps/FirstMap_Auto1.umap'
[2021.02.12-16.39.14:532][134]LogFileHelpers: Editor autosave (incl. sublevels) for '/Game/FirstPersonBP/Maps/FirstMap' took 0.243
[2021.02.12-16.39.14:532][134]LogFileHelpers: Editor autosave (incl. sublevels) for all levels took 0.243
[2021.02.12-16.49.17:932][231]Job is a success!
[2021.02.12-16.49.18:265][232]LogVolumetricLightmapImport: Imported Volumetric Lightmap in 0.212s
[2021.02.12-16.49.18:265][232]LogVolumetricLightmapImport:      Indirection Texture 48x32x16 = 0.1Mb
[2021.02.12-16.49.18:265][232]LogVolumetricLightmapImport:      BrickData (all levels) 5.0Mb (trimmed 2.5Mb due to 0.010000 MinBrickError)
[2021.02.12-16.49.18:265][232]LogVolumetricLightmapImport:      Bricks at depth
[2021.02.12-16.49.18:266][232]LogVolumetricLightmapImport:          0: 0.7% covering 100.0% of volume
[2021.02.12-16.49.18:266][232]LogVolumetricLightmapImport:          1: 8.2% covering 18.5% of volume
[2021.02.12-16.49.18:266][232]LogVolumetricLightmapImport:          2: 91.1% covering 3.2% of volume
[2021.02.12-16.49.18:266][232]LogVolumetricLightmapImport:      Bricks in each level
[2021.02.12-16.49.18:266][232]LogVolumetricLightmapImport:          FirstMap 			 867 bricks 	 100.0% (Persistent Level)
