Log file open, 02/20/21 21:45:52
LogInit: Display: Running engine for game: NameLessMaze
LogPlatformFile: Not using cached read wrapper
LogTaskGraph: Started task graph with 5 named threads and 35 total threads with 3 sets of task threads.
LogStats: Stats thread started at 0.210372
LogD3D11RHI: Loaded GFSDK_Aftermath_Lib.x64.dll
LogICUInternationalization: ICU TimeZone Detection - Raw Offset: +0:00, Platform Override: ''
LogPluginManager: Mounting plugin Paper2D
LogPluginManager: Mounting plugin AISupport
LogPluginManager: Mounting plugin LightPropagationVolume
LogPluginManager: Mounting plugin CameraShakePreviewer
LogPluginManager: Mounting plugin ActorLayerUtilities
LogPluginManager: Mounting plugin AnimationSharing
LogPluginManager: Mounting plugin CLionSourceCodeAccess
LogPluginManager: Mounting plugin CodeLiteSourceCodeAccess
LogPluginManager: Mounting plugin GitSourceControl
LogPluginManager: Mounting plugin KDevelopSourceCodeAccess
LogPluginManager: Mounting plugin NullSourceCodeAccess
LogPluginManager: Mounting plugin PerforceSourceControl
LogPluginManager: Mounting plugin PlasticSourceControl
LogPluginManager: Mounting plugin RiderLink
LogPluginManager: Mounting plugin RiderSourceCodeAccess
LogPluginManager: Mounting plugin SubversionSourceControl
LogPluginManager: Mounting plugin UObjectPlugin
LogPluginManager: Mounting plugin VisualStudioCodeSourceCodeAccess
LogPluginManager: Mounting plugin VisualStudioSourceCodeAccess
LogPluginManager: Mounting plugin XCodeSourceCodeAccess
LogPluginManager: Mounting plugin AssetManagerEditor
LogPluginManager: Mounting plugin CryptoKeys
LogPluginManager: Mounting plugin CurveEditorTools
LogPluginManager: Mounting plugin DataValidation
LogPluginManager: Mounting plugin EditorScriptingUtilities
LogPluginManager: Mounting plugin FacialAnimation
LogPluginManager: Mounting plugin GameplayTagsEditor
LogPluginManager: Mounting plugin GeometryMode
LogPluginManager: Mounting plugin MacGraphicsSwitching
LogPluginManager: Mounting plugin MaterialAnalyzer
LogPluginManager: Mounting plugin MobileLauncherProfileWizard
LogPluginManager: Mounting plugin PluginBrowser
LogPluginManager: Mounting plugin SpeedTreeImporter
LogPluginManager: Mounting plugin DatasmithContent
LogPluginManager: Mounting plugin VariantManagerContent
LogPluginManager: Mounting plugin AlembicImporter
LogPluginManager: Mounting plugin AutomationUtils
LogPluginManager: Mounting plugin BackChannel
LogPluginManager: Mounting plugin ChaosCloth
LogPluginManager: Mounting plugin ChaosClothEditor
LogPluginManager: Mounting plugin ChaosEditor
LogPluginManager: Mounting plugin ChaosNiagara
LogPluginManager: Mounting plugin ChaosSolverPlugin
LogPluginManager: Mounting plugin CharacterAI
LogPluginManager: Mounting plugin GeometryCache
LogPluginManager: Mounting plugin GeometryCollectionPlugin
LogPluginManager: Mounting plugin GeometryProcessing
LogPluginManager: Mounting plugin PlanarCut
LogPluginManager: Mounting plugin PlatformCrypto
LogPluginManager: Mounting plugin ProxyLODPlugin
LogPluginManager: Mounting plugin SkeletalReduction
LogPluginManager: Mounting plugin Niagara
LogPluginManager: Mounting plugin MagicLeap
LogPluginManager: Mounting plugin MagicLeapLightEstimation
LogPluginManager: Mounting plugin MagicLeapMedia
LogPluginManager: Mounting plugin MagicLeapPassableWorld
LogPluginManager: Mounting plugin MLSDK
LogPluginManager: Mounting plugin LowEntryExtStdLib
LogPluginManager: Mounting plugin AndroidMedia
LogPluginManager: Mounting plugin AvfMedia
LogPluginManager: Mounting plugin ImgMedia
LogPluginManager: Mounting plugin MediaCompositing
LogPluginManager: Mounting plugin MediaPlayerEditor
LogPluginManager: Mounting plugin WebMMedia
LogPluginManager: Mounting plugin WmfMedia
LogPluginManager: Mounting plugin MeshPainting
LogPluginManager: Mounting plugin TcpMessaging
LogPluginManager: Mounting plugin UdpMessaging
LogPluginManager: Mounting plugin ActorSequence
LogPluginManager: Mounting plugin LevelSequenceEditor
LogPluginManager: Mounting plugin MatineeToLevelSequence
LogPluginManager: Mounting plugin MovieRenderPipeline
LogPluginManager: Mounting plugin TemplateSequence
LogPluginManager: Mounting plugin NetcodeUnitTest
LogPluginManager: Mounting plugin NUTUnrealEngine4
LogPluginManager: Mounting plugin OnlineSubsystemGooglePlay
LogPluginManager: Mounting plugin OnlineSubsystemIOS
LogPluginManager: Mounting plugin OnlineSubsystem
LogPluginManager: Mounting plugin OnlineSubsystemNull
LogPluginManager: Mounting plugin OnlineSubsystemUtils
LogPluginManager: Mounting plugin LauncherChunkInstaller
LogPluginManager: Mounting plugin AndroidDeviceProfileSelector
LogPluginManager: Mounting plugin AndroidMoviePlayer
LogPluginManager: Mounting plugin AndroidPermission
LogPluginManager: Mounting plugin AppleImageUtils
LogPluginManager: Mounting plugin AppleMoviePlayer
LogPluginManager: Mounting plugin ArchVisCharacter
LogPluginManager: Mounting plugin AssetTags
LogPluginManager: Mounting plugin AudioCapture
LogPluginManager: Mounting plugin CableComponent
LogPluginManager: Mounting plugin CustomMeshComponent
LogPluginManager: Mounting plugin EditableMesh
LogPluginManager: Mounting plugin ExampleDeviceProfileSelector
LogPluginManager: Mounting plugin GoogleCloudMessaging
LogPluginManager: Mounting plugin GooglePAD
LogPluginManager: Mounting plugin IOSDeviceProfileSelector
LogPluginManager: Mounting plugin LinuxDeviceProfileSelector
LogPluginManager: Mounting plugin LocationServicesBPLibrary
LogPluginManager: Mounting plugin MobilePatchingUtils
LogPluginManager: Mounting plugin OculusVR
LogPluginManager: Mounting plugin PhysXVehicles
LogPluginManager: Mounting plugin PostSplashScreen
LogPluginManager: Mounting plugin ProceduralMeshComponent
LogPluginManager: Mounting plugin RuntimePhysXCooking
LogPluginManager: Mounting plugin SignificanceManager
LogPluginManager: Mounting plugin SoundFields
LogPluginManager: Mounting plugin SteamVR
LogPluginManager: Mounting plugin Synthesis
LogPluginManager: Mounting plugin WebMMoviePlayer
LogPluginManager: Mounting plugin WindowsMoviePlayer
LogPluginManager: Mounting plugin ScreenshotTools
LogInit: Using libcurl 7.55.1-DEV
LogInit:  - built for x86_64-pc-win32
LogInit:  - supports SSL with OpenSSL/1.1.1
LogInit:  - supports HTTP deflate (compression) using libz 1.2.8
LogInit:  - other features:
LogInit:      CURL_VERSION_SSL
LogInit:      CURL_VERSION_LIBZ
LogInit:      CURL_VERSION_IPV6
LogInit:      CURL_VERSION_ASYNCHDNS
LogInit:      CURL_VERSION_LARGEFILE
LogInit:      CURL_VERSION_IDN
LogInit:  CurlRequestOptions (configurable via config and command line):
LogInit:  - bVerifyPeer = true  - Libcurl will verify peer certificate
LogInit:  - bUseHttpProxy = false  - Libcurl will NOT use HTTP proxy
LogInit:  - bDontReuseConnections = false  - Libcurl will reuse connections
LogInit:  - MaxHostConnections = 16  - Libcurl will limit the number of connections to a host
LogInit:  - LocalHostAddr = Default
LogInit:  - BufferSize = 65536
LogOnline: OSS: Creating online subsystem instance for: NULL
LogInit: WinSock: version 1.1 (2.2), MaxSocks=32767, MaxUdp=65467
LogOnline: OSS: TryLoadSubsystemAndSetDefault: Loaded subsystem for module [NULL]
LogOculusPluginWrapper: OculusPlugin initialized successfully
LogInit: Build: ++UE4+Release-4.25-CL-14469661
LogInit: Engine Version: 4.25.4-14469661+++UE4+Release-4.25
LogInit: Compatible Engine Version: 4.25.0-13144385+++UE4+Release-4.25
LogInit: Net CL: 13144385
LogInit: OS: Windows 10 (Release 2009) (), CPU: Intel(R) Core(TM) i7-8750H CPU @ 2.20GHz, GPU: Intel(R) UHD Graphics 630
LogInit: Compiled (64-bit): Oct 11 2020 08:10:49
LogInit: Compiled with Visual C++: 19.24.28315.00
LogInit: Build Configuration: Development
LogInit: Branch Name: ++UE4+Release-4.25
LogInit: Command Line: 
LogInit: Base Directory: E:/Epic/UE_4.25/Engine/Binaries/Win64/
LogInit: Allocator: TBB
LogInit: Installed Engine Build: 1
LogDevObjectVersion: Number of dev versions registered: 26
LogDevObjectVersion:   Dev-Blueprints (B0D832E4-1F89-4F0D-ACCF-7EB736FD4AA2): 10
LogDevObjectVersion:   Dev-Build (E1C64328-A22C-4D53-A36C-8E866417BD8C): 0
LogDevObjectVersion:   Dev-Core (375EC13C-06E4-48FB-B500-84F0262A717E): 4
LogDevObjectVersion:   Dev-Editor (E4B068ED-F494-42E9-A231-DA0B2E46BB41): 38
LogDevObjectVersion:   Dev-Framework (CFFC743F-43B0-4480-9391-14DF171D2073): 37
LogDevObjectVersion:   Dev-Mobile (B02B49B5-BB20-44E9-A304-32B752E40360): 2
LogDevObjectVersion:   Dev-Networking (A4E4105C-59A1-49B5-A7C5-40C4547EDFEE): 0
LogDevObjectVersion:   Dev-Online (39C831C9-5AE6-47DC-9A44-9C173E1C8E7C): 0
LogDevObjectVersion:   Dev-Physics (78F01B33-EBEA-4F98-B9B4-84EACCB95AA2): 4
LogDevObjectVersion:   Dev-Platform (6631380F-2D4D-43E0-8009-CF276956A95A): 0
LogDevObjectVersion:   Dev-Rendering (12F88B9F-8875-4AFC-A67C-D90C383ABD29): 43
LogDevObjectVersion:   Dev-Sequencer (7B5AE74C-D270-4C10-A958-57980B212A5A): 12
LogDevObjectVersion:   Dev-VR (D7296918-1DD6-4BDD-9DE2-64A83CC13884): 3
LogDevObjectVersion:   Dev-LoadTimes (C2A15278-BFE7-4AFE-6C17-90FF531DF755): 1
LogDevObjectVersion:   Private-Geometry (6EACA3D4-40EC-4CC1-B786-8BED09428FC5): 3
LogDevObjectVersion:   Dev-AnimPhys (29E575DD-E0A3-4627-9D10-D276232CDCEA): 17
LogDevObjectVersion:   Dev-Anim (AF43A65D-7FD3-4947-9873-3E8ED9C1BB05): 7
LogDevObjectVersion:   Dev-ReflectionCapture (6B266CEC-1EC7-4B8F-A30B-E4D90942FC07): 1
LogDevObjectVersion:   Dev-Automation (0DF73D61-A23F-47EA-B727-89E90C41499A): 1
LogDevObjectVersion:   FortniteMain (601D1886-AC64-4F84-AA16-D3DE0DEAC7D6): 31
LogDevObjectVersion:   Dev-Enterprise (9DFFBCD6-494F-0158-E221-12823C92A888): 10
LogDevObjectVersion:   Dev-Niagara (F2AED0AC-9AFE-416F-8664-AA7FFA26D6FC): 1
LogDevObjectVersion:   Dev-Destruction (174F1F0B-B4C6-45A5-B13F-2EE8D0FB917D): 10
LogDevObjectVersion:   Dev-Physics-Ext (35F94A83-E258-406C-A318-09F59610247C): 37
LogDevObjectVersion:   Dev-PhysicsMaterial-Chaos (B68FC16E-8B1B-42E2-B453-215C058844FE): 1
LogDevObjectVersion:   Dev-CineCamera (B2E18506-4273-CFC2-A54E-F4BB758BBA07): 1
LogInit: Presizing for max 25165824 objects, including 0 objects not considered by GC, pre-allocating 0 bytes for permanent pool.
LogConfig: Applying CVar settings from Section [/Script/Engine.StreamingSettings] File [C:/Users/ondra/Documents/Projects/UE4/2021-yr1-Team-Rem/NameLessMaze/Saved/Config/Windows/Engine.ini]
LogConfig: Setting CVar [[s.MinBulkDataSizeForAsyncLoading:131072]]
LogConfig: Setting CVar [[s.AsyncLoadingThreadEnabled:0]]
LogConfig: Setting CVar [[s.EventDrivenLoaderEnabled:1]]
LogConfig: Setting CVar [[s.WarnIfTimeLimitExceeded:0]]
LogConfig: Setting CVar [[s.TimeLimitExceededMultiplier:1.5]]
LogConfig: Setting CVar [[s.TimeLimitExceededMinTime:0.005]]
LogConfig: Setting CVar [[s.UseBackgroundLevelStreaming:1]]
LogConfig: Setting CVar [[s.PriorityAsyncLoadingExtraTime:15.0]]
LogConfig: Setting CVar [[s.LevelStreamingActorsUpdateTimeLimit:5.0]]
LogConfig: Setting CVar [[s.PriorityLevelStreamingActorsUpdateExtraTime:5.0]]
LogConfig: Setting CVar [[s.LevelStreamingComponentsRegistrationGranularity:10]]
LogConfig: Setting CVar [[s.UnregisterComponentsTimeLimit:1.0]]
LogConfig: Setting CVar [[s.LevelStreamingComponentsUnregistrationGranularity:5]]
LogConfig: Setting CVar [[s.FlushStreamingOnExit:1]]
LogInit: Object subsystem initialized
LogConfig: Setting CVar [[con.DebugEarlyDefault:1]]
LogConfig: Setting CVar [[r.setres:1280x720]]
[2021.02.20-21.45.52:563][  0]LogConfig: Setting CVar [[r.VSync:0]]
[2021.02.20-21.45.52:563][  0]LogConfig: Setting CVar [[r.RHICmdBypass:0]]
[2021.02.20-21.45.52:564][  0]LogConfig: Applying CVar settings from Section [/Script/Engine.RendererSettings] File [C:/Users/ondra/Documents/Projects/UE4/2021-yr1-Team-Rem/NameLessMaze/Saved/Config/Windows/Engine.ini]
[2021.02.20-21.45.52:564][  0]LogConfig: Setting CVar [[r.GPUCrashDebugging:0]]
[2021.02.20-21.45.52:564][  0]LogConfig: Applying CVar settings from Section [/Script/Engine.RendererOverrideSettings] File [C:/Users/ondra/Documents/Projects/UE4/2021-yr1-Team-Rem/NameLessMaze/Saved/Config/Windows/Engine.ini]
[2021.02.20-21.45.52:564][  0]LogConfig: Applying CVar settings from Section [/Script/Engine.StreamingSettings] File [C:/Users/ondra/Documents/Projects/UE4/2021-yr1-Team-Rem/NameLessMaze/Saved/Config/Windows/Engine.ini]
[2021.02.20-21.45.52:564][  0]LogConfig: Setting CVar [[s.MinBulkDataSizeForAsyncLoading:131072]]
[2021.02.20-21.45.52:564][  0]LogConfig: Setting CVar [[s.AsyncLoadingThreadEnabled:0]]
[2021.02.20-21.45.52:564][  0]LogConfig: Setting CVar [[s.EventDrivenLoaderEnabled:1]]
[2021.02.20-21.45.52:564][  0]LogConfig: Setting CVar [[s.WarnIfTimeLimitExceeded:0]]
[2021.02.20-21.45.52:564][  0]LogConfig: Setting CVar [[s.TimeLimitExceededMultiplier:1.5]]
[2021.02.20-21.45.52:564][  0]LogConfig: Setting CVar [[s.TimeLimitExceededMinTime:0.005]]
[2021.02.20-21.45.52:564][  0]LogConfig: Setting CVar [[s.UseBackgroundLevelStreaming:1]]
[2021.02.20-21.45.52:564][  0]LogConfig: Setting CVar [[s.PriorityAsyncLoadingExtraTime:15.0]]
[2021.02.20-21.45.52:564][  0]LogConfig: Setting CVar [[s.LevelStreamingActorsUpdateTimeLimit:5.0]]
[2021.02.20-21.45.52:564][  0]LogConfig: Setting CVar [[s.PriorityLevelStreamingActorsUpdateExtraTime:5.0]]
[2021.02.20-21.45.52:564][  0]LogConfig: Setting CVar [[s.LevelStreamingComponentsRegistrationGranularity:10]]
[2021.02.20-21.45.52:564][  0]LogConfig: Setting CVar [[s.UnregisterComponentsTimeLimit:1.0]]
[2021.02.20-21.45.52:564][  0]LogConfig: Setting CVar [[s.LevelStreamingComponentsUnregistrationGranularity:5]]
[2021.02.20-21.45.52:564][  0]LogConfig: Setting CVar [[s.FlushStreamingOnExit:1]]
[2021.02.20-21.45.52:564][  0]LogConfig: Applying CVar settings from Section [/Script/Engine.GarbageCollectionSettings] File [C:/Users/ondra/Documents/Projects/UE4/2021-yr1-Team-Rem/NameLessMaze/Saved/Config/Windows/Engine.ini]
[2021.02.20-21.45.52:564][  0]LogConfig: Setting CVar [[gc.MaxObjectsNotConsideredByGC:1]]
[2021.02.20-21.45.52:564][  0]LogConfig: Setting CVar [[gc.SizeOfPermanentObjectPool:0]]
[2021.02.20-21.45.52:564][  0]LogConfig: Setting CVar [[gc.FlushStreamingOnGC:0]]
[2021.02.20-21.45.52:564][  0]LogConfig: Setting CVar [[gc.NumRetriesBeforeForcingGC:10]]
[2021.02.20-21.45.52:564][  0]LogConfig: Setting CVar [[gc.AllowParallelGC:1]]
[2021.02.20-21.45.52:564][  0]LogConfig: Setting CVar [[gc.TimeBetweenPurgingPendingKillObjects:61.1]]
[2021.02.20-21.45.52:564][  0]LogConfig: Setting CVar [[gc.MaxObjectsInEditor:25165824]]
[2021.02.20-21.45.52:564][  0]LogConfig: Setting CVar [[gc.IncrementalBeginDestroyEnabled:1]]
[2021.02.20-21.45.52:564][  0]LogConfig: Setting CVar [[gc.CreateGCClusters:1]]
[2021.02.20-21.45.52:564][  0]LogConfig: Setting CVar [[gc.MinGCClusterSize:5]]
[2021.02.20-21.45.52:564][  0]LogConfig: Setting CVar [[gc.ActorClusteringEnabled:0]]
[2021.02.20-21.45.52:564][  0]LogConfig: Setting CVar [[gc.BlueprintClusteringEnabled:0]]
[2021.02.20-21.45.52:564][  0]LogConfig: Setting CVar [[gc.UseDisregardForGCOnDedicatedServers:0]]
[2021.02.20-21.45.52:564][  0]LogConfig: Applying CVar settings from Section [/Script/Engine.NetworkSettings] File [C:/Users/ondra/Documents/Projects/UE4/2021-yr1-Team-Rem/NameLessMaze/Saved/Config/Windows/Engine.ini]
[2021.02.20-21.45.52:564][  0]LogConfig: Applying CVar settings from Section [/Script/UnrealEd.CookerSettings] File [C:/Users/ondra/Documents/Projects/UE4/2021-yr1-Team-Rem/NameLessMaze/Saved/Config/Windows/Engine.ini]
[2021.02.20-21.45.52:566][  0]LogConfig: Applying CVar settings from Section [ViewDistanceQuality@3] File [C:/Users/ondra/Documents/Projects/UE4/2021-yr1-Team-Rem/NameLessMaze/Saved/Config/Windows/Scalability.ini]
[2021.02.20-21.45.52:566][  0]LogConfig: Setting CVar [[r.SkeletalMeshLODBias:0]]
[2021.02.20-21.45.52:567][  0]LogConfig: Setting CVar [[r.ViewDistanceScale:1.0]]
[2021.02.20-21.45.52:567][  0]LogConfig: Applying CVar settings from Section [AntiAliasingQuality@3] File [C:/Users/ondra/Documents/Projects/UE4/2021-yr1-Team-Rem/NameLessMaze/Saved/Config/Windows/Scalability.ini]
[2021.02.20-21.45.52:567][  0]LogConfig: Setting CVar [[r.PostProcessAAQuality:4]]
[2021.02.20-21.45.52:567][  0]LogConfig: Applying CVar settings from Section [ShadowQuality@3] File [C:/Users/ondra/Documents/Projects/UE4/2021-yr1-Team-Rem/NameLessMaze/Saved/Config/Windows/Scalability.ini]
[2021.02.20-21.45.52:567][  0]LogConfig: Setting CVar [[r.LightFunctionQuality:1]]
[2021.02.20-21.45.52:567][  0]LogConfig: Setting CVar [[r.ShadowQuality:5]]
[2021.02.20-21.45.52:567][  0]LogConfig: Setting CVar [[r.Shadow.CSM.MaxCascades:10]]
[2021.02.20-21.45.52:567][  0]LogConfig: Setting CVar [[r.Shadow.MaxResolution:2048]]
[2021.02.20-21.45.52:567][  0]LogConfig: Setting CVar [[r.Shadow.MaxCSMResolution:2048]]
[2021.02.20-21.45.52:567][  0]LogConfig: Setting CVar [[r.Shadow.RadiusThreshold:0.01]]
[2021.02.20-21.45.52:567][  0]LogConfig: Setting CVar [[r.Shadow.DistanceScale:1.0]]
[2021.02.20-21.45.52:567][  0]LogConfig: Setting CVar [[r.Shadow.CSM.TransitionScale:1.0]]
[2021.02.20-21.45.52:567][  0]LogConfig: Setting CVar [[r.Shadow.PreShadowResolutionFactor:1.0]]
[2021.02.20-21.45.52:567][  0]LogConfig: Setting CVar [[r.DistanceFieldShadowing:1]]
[2021.02.20-21.45.52:567][  0]LogConfig: Setting CVar [[r.DistanceFieldAO:1]]
[2021.02.20-21.45.52:567][  0]LogConfig: Setting CVar [[r.AOQuality:2]]
[2021.02.20-21.45.52:567][  0]LogConfig: Setting CVar [[r.VolumetricFog:1]]
[2021.02.20-21.45.52:567][  0]LogConfig: Setting CVar [[r.VolumetricFog.GridPixelSize:8]]
[2021.02.20-21.45.52:567][  0]LogConfig: Setting CVar [[r.VolumetricFog.GridSizeZ:128]]
[2021.02.20-21.45.52:567][  0]LogConfig: Setting CVar [[r.VolumetricFog.HistoryMissSupersampleCount:4]]
[2021.02.20-21.45.52:567][  0]LogConfig: Setting CVar [[r.LightMaxDrawDistanceScale:1]]
[2021.02.20-21.45.52:567][  0]LogConfig: Setting CVar [[r.CapsuleShadows:1]]
[2021.02.20-21.45.52:567][  0]LogConfig: Applying CVar settings from Section [PostProcessQuality@3] File [C:/Users/ondra/Documents/Projects/UE4/2021-yr1-Team-Rem/NameLessMaze/Saved/Config/Windows/Scalability.ini]
[2021.02.20-21.45.52:567][  0]LogConfig: Setting CVar [[r.MotionBlurQuality:4]]
[2021.02.20-21.45.52:567][  0]LogConfig: Setting CVar [[r.AmbientOcclusionMipLevelFactor:0.4]]
[2021.02.20-21.45.52:567][  0]LogConfig: Setting CVar [[r.AmbientOcclusionMaxQuality:100]]
[2021.02.20-21.45.52:567][  0]LogConfig: Setting CVar [[r.AmbientOcclusionLevels:-1]]
[2021.02.20-21.45.52:567][  0]LogConfig: Setting CVar [[r.AmbientOcclusionRadiusScale:1.0]]
[2021.02.20-21.45.52:567][  0]LogConfig: Setting CVar [[r.DepthOfFieldQuality:2]]
[2021.02.20-21.45.52:567][  0]LogConfig: Setting CVar [[r.RenderTargetPoolMin:400]]
[2021.02.20-21.45.52:567][  0]LogConfig: Setting CVar [[r.LensFlareQuality:2]]
[2021.02.20-21.45.52:567][  0]LogConfig: Setting CVar [[r.SceneColorFringeQuality:1]]
[2021.02.20-21.45.52:567][  0]LogConfig: Setting CVar [[r.EyeAdaptationQuality:2]]
[2021.02.20-21.45.52:567][  0]LogConfig: Setting CVar [[r.BloomQuality:5]]
[2021.02.20-21.45.52:567][  0]LogConfig: Setting CVar [[r.FastBlurThreshold:100]]
[2021.02.20-21.45.52:567][  0]LogConfig: Setting CVar [[r.Upscale.Quality:3]]
[2021.02.20-21.45.52:568][  0]LogConfig: Setting CVar [[r.Tonemapper.GrainQuantization:1]]
[2021.02.20-21.45.52:568][  0]LogConfig: Setting CVar [[r.LightShaftQuality:1]]
[2021.02.20-21.45.52:568][  0]LogConfig: Setting CVar [[r.Filter.SizeScale:1]]
[2021.02.20-21.45.52:568][  0]LogConfig: Setting CVar [[r.Tonemapper.Quality:5]]
[2021.02.20-21.45.52:568][  0]LogConfig: Setting CVar [[r.DOF.Gather.AccumulatorQuality:1        ; higher gathering accumulator quality]]
[2021.02.20-21.45.52:568][  0]LogConfig: Setting CVar [[r.DOF.Gather.PostfilterMethod:1          ; Median3x3 postfilering method]]
[2021.02.20-21.45.52:568][  0]LogConfig: Setting CVar [[r.DOF.Gather.EnableBokehSettings:0       ; no bokeh simulation when gathering]]
[2021.02.20-21.45.52:568][  0]LogConfig: Setting CVar [[r.DOF.Gather.RingCount:4                 ; medium number of samples when gathering]]
[2021.02.20-21.45.52:568][  0]LogConfig: Setting CVar [[r.DOF.Scatter.ForegroundCompositing:1    ; additive foreground scattering]]
[2021.02.20-21.45.52:568][  0]LogConfig: Setting CVar [[r.DOF.Scatter.BackgroundCompositing:2    ; additive background scattering]]
[2021.02.20-21.45.52:568][  0]LogConfig: Setting CVar [[r.DOF.Scatter.EnableBokehSettings:1      ; bokeh simulation when scattering]]
[2021.02.20-21.45.52:568][  0]LogConfig: Setting CVar [[r.DOF.Scatter.MaxSpriteRatio:0.1         ; only a maximum of 10% of scattered bokeh]]
[2021.02.20-21.45.52:568][  0]LogConfig: Setting CVar [[r.DOF.Recombine.Quality:1                ; cheap slight out of focus]]
[2021.02.20-21.45.52:568][  0]LogConfig: Setting CVar [[r.DOF.Recombine.EnableBokehSettings:0    ; no bokeh simulation on slight out of focus]]
[2021.02.20-21.45.52:568][  0]LogConfig: Setting CVar [[r.DOF.TemporalAAQuality:1                ; more stable temporal accumulation]]
[2021.02.20-21.45.52:568][  0]LogConfig: Setting CVar [[r.DOF.Kernel.MaxForegroundRadius:0.025]]
[2021.02.20-21.45.52:568][  0]LogConfig: Setting CVar [[r.DOF.Kernel.MaxBackgroundRadius:0.025]]
[2021.02.20-21.45.52:568][  0]LogConfig: Applying CVar settings from Section [TextureQuality@3] File [C:/Users/ondra/Documents/Projects/UE4/2021-yr1-Team-Rem/NameLessMaze/Saved/Config/Windows/Scalability.ini]
[2021.02.20-21.45.52:568][  0]LogConfig: Setting CVar [[r.Streaming.MipBias:0]]
[2021.02.20-21.45.52:568][  0]LogConfig: Setting CVar [[r.Streaming.AmortizeCPUToGPUCopy:0]]
[2021.02.20-21.45.52:568][  0]LogConfig: Setting CVar [[r.Streaming.MaxNumTexturesToStreamPerFrame:0]]
[2021.02.20-21.45.52:568][  0]LogConfig: Setting CVar [[r.Streaming.Boost:1]]
[2021.02.20-21.45.52:568][  0]LogConfig: Setting CVar [[r.MaxAnisotropy:8]]
[2021.02.20-21.45.52:568][  0]LogConfig: Setting CVar [[r.VT.MaxAnisotropy:8]]
[2021.02.20-21.45.52:568][  0]LogConfig: Setting CVar [[r.Streaming.LimitPoolSizeToVRAM:0]]
[2021.02.20-21.45.52:568][  0]LogConfig: Setting CVar [[r.Streaming.PoolSize:1000]]
[2021.02.20-21.45.52:568][  0]LogConfig: Setting CVar [[r.Streaming.MaxEffectiveScreenSize:0]]
[2021.02.20-21.45.52:568][  0]LogConfig: Applying CVar settings from Section [EffectsQuality@3] File [C:/Users/ondra/Documents/Projects/UE4/2021-yr1-Team-Rem/NameLessMaze/Saved/Config/Windows/Scalability.ini]
[2021.02.20-21.45.52:568][  0]LogConfig: Setting CVar [[r.TranslucencyLightingVolumeDim:64]]
[2021.02.20-21.45.52:568][  0]LogConfig: Setting CVar [[r.RefractionQuality:2]]
[2021.02.20-21.45.52:568][  0]LogConfig: Setting CVar [[r.SSR.Quality:3]]
[2021.02.20-21.45.52:568][  0]LogConfig: Setting CVar [[r.SSR.HalfResSceneColor:0]]
[2021.02.20-21.45.52:568][  0]LogConfig: Setting CVar [[r.SceneColorFormat:4]]
[2021.02.20-21.45.52:568][  0]LogConfig: Setting CVar [[r.DetailMode:2]]
[2021.02.20-21.45.52:568][  0]LogConfig: Setting CVar [[r.TranslucencyVolumeBlur:1]]
[2021.02.20-21.45.52:568][  0]LogConfig: Setting CVar [[r.MaterialQualityLevel:1 ; High quality]]
[2021.02.20-21.45.52:568][  0]LogConfig: Setting CVar [[r.SSS.Scale:1]]
[2021.02.20-21.45.52:568][  0]LogConfig: Setting CVar [[r.SSS.SampleSet:2]]
[2021.02.20-21.45.52:568][  0]LogConfig: Setting CVar [[r.SSS.Quality:1]]
[2021.02.20-21.45.52:568][  0]LogConfig: Setting CVar [[r.SSS.HalfRes:0]]
[2021.02.20-21.45.52:568][  0]LogConfig: Setting CVar [[r.SSGI.Quality:3]]
[2021.02.20-21.45.52:568][  0]LogConfig: Setting CVar [[r.EmitterSpawnRateScale:1.0]]
[2021.02.20-21.45.52:568][  0]LogConfig: Setting CVar [[r.ParticleLightQuality:2]]
[2021.02.20-21.45.52:568][  0]LogConfig: Setting CVar [[r.SkyAtmosphere.AerialPerspectiveLUT.FastApplyOnOpaque:1 ; Always have FastSkyLUT 1 in this case to avoid wrong sky]]
[2021.02.20-21.45.52:568][  0]LogConfig: Setting CVar [[r.SkyAtmosphere.AerialPerspectiveLUT.SampleCountPerSlice:1]]
[2021.02.20-21.45.52:568][  0]LogConfig: Setting CVar [[r.SkyAtmosphere.AerialPerspectiveLUT.DepthResolution:16.0]]
[2021.02.20-21.45.52:569][  0]LogConfig: Setting CVar [[r.SkyAtmosphere.FastSkyLUT:1]]
[2021.02.20-21.45.52:569][  0]LogConfig: Setting CVar [[r.SkyAtmosphere.FastSkyLUT.SampleCountMin:4.0]]
[2021.02.20-21.45.52:569][  0]LogConfig: Setting CVar [[r.SkyAtmosphere.FastSkyLUT.SampleCountMax:32.0]]
[2021.02.20-21.45.52:569][  0]LogConfig: Setting CVar [[r.SkyAtmosphere.SampleCountMin:4.0]]
[2021.02.20-21.45.52:569][  0]LogConfig: Setting CVar [[r.SkyAtmosphere.SampleCountMax:32.0]]
[2021.02.20-21.45.52:569][  0]LogConfig: Setting CVar [[r.SkyAtmosphere.TransmittanceLUT.UseSmallFormat:0]]
[2021.02.20-21.45.52:569][  0]LogConfig: Setting CVar [[r.SkyAtmosphere.TransmittanceLUT.SampleCount:10.0]]
[2021.02.20-21.45.52:569][  0]LogConfig: Setting CVar [[r.SkyAtmosphere.MultiScatteringLUT.SampleCount:15.0]]
[2021.02.20-21.45.52:569][  0]LogConfig: Applying CVar settings from Section [FoliageQuality@3] File [C:/Users/ondra/Documents/Projects/UE4/2021-yr1-Team-Rem/NameLessMaze/Saved/Config/Windows/Scalability.ini]
[2021.02.20-21.45.52:569][  0]LogConfig: Setting CVar [[foliage.DensityScale:1.0]]
[2021.02.20-21.45.52:569][  0]LogConfig: Setting CVar [[grass.DensityScale:1.0]]
[2021.02.20-21.45.52:569][  0]LogConfig: Applying CVar settings from Section [ShadingQuality@3] File [C:/Users/ondra/Documents/Projects/UE4/2021-yr1-Team-Rem/NameLessMaze/Saved/Config/Windows/Scalability.ini]
[2021.02.20-21.45.52:569][  0]LogConfig: Setting CVar [[r.HairStrands.SkyLighting.SampleCount:16]]
[2021.02.20-21.45.52:569][  0]LogConfig: Setting CVar [[r.HairStrands.SkyLighting.JitterIntegration:0]]
[2021.02.20-21.45.52:569][  0]LogConfig: Setting CVar [[r.HairStrands.SkyAO.SampleCount:16]]
[2021.02.20-21.45.52:569][  0]LogConfig: Setting CVar [[r.HairStrands.DeepShadow.SuperSampling:0]]
[2021.02.20-21.45.52:569][  0]LogConfig: Setting CVar [[r.HairStrands.VisibilityPPLL:0]]
[2021.02.20-21.45.52:569][  0]LogConfig: Setting CVar [[r.HairStrands.RasterizationScale:0.5]]
[2021.02.20-21.45.52:569][  0]LogConfig: Setting CVar [[r.HairStrands.VelocityRasterizationScale:1]]
[2021.02.20-21.45.52:569][  0]LogInit: Selected Device Profile: [Windows]
[2021.02.20-21.45.52:569][  0]LogInit: Applying CVar settings loaded from the selected device profile: [Windows]
[2021.02.20-21.45.52:570][  0]LogHAL: Display: Platform has ~ 16 GB [17022767104 / 17179869184 / 16], which maps to Larger [LargestMinGB=32, LargerMinGB=12, DefaultMinGB=8, SmallerMinGB=6, SmallestMinGB=0)
[2021.02.20-21.45.52:570][  0]LogInit: Going up to parent DeviceProfile []
[2021.02.20-21.45.52:570][  0]LogConfig: Applying CVar settings from Section [ViewDistanceQuality@3] File [C:/Users/ondra/Documents/Projects/UE4/2021-yr1-Team-Rem/NameLessMaze/Saved/Config/Windows/Scalability.ini]
[2021.02.20-21.45.52:570][  0]LogConfig: Setting CVar [[r.SkeletalMeshLODBias:0]]
[2021.02.20-21.45.52:570][  0]LogConfig: Setting CVar [[r.ViewDistanceScale:1.0]]
[2021.02.20-21.45.52:570][  0]LogConfig: Applying CVar settings from Section [AntiAliasingQuality@3] File [C:/Users/ondra/Documents/Projects/UE4/2021-yr1-Team-Rem/NameLessMaze/Saved/Config/Windows/Scalability.ini]
[2021.02.20-21.45.52:570][  0]LogConfig: Setting CVar [[r.PostProcessAAQuality:4]]
[2021.02.20-21.45.52:570][  0]LogConfig: Applying CVar settings from Section [ShadowQuality@3] File [C:/Users/ondra/Documents/Projects/UE4/2021-yr1-Team-Rem/NameLessMaze/Saved/Config/Windows/Scalability.ini]
[2021.02.20-21.45.52:570][  0]LogConfig: Setting CVar [[r.LightFunctionQuality:1]]
[2021.02.20-21.45.52:570][  0]LogConfig: Setting CVar [[r.ShadowQuality:5]]
[2021.02.20-21.45.52:570][  0]LogConfig: Setting CVar [[r.Shadow.CSM.MaxCascades:10]]
[2021.02.20-21.45.52:570][  0]LogConfig: Setting CVar [[r.Shadow.MaxResolution:2048]]
[2021.02.20-21.45.52:570][  0]LogConfig: Setting CVar [[r.Shadow.MaxCSMResolution:2048]]
[2021.02.20-21.45.52:570][  0]LogConfig: Setting CVar [[r.Shadow.RadiusThreshold:0.01]]
[2021.02.20-21.45.52:570][  0]LogConfig: Setting CVar [[r.Shadow.DistanceScale:1.0]]
[2021.02.20-21.45.52:570][  0]LogConfig: Setting CVar [[r.Shadow.CSM.TransitionScale:1.0]]
[2021.02.20-21.45.52:570][  0]LogConfig: Setting CVar [[r.Shadow.PreShadowResolutionFactor:1.0]]
[2021.02.20-21.45.52:570][  0]LogConfig: Setting CVar [[r.DistanceFieldShadowing:1]]
[2021.02.20-21.45.52:570][  0]LogConfig: Setting CVar [[r.DistanceFieldAO:1]]
[2021.02.20-21.45.52:570][  0]LogConfig: Setting CVar [[r.AOQuality:2]]
[2021.02.20-21.45.52:570][  0]LogConfig: Setting CVar [[r.VolumetricFog:1]]
[2021.02.20-21.45.52:570][  0]LogConfig: Setting CVar [[r.VolumetricFog.GridPixelSize:8]]
[2021.02.20-21.45.52:570][  0]LogConfig: Setting CVar [[r.VolumetricFog.GridSizeZ:128]]
[2021.02.20-21.45.52:570][  0]LogConfig: Setting CVar [[r.VolumetricFog.HistoryMissSupersampleCount:4]]
[2021.02.20-21.45.52:570][  0]LogConfig: Setting CVar [[r.LightMaxDrawDistanceScale:1]]
[2021.02.20-21.45.52:570][  0]LogConfig: Setting CVar [[r.CapsuleShadows:1]]
[2021.02.20-21.45.52:570][  0]LogConfig: Applying CVar settings from Section [PostProcessQuality@3] File [C:/Users/ondra/Documents/Projects/UE4/2021-yr1-Team-Rem/NameLessMaze/Saved/Config/Windows/Scalability.ini]
[2021.02.20-21.45.52:570][  0]LogConfig: Setting CVar [[r.MotionBlurQuality:4]]
[2021.02.20-21.45.52:570][  0]LogConfig: Setting CVar [[r.AmbientOcclusionMipLevelFactor:0.4]]
[2021.02.20-21.45.52:570][  0]LogConfig: Setting CVar [[r.AmbientOcclusionMaxQuality:100]]
[2021.02.20-21.45.52:570][  0]LogConfig: Setting CVar [[r.AmbientOcclusionLevels:-1]]
[2021.02.20-21.45.52:570][  0]LogConfig: Setting CVar [[r.AmbientOcclusionRadiusScale:1.0]]
[2021.02.20-21.45.52:571][  0]LogConfig: Setting CVar [[r.DepthOfFieldQuality:2]]
[2021.02.20-21.45.52:571][  0]LogConfig: Setting CVar [[r.RenderTargetPoolMin:400]]
[2021.02.20-21.45.52:571][  0]LogConfig: Setting CVar [[r.LensFlareQuality:2]]
[2021.02.20-21.45.52:571][  0]LogConfig: Setting CVar [[r.SceneColorFringeQuality:1]]
[2021.02.20-21.45.52:571][  0]LogConfig: Setting CVar [[r.EyeAdaptationQuality:2]]
[2021.02.20-21.45.52:571][  0]LogConfig: Setting CVar [[r.BloomQuality:5]]
[2021.02.20-21.45.52:571][  0]LogConfig: Setting CVar [[r.FastBlurThreshold:100]]
[2021.02.20-21.45.52:571][  0]LogConfig: Setting CVar [[r.Upscale.Quality:3]]
[2021.02.20-21.45.52:571][  0]LogConfig: Setting CVar [[r.Tonemapper.GrainQuantization:1]]
[2021.02.20-21.45.52:571][  0]LogConfig: Setting CVar [[r.LightShaftQuality:1]]
[2021.02.20-21.45.52:571][  0]LogConfig: Setting CVar [[r.Filter.SizeScale:1]]
[2021.02.20-21.45.52:571][  0]LogConfig: Setting CVar [[r.Tonemapper.Quality:5]]
[2021.02.20-21.45.52:571][  0]LogConfig: Setting CVar [[r.DOF.Gather.AccumulatorQuality:1        ; higher gathering accumulator quality]]
[2021.02.20-21.45.52:571][  0]LogConfig: Setting CVar [[r.DOF.Gather.PostfilterMethod:1          ; Median3x3 postfilering method]]
[2021.02.20-21.45.52:571][  0]LogConfig: Setting CVar [[r.DOF.Gather.EnableBokehSettings:0       ; no bokeh simulation when gathering]]
[2021.02.20-21.45.52:571][  0]LogConfig: Setting CVar [[r.DOF.Gather.RingCount:4                 ; medium number of samples when gathering]]
[2021.02.20-21.45.52:571][  0]LogConfig: Setting CVar [[r.DOF.Scatter.ForegroundCompositing:1    ; additive foreground scattering]]
[2021.02.20-21.45.52:571][  0]LogConfig: Setting CVar [[r.DOF.Scatter.BackgroundCompositing:2    ; additive background scattering]]
[2021.02.20-21.45.52:571][  0]LogConfig: Setting CVar [[r.DOF.Scatter.EnableBokehSettings:1      ; bokeh simulation when scattering]]
[2021.02.20-21.45.52:571][  0]LogConfig: Setting CVar [[r.DOF.Scatter.MaxSpriteRatio:0.1         ; only a maximum of 10% of scattered bokeh]]
[2021.02.20-21.45.52:571][  0]LogConfig: Setting CVar [[r.DOF.Recombine.Quality:1                ; cheap slight out of focus]]
[2021.02.20-21.45.52:571][  0]LogConfig: Setting CVar [[r.DOF.Recombine.EnableBokehSettings:0    ; no bokeh simulation on slight out of focus]]
[2021.02.20-21.45.52:571][  0]LogConfig: Setting CVar [[r.DOF.TemporalAAQuality:1                ; more stable temporal accumulation]]
[2021.02.20-21.45.52:571][  0]LogConfig: Setting CVar [[r.DOF.Kernel.MaxForegroundRadius:0.025]]
[2021.02.20-21.45.52:571][  0]LogConfig: Setting CVar [[r.DOF.Kernel.MaxBackgroundRadius:0.025]]
[2021.02.20-21.45.52:571][  0]LogConfig: Applying CVar settings from Section [TextureQuality@3] File [C:/Users/ondra/Documents/Projects/UE4/2021-yr1-Team-Rem/NameLessMaze/Saved/Config/Windows/Scalability.ini]
[2021.02.20-21.45.52:571][  0]LogConfig: Setting CVar [[r.Streaming.MipBias:0]]
[2021.02.20-21.45.52:571][  0]LogConfig: Setting CVar [[r.Streaming.AmortizeCPUToGPUCopy:0]]
[2021.02.20-21.45.52:571][  0]LogConfig: Setting CVar [[r.Streaming.MaxNumTexturesToStreamPerFrame:0]]
[2021.02.20-21.45.52:571][  0]LogConfig: Setting CVar [[r.Streaming.Boost:1]]
[2021.02.20-21.45.52:571][  0]LogConfig: Setting CVar [[r.MaxAnisotropy:8]]
[2021.02.20-21.45.52:571][  0]LogConfig: Setting CVar [[r.VT.MaxAnisotropy:8]]
[2021.02.20-21.45.52:571][  0]LogConfig: Setting CVar [[r.Streaming.LimitPoolSizeToVRAM:0]]
[2021.02.20-21.45.52:571][  0]LogConfig: Setting CVar [[r.Streaming.PoolSize:1000]]
[2021.02.20-21.45.52:571][  0]LogConfig: Setting CVar [[r.Streaming.MaxEffectiveScreenSize:0]]
[2021.02.20-21.45.52:571][  0]LogConfig: Applying CVar settings from Section [EffectsQuality@3] File [C:/Users/ondra/Documents/Projects/UE4/2021-yr1-Team-Rem/NameLessMaze/Saved/Config/Windows/Scalability.ini]
[2021.02.20-21.45.52:571][  0]LogConfig: Setting CVar [[r.TranslucencyLightingVolumeDim:64]]
[2021.02.20-21.45.52:571][  0]LogConfig: Setting CVar [[r.RefractionQuality:2]]
[2021.02.20-21.45.52:571][  0]LogConfig: Setting CVar [[r.SSR.Quality:3]]
[2021.02.20-21.45.52:571][  0]LogConfig: Setting CVar [[r.SSR.HalfResSceneColor:0]]
[2021.02.20-21.45.52:571][  0]LogConfig: Setting CVar [[r.SceneColorFormat:4]]
[2021.02.20-21.45.52:571][  0]LogConfig: Setting CVar [[r.DetailMode:2]]
[2021.02.20-21.45.52:572][  0]LogConfig: Setting CVar [[r.TranslucencyVolumeBlur:1]]
[2021.02.20-21.45.52:572][  0]LogConfig: Setting CVar [[r.MaterialQualityLevel:1 ; High quality]]
[2021.02.20-21.45.52:572][  0]LogConfig: Setting CVar [[r.SSS.Scale:1]]
[2021.02.20-21.45.52:572][  0]LogConfig: Setting CVar [[r.SSS.SampleSet:2]]
[2021.02.20-21.45.52:572][  0]LogConfig: Setting CVar [[r.SSS.Quality:1]]
[2021.02.20-21.45.52:572][  0]LogConfig: Setting CVar [[r.SSS.HalfRes:0]]
[2021.02.20-21.45.52:572][  0]LogConfig: Setting CVar [[r.SSGI.Quality:3]]
[2021.02.20-21.45.52:572][  0]LogConfig: Setting CVar [[r.EmitterSpawnRateScale:1.0]]
[2021.02.20-21.45.52:572][  0]LogConfig: Setting CVar [[r.ParticleLightQuality:2]]
[2021.02.20-21.45.52:572][  0]LogConfig: Setting CVar [[r.SkyAtmosphere.AerialPerspectiveLUT.FastApplyOnOpaque:1 ; Always have FastSkyLUT 1 in this case to avoid wrong sky]]
[2021.02.20-21.45.52:572][  0]LogConfig: Setting CVar [[r.SkyAtmosphere.AerialPerspectiveLUT.SampleCountPerSlice:1]]
[2021.02.20-21.45.52:572][  0]LogConfig: Setting CVar [[r.SkyAtmosphere.AerialPerspectiveLUT.DepthResolution:16.0]]
[2021.02.20-21.45.52:572][  0]LogConfig: Setting CVar [[r.SkyAtmosphere.FastSkyLUT:1]]
[2021.02.20-21.45.52:572][  0]LogConfig: Setting CVar [[r.SkyAtmosphere.FastSkyLUT.SampleCountMin:4.0]]
[2021.02.20-21.45.52:572][  0]LogConfig: Setting CVar [[r.SkyAtmosphere.FastSkyLUT.SampleCountMax:32.0]]
[2021.02.20-21.45.52:572][  0]LogConfig: Setting CVar [[r.SkyAtmosphere.SampleCountMin:4.0]]
[2021.02.20-21.45.52:572][  0]LogConfig: Setting CVar [[r.SkyAtmosphere.SampleCountMax:32.0]]
[2021.02.20-21.45.52:572][  0]LogConfig: Setting CVar [[r.SkyAtmosphere.TransmittanceLUT.UseSmallFormat:0]]
[2021.02.20-21.45.52:572][  0]LogConfig: Setting CVar [[r.SkyAtmosphere.TransmittanceLUT.SampleCount:10.0]]
[2021.02.20-21.45.52:572][  0]LogConfig: Setting CVar [[r.SkyAtmosphere.MultiScatteringLUT.SampleCount:15.0]]
[2021.02.20-21.45.52:572][  0]LogConfig: Applying CVar settings from Section [FoliageQuality@3] File [C:/Users/ondra/Documents/Projects/UE4/2021-yr1-Team-Rem/NameLessMaze/Saved/Config/Windows/Scalability.ini]
[2021.02.20-21.45.52:572][  0]LogConfig: Setting CVar [[foliage.DensityScale:1.0]]
[2021.02.20-21.45.52:572][  0]LogConfig: Setting CVar [[grass.DensityScale:1.0]]
[2021.02.20-21.45.52:572][  0]LogConfig: Applying CVar settings from Section [ShadingQuality@3] File [C:/Users/ondra/Documents/Projects/UE4/2021-yr1-Team-Rem/NameLessMaze/Saved/Config/Windows/Scalability.ini]
[2021.02.20-21.45.52:572][  0]LogConfig: Setting CVar [[r.HairStrands.SkyLighting.SampleCount:16]]
[2021.02.20-21.45.52:572][  0]LogConfig: Setting CVar [[r.HairStrands.SkyLighting.JitterIntegration:0]]
[2021.02.20-21.45.52:572][  0]LogConfig: Setting CVar [[r.HairStrands.SkyAO.SampleCount:16]]
[2021.02.20-21.45.52:572][  0]LogConfig: Setting CVar [[r.HairStrands.DeepShadow.SuperSampling:0]]
[2021.02.20-21.45.52:572][  0]LogConfig: Setting CVar [[r.HairStrands.VisibilityPPLL:0]]
[2021.02.20-21.45.52:572][  0]LogConfig: Setting CVar [[r.HairStrands.RasterizationScale:0.5]]
[2021.02.20-21.45.52:572][  0]LogConfig: Setting CVar [[r.HairStrands.VelocityRasterizationScale:1]]
[2021.02.20-21.45.52:572][  0]LogConfig: Applying CVar settings from Section [Startup] File [../../../Engine/Config/ConsoleVariables.ini]
[2021.02.20-21.45.52:572][  0]LogConfig: Setting CVar [[net.UseAdaptiveNetUpdateFrequency:0]]
[2021.02.20-21.45.52:572][  0]LogConfig: Setting CVar [[p.chaos.AllowCreatePhysxBodies:1]]
[2021.02.20-21.45.52:572][  0]LogConfig: Setting CVar [[fx.SkipVectorVMBackendOptimizations:1]]
[2021.02.20-21.45.52:573][  0]LogConfig: Applying CVar settings from Section [ConsoleVariables] File [C:/Users/ondra/Documents/Projects/UE4/2021-yr1-Team-Rem/NameLessMaze/Saved/Config/Windows/Engine.ini]
[2021.02.20-21.45.52:573][  0]LogInit: Computer: DESKTOP-FFIV9CS
[2021.02.20-21.45.52:573][  0]LogInit: User: ondra
[2021.02.20-21.45.52:573][  0]LogInit: CPU Page size=4096, Cores=6
[2021.02.20-21.45.52:573][  0]LogInit: High frequency timer resolution =10.000000 MHz
[2021.02.20-21.45.52:573][  0]LogMemory: Memory total: Physical=15.9GB (16GB approx)
[2021.02.20-21.45.52:573][  0]LogMemory: Platform Memory Stats for Windows
[2021.02.20-21.45.52:573][  0]LogMemory: Process Physical Memory: 123.16 MB used, 123.17 MB peak
[2021.02.20-21.45.52:573][  0]LogMemory: Process Virtual Memory: 107.36 MB used, 107.36 MB peak
[2021.02.20-21.45.52:573][  0]LogMemory: Physical Memory: 8520.98 MB used,  7713.19 MB free, 16234.18 MB total
[2021.02.20-21.45.52:573][  0]LogMemory: Virtual Memory: 5186.44 MB used,  134212544.00 MB free, 134217728.00 MB total
[2021.02.20-21.45.52:579][  0]LogWindows: WindowsPlatformFeatures enabled
[2021.02.20-21.45.52:636][  0]LogInit: Physics initialised using underlying interface: PhysX
[2021.02.20-21.45.52:637][  0]LogInit: Using OS detected language (en-GB).
[2021.02.20-21.45.52:637][  0]LogInit: Using OS detected locale (en-GB).
[2021.02.20-21.45.52:639][  0]LogTextLocalizationManager: No specific localization for 'en-GB' exists, so the 'en' localization will be used.
[2021.02.20-21.45.52:813][  0]LogInit: Setting process to per monitor DPI aware
[2021.02.20-21.45.52:843][  0]LogSlate: New Slate User Created.  User Index 0, Is Virtual User: 0
[2021.02.20-21.45.52:843][  0]LogSlate: Slate User Registered.  User Index 0, Is Virtual User: 0
[2021.02.20-21.45.53:046][  0]LogD3D11RHI: D3D11 min allowed feature level: 11_0
[2021.02.20-21.45.53:046][  0]LogD3D11RHI: D3D11 max allowed feature level: 11_0
[2021.02.20-21.45.53:046][  0]LogD3D11RHI: D3D11 adapters:
[2021.02.20-21.45.53:141][  0]LogD3D11RHI:    0. 'NVIDIA GeForce RTX 2080 with Max-Q Design' (Feature Level 11_0)
[2021.02.20-21.45.53:141][  0]LogD3D11RHI:       8010/0/8117 MB DedicatedVideo/DedicatedSystem/SharedSystem, Outputs:1, VendorId:0x10de
[2021.02.20-21.45.53:169][  0]LogD3D11RHI:    1. 'Intel(R) UHD Graphics 630' (Feature Level 11_0)
[2021.02.20-21.45.53:169][  0]LogD3D11RHI:       128/0/8117 MB DedicatedVideo/DedicatedSystem/SharedSystem, Outputs:0, VendorId:0x8086
[2021.02.20-21.45.53:171][  0]LogD3D11RHI:    2. 'Microsoft Basic Render Driver' (Feature Level 11_0)
[2021.02.20-21.45.53:171][  0]LogD3D11RHI:       0/0/8117 MB DedicatedVideo/DedicatedSystem/SharedSystem, Outputs:0, VendorId:0x1414
[2021.02.20-21.45.53:171][  0]LogD3D11RHI: Chosen D3D11 Adapter: 0
[2021.02.20-21.45.53:179][  0]LogD3D11RHI: Creating new Direct3DDevice
[2021.02.20-21.45.53:179][  0]LogD3D11RHI:     GPU DeviceId: 0x1ed0 (for the marketing name, search the web for "GPU Device Id")
[2021.02.20-21.45.53:179][  0]LogWindows: EnumDisplayDevices:
[2021.02.20-21.45.53:179][  0]LogWindows:    0. 'Intel(R) UHD Graphics 630' (P:1 D:1)
[2021.02.20-21.45.53:180][  0]LogWindows:    1. 'Intel(R) UHD Graphics 630' (P:0 D:0)
[2021.02.20-21.45.53:180][  0]LogWindows:    2. 'Intel(R) UHD Graphics 630' (P:0 D:0)
[2021.02.20-21.45.53:181][  0]LogWindows:    3. 'NVIDIA GeForce RTX 2080 with Max-Q Design' (P:0 D:0)
[2021.02.20-21.45.53:181][  0]LogWindows:    4. 'NVIDIA GeForce RTX 2080 with Max-Q Design' (P:0 D:0)
[2021.02.20-21.45.53:181][  0]LogWindows:    5. 'NVIDIA GeForce RTX 2080 with Max-Q Design' (P:0 D:0)
[2021.02.20-21.45.53:182][  0]LogWindows:    6. 'NVIDIA GeForce RTX 2080 with Max-Q Design' (P:0 D:0)
[2021.02.20-21.45.53:182][  0]LogWindows: DebugString: PrimaryIsNotTheChoosenAdapter PrimaryIsNotTheChoosenAdapter PrimaryIsNotTheChoosenAdapter FoundDriverCount:4 
[2021.02.20-21.45.53:182][  0]LogD3D11RHI:     Adapter Name: NVIDIA GeForce RTX 2080 with Max-Q Design
[2021.02.20-21.45.53:182][  0]LogD3D11RHI:   Driver Version: 461.40 (internal:27.21.14.6140, unified:461.40)
[2021.02.20-21.45.53:182][  0]LogD3D11RHI:      Driver Date: 1-22-2021
[2021.02.20-21.45.53:182][  0]LogRHI: Texture pool is 5607 MB (70% of 8010 MB)
[2021.02.20-21.45.53:261][  0]LogD3D11RHI: RHI has support for 64 bit atomics
[2021.02.20-21.45.53:261][  0]LogD3D11RHI: Async texture creation enabled
[2021.02.20-21.45.53:261][  0]LogD3D11RHI: Array index from any shader is supported
[2021.02.20-21.45.53:282][  0]LogD3D11RHI: GPU Timing Frequency: 1000.000000 (Debug: 2 1)
[2021.02.20-21.45.53:590][  0]LogTargetPlatformManager: Display: Loaded TargetPlatform 'AllDesktop'
[2021.02.20-21.45.53:610][  0]LogTargetPlatformManager: Display: Loaded TargetPlatform 'Android'
[2021.02.20-21.45.53:610][  0]LogTargetPlatformManager: Display: Loaded TargetPlatform 'Android_ASTC'
[2021.02.20-21.45.53:610][  0]LogTargetPlatformManager: Display: Loaded TargetPlatform 'Android_DXT'
[2021.02.20-21.45.53:610][  0]LogTargetPlatformManager: Display: Loaded TargetPlatform 'Android_ETC2'
[2021.02.20-21.45.53:610][  0]LogTargetPlatformManager: Display: Loaded TargetPlatform 'AndroidClient'
[2021.02.20-21.45.53:610][  0]LogTargetPlatformManager: Display: Loaded TargetPlatform 'Android_ASTCClient'
[2021.02.20-21.45.53:610][  0]LogTargetPlatformManager: Display: Loaded TargetPlatform 'Android_DXTClient'
[2021.02.20-21.45.53:610][  0]LogTargetPlatformManager: Display: Loaded TargetPlatform 'Android_ETC2Client'
[2021.02.20-21.45.53:610][  0]LogTargetPlatformManager: Display: Loaded TargetPlatform 'Android_Multi'
[2021.02.20-21.45.53:611][  0]LogTargetPlatformManager: Display: Loaded TargetPlatform 'Android_MultiClient'
[2021.02.20-21.45.53:631][  0]LogTargetPlatformManager: Display: Loaded TargetPlatform 'IOSClient'
[2021.02.20-21.45.53:631][  0]LogTargetPlatformManager: Display: Loaded TargetPlatform 'IOS'
[2021.02.20-21.45.53:640][  0]LogTargetPlatformManager: Display: Loaded TargetPlatform 'Linux'
[2021.02.20-21.45.53:649][  0]LogTargetPlatformManager: Display: Loaded TargetPlatform 'LinuxNoEditor'
[2021.02.20-21.45.53:658][  0]LogTargetPlatformManager: Display: Loaded TargetPlatform 'LinuxClient'
[2021.02.20-21.45.53:666][  0]LogTargetPlatformManager: Display: Loaded TargetPlatform 'LinuxServer'
[2021.02.20-21.45.53:675][  0]LogTargetPlatformManager: Display: Loaded TargetPlatform 'LinuxAArch64NoEditor'
[2021.02.20-21.45.53:684][  0]LogTargetPlatformManager: Display: Loaded TargetPlatform 'LinuxAArch64Client'
[2021.02.20-21.45.53:692][  0]LogTargetPlatformManager: Display: Loaded TargetPlatform 'LinuxAArch64Server'
[2021.02.20-21.45.53:715][  0]LogTargetPlatformManager: Display: Loaded TargetPlatform 'Lumin'
[2021.02.20-21.45.53:715][  0]LogTargetPlatformManager: Display: Loaded TargetPlatform 'LuminClient'
[2021.02.20-21.45.53:730][  0]LogTargetPlatformManager: Display: Loaded TargetPlatform 'TVOSClient'
[2021.02.20-21.45.53:730][  0]LogTargetPlatformManager: Display: Loaded TargetPlatform 'TVOS'
[2021.02.20-21.45.53:738][  0]LogTargetPlatformManager: Display: Loaded TargetPlatform 'WindowsNoEditor'
[2021.02.20-21.45.53:748][  0]LogTargetPlatformManager: Display: Loaded TargetPlatform 'Windows'
[2021.02.20-21.45.53:756][  0]LogTargetPlatformManager: Display: Loaded TargetPlatform 'WindowsClient'
[2021.02.20-21.45.53:764][  0]LogTargetPlatformManager: Display: Loaded TargetPlatform 'WindowsServer'
[2021.02.20-21.45.53:764][  0]LogTargetPlatformManager: Display: Building Assets For Windows
[2021.02.20-21.45.53:771][  0]LogAudioDebug: Display: Lib vorbis DLL was dynamically loaded.
[2021.02.20-21.45.53:825][  0]LogShaderCompilers: Guid format shader working directory is -23 characters bigger than the processId version (C:/Users/ondra/Documents/Projects/UE4/2021-yr1-Team-Rem/NameLessMaze/Intermediate/Shaders/WorkingDirectory/20924/).
[2021.02.20-21.45.53:825][  0]LogShaderCompilers: Cleaned the shader compiler working directory 'C:/Users/ondra/AppData/Local/Temp/UnrealShaderWorkingDir/261E13EB4F3F20DE57D335846FC04E20/'.
[2021.02.20-21.45.53:825][  0]LogXGEController: Cleaning working directory: C:/Users/ondra/AppData/Local/Temp/UnrealXGEWorkingDir/
[2021.02.20-21.45.53:825][  0]LogXGEController: Cannot use XGE Controller as Incredibuild is not installed on this machine.
[2021.02.20-21.45.53:825][  0]LogShaderCompilers: Cannot use XGE Shader Compiler as Incredibuild is not installed on this machine.
[2021.02.20-21.45.53:825][  0]LogShaderCompilers: Display: Using Local Shader Compiler.
[2021.02.20-21.45.54:521][  0]LogDerivedDataCache: Display: Max Cache Size: 512 MB
[2021.02.20-21.45.54:570][  0]LogDerivedDataCache: Loaded boot cache 0.05s 79MB C:/Users/ondra/AppData/Local/UnrealEngine/4.25/DerivedDataCache/Boot.ddc.
[2021.02.20-21.45.54:570][  0]LogDerivedDataCache: Display: Loaded Boot cache: C:/Users/ondra/AppData/Local/UnrealEngine/4.25/DerivedDataCache/Boot.ddc
[2021.02.20-21.45.54:570][  0]LogDerivedDataCache: FDerivedDataBackendGraph:  Pak pak cache file C:/Users/ondra/Documents/Projects/UE4/2021-yr1-Team-Rem/NameLessMaze/DerivedDataCache/DDC.ddp not found, will not use a pak cache.
[2021.02.20-21.45.54:571][  0]LogDerivedDataCache: Unable to find inner node Pak for hierarchical cache Hierarchy.
[2021.02.20-21.45.54:571][  0]LogDerivedDataCache: FDerivedDataBackendGraph:  CompressedPak pak cache file C:/Users/ondra/Documents/Projects/UE4/2021-yr1-Team-Rem/NameLessMaze/DerivedDataCache/Compressed.ddp not found, will not use a pak cache.
[2021.02.20-21.45.54:571][  0]LogDerivedDataCache: Unable to find inner node CompressedPak for hierarchical cache Hierarchy.
[2021.02.20-21.45.54:580][  0]LogDerivedDataCache: Display: Pak cache opened for reading ../../../Engine/DerivedDataCache/Compressed.ddp.
[2021.02.20-21.45.54:580][  0]LogDerivedDataCache: FDerivedDataBackendGraph:  EnterprisePak pak cache file ../../../Enterprise/DerivedDataCache/Compressed.ddp not found, will not use a pak cache.
[2021.02.20-21.45.54:580][  0]LogDerivedDataCache: Unable to find inner node EnterprisePak for hierarchical cache Hierarchy.
[2021.02.20-21.45.54:581][  0]LogDerivedDataCache: Using Local data cache path C:/Users/ondra/AppData/Local/UnrealEngine/Common/DerivedDataCache: Writable
[2021.02.20-21.45.54:581][  0]LogDerivedDataCache: Shared data cache path not found in *engine.ini, will not use an Shared cache.
[2021.02.20-21.45.54:581][  0]LogDerivedDataCache: Unable to find inner node Shared for hierarchical cache Hierarchy.
[2021.02.20-21.45.54:628][  0]LogSlate: Using FreeType 2.10.0
[2021.02.20-21.45.54:629][  0]LogSlate: SlateFontServices - WITH_FREETYPE: 1, WITH_HARFBUZZ: 1
[2021.02.20-21.45.54:654][  0]LogAssetRegistry: FAssetRegistry took 0.0023 seconds to start up
[2021.02.20-21.45.54:868][  0]LogInit: Selected Device Profile: [Windows]
[2021.02.20-21.45.54:969][  0]LogMeshReduction: Using QuadricMeshReduction for automatic static mesh reduction
[2021.02.20-21.45.54:970][  0]LogMeshReduction: Using SimplygonMeshReduction for automatic skeletal mesh reduction
[2021.02.20-21.45.54:970][  0]LogMeshReduction: Using ProxyLODMeshReduction for automatic mesh merging
[2021.02.20-21.45.54:970][  0]LogMeshReduction: No distributed automatic mesh merging module available
[2021.02.20-21.45.54:970][  0]LogMeshMerging: No distributed automatic mesh merging module available
[2021.02.20-21.45.54:984][  0]LogNetVersion: NameLessMaze 1.0.0, NetCL: 13144385, EngineNetVer: 14, GameNetVer: 0 (Checksum: 2829512808)
[2021.02.20-21.45.55:386][  0]LogAISub: UAISubsystem::UAISubsystem AISubsystem (000001898461DC40), frame # 0
[2021.02.20-21.45.55:386][  0]LogAISub: UAISubsystem::UAISubsystem AIPerceptionSystem (0000018985553D80), frame # 0
[2021.02.20-21.45.55:388][  0]LogAISub: UAISubsystem::UAISubsystem EnvQueryManager (00000189845C1E00), frame # 0
[2021.02.20-21.45.55:423][  0]LogPackageLocalizationCache: Processed 20 localized package path(s) for 1 prioritized culture(s) in 0.029881 seconds
[2021.02.20-21.45.55:428][  0]LogUObjectArray: 15917 objects as part of root set at end of initial load.
[2021.02.20-21.45.55:428][  0]LogUObjectAllocator: 3965568 out of 0 bytes used by permanent object pool.
[2021.02.20-21.45.55:428][  0]LogUObjectArray: CloseDisregardForGC: 0/0 objects in disregard for GC pool
[2021.02.20-21.45.55:917][  0]LogTcpMessaging: Initializing TcpMessaging bridge
[2021.02.20-21.45.55:921][  0]LogUdpMessaging: Initializing bridge on interface 0.0.0.0:0 to multicast group 230.0.0.1:6666.
[2021.02.20-21.45.56:183][  0]SourceControl: Source control is disabled
[2021.02.20-21.45.57:315][  0]LogAndroidPermission: UAndroidPermissionCallbackProxy::GetInstance
[2021.02.20-21.45.57:332][  0]LogAudioCaptureCore: Display: No Audio Capture implementations found. Audio input will be silent.
[2021.02.20-21.45.57:333][  0]LogAudioCaptureCore: Display: No Audio Capture implementations found. Audio input will be silent.
[2021.02.20-21.45.57:378][  0]LogOcInput: OculusInput pre-init called
[2021.02.20-21.45.57:613][  0]LogEngine: Initializing Engine...
[2021.02.20-21.45.57:614][  0]LogHMD: Oculus plugin initialized. Version: 4.25.4-14469661+++UE4+Release-4.25, OVRPlugin: 1.44.0
[2021.02.20-21.45.57:615][  0]LogStats: UGameplayTagsManager::InitializeManager -  0.000 s
[2021.02.20-21.45.57:717][  0]LogInit: Initializing FReadOnlyCVARCache
[2021.02.20-21.45.57:724][  0]LogAIModule: Creating AISystem for world Untitled
[2021.02.20-21.45.57:725][  0]LogAISub: UAISubsystem::UAISubsystem EnvQueryManager (000001898CDC9600), frame # 0
[2021.02.20-21.45.57:725][  0]LogAISub: UAISubsystem::UAISubsystem AIPerceptionSystem (000001898CDA3880), frame # 0
[2021.02.20-21.45.57:743][  0]LogAudioMixer: Display: Audio Mixer Platform Settings:
[2021.02.20-21.45.57:743][  0]LogAudioMixer: Display: 	Sample Rate:						  48000
[2021.02.20-21.45.57:743][  0]LogAudioMixer: Display: 	Callback Buffer Frame Size Requested: 1024
[2021.02.20-21.45.57:743][  0]LogAudioMixer: Display: 	Callback Buffer Frame Size To Use:	  1024
[2021.02.20-21.45.57:743][  0]LogAudioMixer: Display: 	Number of buffers to queue:			  2
[2021.02.20-21.45.57:743][  0]LogAudioMixer: Display: 	Max Channels (voices):				  32
[2021.02.20-21.45.57:743][  0]LogAudioMixer: Display: 	Number of Async Source Workers:		  0
[2021.02.20-21.45.57:743][  0]LogAudio: Display: AudioDevice MaxSources: 32
[2021.02.20-21.45.57:743][  0]LogAudio: Display: Using built-in audio occlusion.
[2021.02.20-21.45.57:744][  0]LogAudioMixer: Display: Initializing audio mixer.
[2021.02.20-21.45.57:763][  0]LogAudioMixer: Display: 0: FrontLeft
[2021.02.20-21.45.57:763][  0]LogAudioMixer: Display: 1: FrontRight
[2021.02.20-21.45.58:377][  0]LogAudioMixer: Display: Using Audio Device Speakers (Realtek(R) Audio)
[2021.02.20-21.45.58:379][  0]LogAudioMixer: Display: Initializing Sound Submixes...
[2021.02.20-21.45.58:381][  0]LogAudioMixer: Display: Creating Master Submix 'MasterSubmixDefault'
[2021.02.20-21.45.58:381][  0]LogAudioMixer: Display: Creating Master Submix 'MasterReverbSubmixDefault'
[2021.02.20-21.45.58:382][  0]LogAudioMixer: Display: Creating Master Submix 'MasterEQSubmixDefault'
[2021.02.20-21.45.58:384][  0]LogInit: FAudioDevice initialized.
[2021.02.20-21.45.58:384][  0]LogNetVersion: Set ProjectVersion to 1.0.0.0. Version Checksum will be recalculated on next use.
[2021.02.20-21.45.58:441][  0]LogDerivedDataCache: Saved boot cache 0.06s 79MB C:/Users/ondra/AppData/Local/UnrealEngine/4.25/DerivedDataCache/Boot.ddc.
[2021.02.20-21.45.58:441][  0]LogInit: Texture streaming: Enabled
[2021.02.20-21.45.58:459][  0]LogEngineSessionManager: EngineSessionManager initialized
[2021.02.20-21.45.58:459][  0]LogEngineSessionManager: EngineSessionManager sent abnormal shutdown report. Type=Crashed, SessionId={B4745E7F-4E0B-DECF-3C09-13B371FB3DAF}
[2021.02.20-21.45.58:459][  0]LogEditorSessionSummary: Verbose: Initializing EditorSessionSummaryWriter for editor session tracking
[2021.02.20-21.45.58:468][  0]LogEditorSessionSummary: EditorSessionSummaryWriter initialized
[2021.02.20-21.45.58:504][  0]LogInit: Transaction tracking system initialized
[2021.02.20-21.45.58:522][  0]BlueprintLog: New page: Editor Load
[2021.02.20-21.45.58:580][  0]LocalizationService: Localization service is disabled
[2021.02.20-21.45.58:711][  0]LogCook: Display: Max memory allowance for cook 16384mb min free memory 0mb
[2021.02.20-21.45.58:711][  0]LogCook: Display: Mobile HDR setting 1
[2021.02.20-21.45.58:825][  0]LogFileCache: Scanning file cache for directory 'C:/Users/ondra/Documents/Projects/UE4/2021-yr1-Team-Rem/NameLessMaze/Content/' took 0.01s
[2021.02.20-21.45.59:027][  0]LogUnrealEdMisc: Loading editor; pre map load, took 8.086
[2021.02.20-21.45.59:027][  0]Cmd: MAP LOAD FILE="C:/Users/ondra/Documents/Projects/UE4/2021-yr1-Team-Rem/NameLessMaze/Content/FirstPersonBP/Maps/FirstPersonExampleMap.umap" TEMPLATE=0 SHOWPROGRESS=1 FEATURELEVEL=3
[2021.02.20-21.45.59:027][  0]LogEditorServer: Warning: Can't find file 'C:/Users/ondra/Documents/Projects/UE4/2021-yr1-Team-Rem/NameLessMaze/Content/FirstPersonBP/Maps/FirstPersonExampleMap.umap'
[2021.02.20-21.45.59:027][  0]Cmd: MAP CHECKDEP NOCLEARLOG
[2021.02.20-21.45.59:028][  0]MapCheck: Map check complete: 0 Error(s), 0 Warning(s), took 0.218ms to complete.
[2021.02.20-21.45.59:028][  0]LogFileHelpers: Loading map 'FirstPersonExampleMap' took 0.001
[2021.02.20-21.45.59:029][  0]LogUnrealEdMisc: Total Editor Startup Time, took 8.089
[2021.02.20-21.45.59:179][  0]LogSlate: Updating window title bar state: overlay mode, drag disabled, window buttons hidden, title bar hidden
[2021.02.20-21.45.59:189][  0]LogSlate: Updating window title bar state: overlay mode, drag disabled, window buttons hidden, title bar hidden
[2021.02.20-21.45.59:200][  0]LogSlate: Updating window title bar state: overlay mode, drag disabled, window buttons hidden, title bar hidden
[2021.02.20-21.45.59:211][  0]LogSlate: Updating window title bar state: overlay mode, drag disabled, window buttons hidden, title bar hidden
[2021.02.20-21.45.59:221][  0]LogCollectionManager: Loaded 0 collections in 0.000911 seconds
[2021.02.20-21.45.59:239][  0]LogFileCache: Scanning file cache for directory 'C:/Users/ondra/Documents/Projects/UE4/2021-yr1-Team-Rem/NameLessMaze/Saved/Collections/' took 0.00s
[2021.02.20-21.45.59:240][  0]LogFileCache: Scanning file cache for directory 'C:/Users/ondra/Documents/Projects/UE4/2021-yr1-Team-Rem/NameLessMaze/Content/Developers/ondra/Collections/' took 0.00s
[2021.02.20-21.45.59:240][  0]LogFileCache: Scanning file cache for directory 'C:/Users/ondra/Documents/Projects/UE4/2021-yr1-Team-Rem/NameLessMaze/Content/Collections/' took 0.00s
[2021.02.20-21.45.59:240][  0]LogContentBrowser: Native class hierarchy populated in 0.0121 seconds. Added 3454 classes and 830 folders.
[2021.02.20-21.45.59:241][  0]LogContentBrowser: Native class hierarchy updated for 'WidgetCarousel' in 0.0002 seconds. Added 0 classes and 0 folders.
[2021.02.20-21.45.59:303][  0]LogContentBrowser: Native class hierarchy updated for 'AddContentDialog' in 0.0003 seconds. Added 0 classes and 0 folders.
[2021.02.20-21.45.59:307][  0]LogContentBrowser: Native class hierarchy updated for 'SceneOutliner' in 0.0004 seconds. Added 2 classes and 0 folders.
[2021.02.20-21.45.59:420][  0]LogSlate: Took 0.000154 seconds to synchronously load lazily loaded font '../../../Engine/Content/Slate/Fonts/Roboto-Regular.ttf' (155K)
[2021.02.20-21.45.59:422][  0]LogSlate: Took 0.000252 seconds to synchronously load lazily loaded font '../../../Engine/Content/Slate/Fonts/Roboto-Bold.ttf' (160K)
[2021.02.20-21.45.59:431][  0]LogSlate: Took 0.000221 seconds to synchronously load lazily loaded font '../../../Engine/Content/Editor/Slate/Fonts/FontAwesome.ttf' (139K)
[2021.02.20-21.45.59:502][  0]LogRenderer: Reallocating scene render targets to support 1208x580 Format 10 NumSamples 1 (Frame:1).
[2021.02.20-21.45.59:616][  0]LogContentBrowser: Native class hierarchy updated for 'HierarchicalLODOutliner' in 0.0003 seconds. Added 0 classes and 0 folders.
[2021.02.20-21.45.59:616][  0]LogLoad: (Engine Initialization) Total time: 8.68 seconds
[2021.02.20-21.45.59:616][  0]LogLoad: (Engine Initialization) Total Blueprint compile time: 0.00 seconds
[2021.02.20-21.45.59:636][  0]LogOcInput: OculusInput is initialized
[2021.02.20-21.45.59:668][  0]LogAssetRegistry: Asset discovery search completed in 5.0161 seconds
[2021.02.20-21.45.59:674][  0]LogCollectionManager: Fixed up redirectors for 0 collections in 0.000003 seconds (updated 0 objects)
[2021.02.20-21.45.59:676][  0]LogContentStreaming: Texture pool size now 1000 MB
[2021.02.20-21.45.59:714][  0]LogSlate: Took 0.000188 seconds to synchronously load lazily loaded font '../../../Engine/Content/Slate/Fonts/Roboto-Light.ttf' (167K)
[2021.02.20-21.46.00:693][ 56]LogSlate: Took 0.000171 seconds to synchronously load lazily loaded font '../../../Engine/Content/Slate/Fonts/Roboto-Light.ttf' (167K)
[2021.02.20-21.46.01:631][ 86]LogAssetEditorSubsystem: Opening Asset editor for World /Game/Maps/Sandbox.Sandbox
[2021.02.20-21.46.01:646][ 86]LogUObjectHash: Compacting FUObjectHashTables data took   0.70ms
[2021.02.20-21.46.01:648][ 86]Cmd: MAP LOAD FILE="C:/Users/ondra/Documents/Projects/UE4/2021-yr1-Team-Rem/NameLessMaze/Content/Maps/Sandbox.umap" TEMPLATE=0 SHOWPROGRESS=1 FEATURELEVEL=3
[2021.02.20-21.46.01:649][ 86]LightingResults: New page: Lighting Build
[2021.02.20-21.46.01:649][ 86]LogContentBrowser: Native class hierarchy updated for 'StatsViewer' in 0.0003 seconds. Added 6 classes and 0 folders.
[2021.02.20-21.46.01:649][ 86]LoadErrors: New page: Loading map: Sandbox.umap
[2021.02.20-21.46.01:687][ 86]LogWorld: UWorld::CleanupWorld for Untitled, bSessionEnded=true, bCleanupResources=true
[2021.02.20-21.46.01:687][ 86]LogSlate: InvalidateAllWidgets triggered.  All widgets were invalidated
[2021.02.20-21.46.01:687][ 86]MapCheck: New page: Map Check
[2021.02.20-21.46.01:687][ 86]LightingResults: New page: Lighting Build
[2021.02.20-21.46.01:696][ 86]LogAISub: UAISubsystem::~UAISubsystem EnvQueryManager (000001898CDC9600), frame # 86
[2021.02.20-21.46.01:696][ 86]LogAISub: UAISubsystem::~UAISubsystem AIPerceptionSystem (000001898CDA3880), frame # 86
[2021.02.20-21.46.01:697][ 86]LogUObjectHash: Compacting FUObjectHashTables data took   0.61ms
[2021.02.20-21.46.01:767][ 86]LogEditorServer: Finished looking for orphan Actors (0.000 secs)
[2021.02.20-21.46.01:767][ 86]LogAIModule: Creating AISystem for world Sandbox
[2021.02.20-21.46.01:767][ 86]LogAISub: UAISubsystem::UAISubsystem EnvQueryManager (00000189AFE6FE00), frame # 86
[2021.02.20-21.46.01:767][ 86]LogAISub: UAISubsystem::UAISubsystem AIPerceptionSystem (00000189BAAB2200), frame # 86
[2021.02.20-21.46.01:784][ 86]LogUObjectHash: Compacting FUObjectHashTables data took   0.56ms
[2021.02.20-21.46.01:804][ 86]Cmd: MAP CHECKDEP NOCLEARLOG
[2021.02.20-21.46.01:804][ 86]MapCheck: Map check complete: 0 Error(s), 0 Warning(s), took 0.119ms to complete.
[2021.02.20-21.46.01:804][ 86]LogFileHelpers: Loading map 'Sandbox' took 0.155
[2021.02.20-21.46.05:003][275]LogAssetEditorSubsystem: Opening Asset editor for Blueprint /Game/Blueprints/Door_BP.Door_BP
[2021.02.20-21.46.05:250][275]LogContentBrowser: Native class hierarchy updated for 'BlueprintGraph' in 0.0005 seconds. Added 125 classes and 0 folders.
[2021.02.20-21.46.06:101][275]LogSlate: Took 0.000186 seconds to synchronously load lazily loaded font '../../../Engine/Content/Slate/Fonts/Roboto-BoldCondensed.ttf' (158K)
[2021.02.20-21.46.06:163][276]LogSlate: Took 0.000191 seconds to synchronously load lazily loaded font '../../../Engine/Content/Slate/Fonts/Roboto-Italic.ttf' (157K)
[2021.02.20-21.46.07:837][370]LogRenderer: Reallocating scene render targets to support 1208x720 Format 10 NumSamples 1 (Frame:1).
[2021.02.20-21.46.24:385][345]LogPhysics: Warning: Scale for /Engine/Transient.World_0:PersistentLevel.Door_BP_C_0.Widget has a component set to zero, which will result in a bad body instance. Scale:X=1.000 Y=0.000 Z=0.000
[2021.02.20-21.46.24:393][345]LogPhysics: Warning: Scale for /Game/Maps/Sandbox.Sandbox:PersistentLevel.Door_BP2_2.Widget has a component set to zero, which will result in a bad body instance. Scale:X=1.000 Y=0.000 Z=0.000
[2021.02.20-21.46.24:399][345]LogPhysics: Warning: Scale for /Game/Maps/Sandbox.Sandbox:PersistentLevel.Door_BP_2.Widget has a component set to zero, which will result in a bad body instance. Scale:X=1.000 Y=0.000 Z=0.000
[2021.02.20-21.46.24:403][345]LogPhysics: Warning: Scale for /Engine/Transient.World_0:PersistentLevel.Door_BP_C_0.Widget has a component set to zero, which will result in a bad body instance. Scale:X=1.000 Y=0.000 Z=0.000
[2021.02.20-21.46.24:413][346]LogPhysics: Warning: Scale for /Game/Maps/Sandbox.Sandbox:PersistentLevel.Door_BP2_2.Widget has a component set to zero, which will result in a bad body instance. Scale:X=1.000 Y=0.000 Z=0.000
[2021.02.20-21.46.24:415][346]LogPhysics: Warning: Scale for /Game/Maps/Sandbox.Sandbox:PersistentLevel.Door_BP_2.Widget has a component set to zero, which will result in a bad body instance. Scale:X=1.000 Y=0.000 Z=0.000
[2021.02.20-21.46.24:418][346]LogPhysics: Warning: Scale for /Engine/Transient.World_0:PersistentLevel.Door_BP_C_0.Widget has a component set to zero, which will result in a bad body instance. Scale:X=1.000 Y=0.000 Z=0.000
[2021.02.20-21.46.24:433][347]LogPhysics: Warning: Scale for /Engine/Transient.World_0:PersistentLevel.Door_BP_C_0.Widget has a component set to zero, which will result in a bad body instance. Scale:X=1.000 Y=0.000 Z=0.000
[2021.02.20-21.46.24:449][348]LogPhysics: Warning: Scale for /Engine/Transient.World_0:PersistentLevel.Door_BP_C_0.Widget has a component set to zero, which will result in a bad body instance. Scale:X=1.000 Y=0.000 Z=0.000
[2021.02.20-21.46.24:464][349]LogPhysics: Warning: Scale for /Engine/Transient.World_0:PersistentLevel.Door_BP_C_0.Widget has a component set to zero, which will result in a bad body instance. Scale:X=1.000 Y=0.000 Z=0.000
[2021.02.20-21.46.24:482][350]LogPhysics: Warning: Scale for /Engine/Transient.World_0:PersistentLevel.Door_BP_C_0.Widget has a component set to zero, which will result in a bad body instance. Scale:X=1.000 Y=0.000 Z=0.000
[2021.02.20-21.46.24:499][351]LogPhysics: Warning: Scale for /Engine/Transient.World_0:PersistentLevel.Door_BP_C_0.Widget has a component set to zero, which will result in a bad body instance. Scale:X=1.000 Y=0.000 Z=0.000
[2021.02.20-21.46.24:515][352]LogPhysics: Warning: Scale for /Engine/Transient.World_0:PersistentLevel.Door_BP_C_0.Widget has a component set to zero, which will result in a bad body instance. Scale:X=1.000 Y=0.000 Z=0.000
[2021.02.20-21.46.24:532][353]LogPhysics: Warning: Scale for /Engine/Transient.World_0:PersistentLevel.Door_BP_C_0.Widget has a component set to zero, which will result in a bad body instance. Scale:X=1.000 Y=0.000 Z=0.000
[2021.02.20-21.46.24:549][354]LogPhysics: Warning: Scale for /Engine/Transient.World_0:PersistentLevel.Door_BP_C_0.Widget has a component set to zero, which will result in a bad body instance. Scale:X=1.000 Y=0.000 Z=0.000
[2021.02.20-21.46.24:565][355]LogPhysics: Warning: Scale for /Engine/Transient.World_0:PersistentLevel.Door_BP_C_0.Widget has a component set to zero, which will result in a bad body instance. Scale:X=1.000 Y=0.000 Z=0.000
[2021.02.20-21.46.24:582][356]LogPhysics: Warning: Scale for /Engine/Transient.World_0:PersistentLevel.Door_BP_C_0.Widget has a component set to zero, which will result in a bad body instance. Scale:X=1.000 Y=0.000 Z=0.000
[2021.02.20-21.46.24:598][357]LogPhysics: Warning: Scale for /Engine/Transient.World_0:PersistentLevel.Door_BP_C_0.Widget has a component set to zero, which will result in a bad body instance. Scale:X=1.000 Y=0.000 Z=0.000
[2021.02.20-21.46.24:615][358]LogPhysics: Warning: Scale for /Engine/Transient.World_0:PersistentLevel.Door_BP_C_0.Widget has a component set to zero, which will result in a bad body instance. Scale:X=1.000 Y=0.000 Z=0.000
[2021.02.20-21.46.24:632][359]LogPhysics: Warning: Scale for /Engine/Transient.World_0:PersistentLevel.Door_BP_C_0.Widget has a component set to zero, which will result in a bad body instance. Scale:X=1.000 Y=0.000 Z=0.000
[2021.02.20-21.46.24:649][360]LogPhysics: Warning: Scale for /Engine/Transient.World_0:PersistentLevel.Door_BP_C_0.Widget has a component set to zero, which will result in a bad body instance. Scale:X=1.000 Y=0.000 Z=0.000
[2021.02.20-21.46.24:665][361]LogPhysics: Warning: Scale for /Engine/Transient.World_0:PersistentLevel.Door_BP_C_0.Widget has a component set to zero, which will result in a bad body instance. Scale:X=1.000 Y=0.000 Z=0.000
[2021.02.20-21.46.24:682][362]LogPhysics: Warning: Scale for /Engine/Transient.World_0:PersistentLevel.Door_BP_C_0.Widget has a component set to zero, which will result in a bad body instance. Scale:X=1.000 Y=0.000 Z=0.000
[2021.02.20-21.46.24:699][363]LogPhysics: Warning: Scale for /Engine/Transient.World_0:PersistentLevel.Door_BP_C_0.Widget has a component set to zero, which will result in a bad body instance. Scale:X=1.000 Y=0.000 Z=0.000
[2021.02.20-21.46.24:715][364]LogPhysics: Warning: Scale for /Engine/Transient.World_0:PersistentLevel.Door_BP_C_0.Widget has a component set to zero, which will result in a bad body instance. Scale:X=1.000 Y=0.000 Z=0.000
[2021.02.20-21.46.24:733][365]LogPhysics: Warning: Scale for /Engine/Transient.World_0:PersistentLevel.Door_BP_C_0.Widget has a component set to zero, which will result in a bad body instance. Scale:X=1.000 Y=0.000 Z=0.000
[2021.02.20-21.46.24:758][366]LogPhysics: Warning: Scale for /Engine/Transient.World_0:PersistentLevel.Door_BP_C_0.Widget has a component set to zero, which will result in a bad body instance. Scale:X=1.000 Y=0.000 Z=0.000
[2021.02.20-21.46.24:835][370]LogPhysics: Warning: Scale for /Engine/Transient.World_0:PersistentLevel.Door_BP_C_0.Widget has a component set to zero, which will result in a bad body instance. Scale:X=1.000 Y=0.000 Z=0.000
[2021.02.20-21.46.24:842][370]LogPhysics: Warning: Scale for /Game/Maps/Sandbox.Sandbox:PersistentLevel.Door_BP2_2.Widget has a component set to zero, which will result in a bad body instance. Scale:X=1.000 Y=0.000 Z=0.000
[2021.02.20-21.46.24:847][370]LogPhysics: Warning: Scale for /Game/Maps/Sandbox.Sandbox:PersistentLevel.Door_BP_2.Widget has a component set to zero, which will result in a bad body instance. Scale:X=1.000 Y=0.000 Z=0.000
[2021.02.20-21.46.24:852][370]LogPhysics: Warning: Scale for /Engine/Transient.World_0:PersistentLevel.Door_BP_C_0.Widget has a component set to zero, which will result in a bad body instance. Scale:X=1.000 Y=0.000 Z=0.000
[2021.02.20-21.46.24:862][371]LogPhysics: Warning: Scale for /Game/Maps/Sandbox.Sandbox:PersistentLevel.Door_BP2_2.Widget has a component set to zero, which will result in a bad body instance. Scale:X=1.000 Y=0.000 Z=0.000
[2021.02.20-21.46.24:864][371]LogPhysics: Warning: Scale for /Game/Maps/Sandbox.Sandbox:PersistentLevel.Door_BP_2.Widget has a component set to zero, which will result in a bad body instance. Scale:X=1.000 Y=0.000 Z=0.000
[2021.02.20-21.46.24:868][371]LogPhysics: Warning: Scale for /Engine/Transient.World_0:PersistentLevel.Door_BP_C_0.Widget has a component set to zero, which will result in a bad body instance. Scale:X=1.000 Y=0.000 Z=0.000
[2021.02.20-21.46.24:883][372]LogPhysics: Warning: Scale for /Engine/Transient.World_0:PersistentLevel.Door_BP_C_0.Widget has a component set to zero, which will result in a bad body instance. Scale:X=1.000 Y=0.000 Z=0.000
[2021.02.20-21.46.24:898][373]LogPhysics: Warning: Scale for /Engine/Transient.World_0:PersistentLevel.Door_BP_C_0.Widget has a component set to zero, which will result in a bad body instance. Scale:X=1.000 Y=0.000 Z=0.000
[2021.02.20-21.46.24:914][374]LogPhysics: Warning: Scale for /Engine/Transient.World_0:PersistentLevel.Door_BP_C_0.Widget has a component set to zero, which will result in a bad body instance. Scale:X=1.000 Y=0.000 Z=0.000
[2021.02.20-21.46.24:932][375]LogPhysics: Warning: Scale for /Engine/Transient.World_0:PersistentLevel.Door_BP_C_0.Widget has a component set to zero, which will result in a bad body instance. Scale:X=1.000 Y=0.000 Z=0.000
[2021.02.20-21.46.24:947][376]LogPhysics: Warning: Scale for /Engine/Transient.World_0:PersistentLevel.Door_BP_C_0.Widget has a component set to zero, which will result in a bad body instance. Scale:X=1.000 Y=0.000 Z=0.000
[2021.02.20-21.46.24:964][377]LogPhysics: Warning: Scale for /Engine/Transient.World_0:PersistentLevel.Door_BP_C_0.Widget has a component set to zero, which will result in a bad body instance. Scale:X=1.000 Y=0.000 Z=0.000
[2021.02.20-21.46.24:981][378]LogPhysics: Warning: Scale for /Engine/Transient.World_0:PersistentLevel.Door_BP_C_0.Widget has a component set to zero, which will result in a bad body instance. Scale:X=1.000 Y=0.000 Z=0.000
[2021.02.20-21.46.24:997][379]LogPhysics: Warning: Scale for /Engine/Transient.World_0:PersistentLevel.Door_BP_C_0.Widget has a component set to zero, which will result in a bad body instance. Scale:X=1.000 Y=0.000 Z=0.000
[2021.02.20-21.46.25:015][380]LogPhysics: Warning: Scale for /Engine/Transient.World_0:PersistentLevel.Door_BP_C_0.Widget has a component set to zero, which will result in a bad body instance. Scale:X=1.000 Y=0.000 Z=0.000
[2021.02.20-21.46.25:031][381]LogPhysics: Warning: Scale for /Engine/Transient.World_0:PersistentLevel.Door_BP_C_0.Widget has a component set to zero, which will result in a bad body instance. Scale:X=1.000 Y=0.000 Z=0.000
[2021.02.20-21.46.25:047][382]LogPhysics: Warning: Scale for /Engine/Transient.World_0:PersistentLevel.Door_BP_C_0.Widget has a component set to zero, which will result in a bad body instance. Scale:X=1.000 Y=0.000 Z=0.000
[2021.02.20-21.46.25:065][383]LogPhysics: Warning: Scale for /Engine/Transient.World_0:PersistentLevel.Door_BP_C_0.Widget has a component set to zero, which will result in a bad body instance. Scale:X=1.000 Y=0.000 Z=0.000
[2021.02.20-21.46.25:081][384]LogPhysics: Warning: Scale for /Engine/Transient.World_0:PersistentLevel.Door_BP_C_0.Widget has a component set to zero, which will result in a bad body instance. Scale:X=1.000 Y=0.000 Z=0.000
[2021.02.20-21.46.25:098][385]LogPhysics: Warning: Scale for /Engine/Transient.World_0:PersistentLevel.Door_BP_C_0.Widget has a component set to zero, which will result in a bad body instance. Scale:X=1.000 Y=0.000 Z=0.000
[2021.02.20-21.46.25:115][386]LogPhysics: Warning: Scale for /Engine/Transient.World_0:PersistentLevel.Door_BP_C_0.Widget has a component set to zero, which will result in a bad body instance. Scale:X=1.000 Y=0.000 Z=0.000
[2021.02.20-21.46.25:131][387]LogPhysics: Warning: Scale for /Engine/Transient.World_0:PersistentLevel.Door_BP_C_0.Widget has a component set to zero, which will result in a bad body instance. Scale:X=1.000 Y=0.000 Z=0.000
[2021.02.20-21.46.25:148][388]LogPhysics: Warning: Scale for /Engine/Transient.World_0:PersistentLevel.Door_BP_C_0.Widget has a component set to zero, which will result in a bad body instance. Scale:X=1.000 Y=0.000 Z=0.000
[2021.02.20-21.46.25:164][389]LogPhysics: Warning: Scale for /Engine/Transient.World_0:PersistentLevel.Door_BP_C_0.Widget has a component set to zero, which will result in a bad body instance. Scale:X=1.000 Y=0.000 Z=0.000
[2021.02.20-21.46.25:184][390]LogPhysics: Warning: Scale for /Engine/Transient.World_0:PersistentLevel.Door_BP_C_0.Widget has a component set to zero, which will result in a bad body instance. Scale:X=1.000 Y=0.000 Z=0.000
[2021.02.20-21.46.34:927][936]LogTemp: Repeating last play command: Selected Viewport
[2021.02.20-21.46.34:945][936]BlueprintLog: New page: Pre-Play auto-recompile
[2021.02.20-21.46.34:949][936]LogPlayLevel: [PlayLevel] Compiling Door_BP before play...
[2021.02.20-21.46.35:159][936]LogUObjectHash: Compacting FUObjectHashTables data took   4.22ms
[2021.02.20-21.46.35:159][936]LogPlayLevel: PlayLevel: Blueprint regeneration took 214 ms (1 blueprints)
[2021.02.20-21.46.35:159][936]LogHMD: Initializing OVRPlugin session
[2021.02.20-21.46.35:304][936]LogHMD: Allocating Oculus 3712 x 1872 rendertarget swapchain
[2021.02.20-21.46.35:306][936]PIE: New page: PIE session: Sandbox (20 Feb 2021, 21:46:35)
[2021.02.20-21.46.35:307][936]LogOnline: OSS: Creating online subsystem instance for: NULL
[2021.02.20-21.46.35:308][936]LogOnline: OSS: TryLoadSubsystemAndSetDefault: Loaded subsystem for module [NULL]
[2021.02.20-21.46.35:309][936]LogPlayLevel: Creating play world package: /Game/Maps/UEDPIE_0_Sandbox
[2021.02.20-21.46.35:312][936]LogPlayLevel: PIE: StaticDuplicateObject took: (0.002321s)
[2021.02.20-21.46.35:312][936]LogAIModule: Creating AISystem for world Sandbox
[2021.02.20-21.46.35:312][936]LogAISub: UAISubsystem::UAISubsystem EnvQueryManager (0000018A02799A00), frame # 1936
[2021.02.20-21.46.35:312][936]LogAISub: UAISubsystem::UAISubsystem AIPerceptionSystem (0000018A2401EC00), frame # 1936
[2021.02.20-21.46.35:313][936]LogPlayLevel: PIE: World Init took: (0.000997s)
[2021.02.20-21.46.35:313][936]LogPlayLevel: PIE: Created PIE world by copying editor world from /Game/Maps/Sandbox.Sandbox to /Game/Maps/UEDPIE_0_Sandbox.Sandbox (0.003552s)
[2021.02.20-21.46.35:331][936]LogUObjectHash: Compacting FUObjectHashTables data took   1.83ms
[2021.02.20-21.46.35:333][936]LogAudioMixer: Display: Audio Mixer Platform Settings:
[2021.02.20-21.46.35:333][936]LogAudioMixer: Display: 	Sample Rate:						  48000
[2021.02.20-21.46.35:333][936]LogAudioMixer: Display: 	Callback Buffer Frame Size Requested: 1024
[2021.02.20-21.46.35:333][936]LogAudioMixer: Display: 	Callback Buffer Frame Size To Use:	  1024
[2021.02.20-21.46.35:333][936]LogAudioMixer: Display: 	Number of buffers to queue:			  2
[2021.02.20-21.46.35:333][936]LogAudioMixer: Display: 	Max Channels (voices):				  32
[2021.02.20-21.46.35:333][936]LogAudioMixer: Display: 	Number of Async Source Workers:		  0
[2021.02.20-21.46.35:333][936]LogAudio: Display: AudioDevice MaxSources: 32
[2021.02.20-21.46.35:334][936]LogAudio: Display: Using built-in audio occlusion.
[2021.02.20-21.46.35:334][936]LogAudioMixer: Display: Initializing audio mixer.
[2021.02.20-21.46.35:340][936]LogAudioMixer: Display: 0: FrontLeft
[2021.02.20-21.46.35:340][936]LogAudioMixer: Display: 1: FrontRight
[2021.02.20-21.46.35:360][936]LogAudioMixer: Display: Using Audio Device Speakers (Realtek(R) Audio)
[2021.02.20-21.46.35:360][936]LogAudioMixer: Display: Initializing Sound Submixes...
[2021.02.20-21.46.35:360][936]LogAudioMixer: Display: Creating Master Submix 'MasterSubmixDefault'
[2021.02.20-21.46.35:360][936]LogAudioMixer: Display: Creating Master Submix 'MasterReverbSubmixDefault'
[2021.02.20-21.46.35:360][936]LogAudioMixer: Display: Creating Master Submix 'MasterEQSubmixDefault'
[2021.02.20-21.46.35:374][936]LogInit: FAudioDevice initialized.
[2021.02.20-21.46.35:606][936]LogLoad: Game class is 'FirstPersonGameMode_C'
[2021.02.20-21.46.35:607][936]LogWorld: Bringing World /Game/Maps/UEDPIE_0_Sandbox.Sandbox up for play (max tick rate 60) at 2021.02.20-21.46.35
[2021.02.20-21.46.35:608][936]LogWorld: Bringing up level for play took: 0.000839
[2021.02.20-21.46.35:608][936]LogOnline: OSS: Creating online subsystem instance for: :Context_3
[2021.02.20-21.46.35:611][936]LogContentBrowser: Native class hierarchy updated for 'MovieSceneCapture' in 0.0003 seconds. Added 20 classes and 0 folders.
[2021.02.20-21.46.35:617][936]PIE: Server logged in
[2021.02.20-21.46.35:618][936]PIE: Play in editor total start time 0.68 seconds.
[2021.02.20-21.46.37:552][ 27]LogSlate: Updating window title bar state: overlay mode, drag disabled, window buttons hidden, title bar hidden
[2021.02.20-21.46.37:552][ 27]LogWorld: BeginTearingDown for /Game/Maps/UEDPIE_0_Sandbox
[2021.02.20-21.46.37:552][ 27]LogWorld: UWorld::CleanupWorld for Sandbox, bSessionEnded=true, bCleanupResources=true
[2021.02.20-21.46.37:553][ 27]LogSlate: InvalidateAllWidgets triggered.  All widgets were invalidated
[2021.02.20-21.46.37:557][ 27]LogPlayLevel: Display: Shutting down PIE online subsystems
[2021.02.20-21.46.37:562][ 27]LogSlate: InvalidateAllWidgets triggered.  All widgets were invalidated
[2021.02.20-21.46.37:589][ 27]LogSlate: Updating window title bar state: overlay mode, drag disabled, window buttons hidden, title bar hidden
[2021.02.20-21.46.37:620][ 27]LogAISub: UAISubsystem::~UAISubsystem AIPerceptionSystem (0000018A2401EC00), frame # 2027
[2021.02.20-21.46.37:620][ 27]LogAISub: UAISubsystem::~UAISubsystem EnvQueryManager (0000018A02799A00), frame # 2027
[2021.02.20-21.46.37:624][ 27]LogUObjectHash: Compacting FUObjectHashTables data took   3.52ms
[2021.02.20-21.46.37:680][ 28]LogPlayLevel: Display: Destroying online subsystem :Context_3
[2021.02.20-21.46.38:847][ 84]Cmd: OBJ SAVEPACKAGE PACKAGE="/Game/Blueprints/Door_BP" FILE="C:/Users/ondra/Documents/Projects/UE4/2021-yr1-Team-Rem/NameLessMaze/Content/Blueprints/Door_BP.uasset" SILENT=true
[2021.02.20-21.46.38:877][ 84]LogSavePackage: Moving 'C:/Users/ondra/Documents/Projects/UE4/2021-yr1-Team-Rem/NameLessMaze/Saved/Door_BPDBF77B044705DF5722BDEB87EB4E48BA.tmp' to 'C:/Users/ondra/Documents/Projects/UE4/2021-yr1-Team-Rem/NameLessMaze/Content/Blueprints/Door_BP.uasset'
[2021.02.20-21.46.38:899][ 84]AssetCheck: New page: Asset Save: Door_BP
[2021.02.20-21.46.38:899][ 84]LogContentValidation: Display: Validating Blueprint /Game/Blueprints/Door_BP.Door_BP
[2021.02.20-21.46.39:539][122]BlueprintLog: New page: Compile Door_BP
[2021.02.20-21.46.39:614][122]LogUObjectHash: Compacting FUObjectHashTables data took   2.92ms
[2021.02.20-21.46.39:685][122]LogSlate: Took 0.000164 seconds to synchronously load lazily loaded font '../../../Engine/Content/Slate/Fonts/DroidSansMono.ttf' (77K)
[2021.02.20-21.46.41:243][212]LogEditorViewport: Clicking on Actor (LMB): StaticMeshActor (Plane)
[2021.02.20-21.46.43:476][337]Cmd: OBJ SAVEPACKAGE PACKAGE="/Game/Maps/Sandbox" FILE="C:/Users/ondra/Documents/Projects/UE4/2021-yr1-Team-Rem/NameLessMaze/Content/Maps/Sandbox.umap" SILENT=true AUTOSAVING=false KEEPDIRTY=false
[2021.02.20-21.46.43:503][337]LogUObjectHash: Compacting FUObjectHashTables data took   3.12ms
[2021.02.20-21.46.43:526][337]LogSavePackage: Moving 'C:/Users/ondra/Documents/Projects/UE4/2021-yr1-Team-Rem/NameLessMaze/Saved/SandboxE09A221845F7A0F85FD5D6A3B06B37E4.tmp' to 'C:/Users/ondra/Documents/Projects/UE4/2021-yr1-Team-Rem/NameLessMaze/Content/Maps/Sandbox.umap'
[2021.02.20-21.46.43:663][337]Cmd: OBJ SAVEPACKAGE PACKAGE="/Game/Maps/Sandbox_BuiltData" FILE="C:/Users/ondra/Documents/Projects/UE4/2021-yr1-Team-Rem/NameLessMaze/Content/Maps/Sandbox_BuiltData.uasset" SILENT=true
[2021.02.20-21.46.43:683][337]LogSavePackage: Moving 'C:/Users/ondra/Documents/Projects/UE4/2021-yr1-Team-Rem/NameLessMaze/Saved/Sandbox_BuiltData0BF0EA6C4C6117BC3780B2A52D881842.tmp' to 'C:/Users/ondra/Documents/Projects/UE4/2021-yr1-Team-Rem/NameLessMaze/Content/Maps/Sandbox_BuiltData.uasset'
[2021.02.20-21.46.43:698][337]AssetCheck: New page: Asset Save: multiple assets
[2021.02.20-21.46.43:699][337]LogContentValidation: Display: Validating World /Game/Maps/Sandbox.Sandbox
[2021.02.20-21.46.43:699][337]LogContentValidation: Display: Validating MapBuildDataRegistry /Game/Maps/Sandbox_BuiltData.Sandbox_BuiltData
[2021.02.20-21.46.45:347][436]LogTemp: Repeating last play command: Selected Viewport
[2021.02.20-21.46.45:364][436]LogPlayLevel: PlayLevel: No blueprints needed recompiling
[2021.02.20-21.46.45:365][436]LogHMD: Initializing OVRPlugin session
[2021.02.20-21.46.45:500][436]LogHMD: Allocating Oculus 3712 x 1872 rendertarget swapchain
[2021.02.20-21.46.45:501][436]PIE: New page: PIE session: Sandbox (20 Feb 2021, 21:46:45)
[2021.02.20-21.46.45:501][436]LogPlayLevel: Creating play world package: /Game/Maps/UEDPIE_0_Sandbox
[2021.02.20-21.46.45:503][436]LogPlayLevel: PIE: StaticDuplicateObject took: (0.002173s)
[2021.02.20-21.46.45:504][436]LogAIModule: Creating AISystem for world Sandbox
[2021.02.20-21.46.45:504][436]LogAISub: UAISubsystem::UAISubsystem EnvQueryManager (0000018A21482200), frame # 2436
[2021.02.20-21.46.45:504][436]LogAISub: UAISubsystem::UAISubsystem AIPerceptionSystem (00000189A9FE0E00), frame # 2436
[2021.02.20-21.46.45:504][436]LogPlayLevel: PIE: World Init took: (0.000903s)
[2021.02.20-21.46.45:504][436]LogPlayLevel: PIE: Created PIE world by copying editor world from /Game/Maps/Sandbox.Sandbox to /Game/Maps/UEDPIE_0_Sandbox.Sandbox (0.003226s)
[2021.02.20-21.46.45:540][436]LogUObjectHash: Compacting FUObjectHashTables data took   2.17ms
[2021.02.20-21.46.45:541][436]LogAudioMixer: Display: Audio Mixer Platform Settings:
[2021.02.20-21.46.45:541][436]LogAudioMixer: Display: 	Sample Rate:						  48000
[2021.02.20-21.46.45:541][436]LogAudioMixer: Display: 	Callback Buffer Frame Size Requested: 1024
[2021.02.20-21.46.45:541][436]LogAudioMixer: Display: 	Callback Buffer Frame Size To Use:	  1024
[2021.02.20-21.46.45:542][436]LogAudioMixer: Display: 	Number of buffers to queue:			  2
[2021.02.20-21.46.45:542][436]LogAudioMixer: Display: 	Max Channels (voices):				  32
[2021.02.20-21.46.45:542][436]LogAudioMixer: Display: 	Number of Async Source Workers:		  0
[2021.02.20-21.46.45:542][436]LogAudio: Display: AudioDevice MaxSources: 32
[2021.02.20-21.46.45:542][436]LogAudio: Display: Using built-in audio occlusion.
[2021.02.20-21.46.45:542][436]LogAudioMixer: Display: Initializing audio mixer.
[2021.02.20-21.46.45:546][436]LogAudioMixer: Display: 0: FrontLeft
[2021.02.20-21.46.45:546][436]LogAudioMixer: Display: 1: FrontRight
[2021.02.20-21.46.45:563][436]LogAudioMixer: Display: Using Audio Device Speakers (Realtek(R) Audio)
[2021.02.20-21.46.45:563][436]LogAudioMixer: Display: Initializing Sound Submixes...
[2021.02.20-21.46.45:563][436]LogAudioMixer: Display: Creating Master Submix 'MasterSubmixDefault'
[2021.02.20-21.46.45:564][436]LogAudioMixer: Display: Creating Master Submix 'MasterReverbSubmixDefault'
[2021.02.20-21.46.45:564][436]LogAudioMixer: Display: Creating Master Submix 'MasterEQSubmixDefault'
[2021.02.20-21.46.45:577][436]LogInit: FAudioDevice initialized.
[2021.02.20-21.46.45:584][436]LogLoad: Game class is 'FirstPersonGameMode_C'
[2021.02.20-21.46.45:586][436]LogWorld: Bringing World /Game/Maps/UEDPIE_0_Sandbox.Sandbox up for play (max tick rate 60) at 2021.02.20-21.46.45
[2021.02.20-21.46.45:586][436]LogWorld: Bringing up level for play took: 0.000714
[2021.02.20-21.46.45:586][436]LogOnline: OSS: Creating online subsystem instance for: :Context_6
[2021.02.20-21.46.45:592][436]PIE: Server logged in
[2021.02.20-21.46.45:593][436]PIE: Play in editor total start time 0.235 seconds.
[2021.02.20-21.46.47:167][530]LogBlueprintUserMessages: [Door_BP2_2] Opening the door!
[2021.02.20-21.46.47:184][531]LogBlueprintUserMessages: [Door_BP2_2] Closing the door!
[2021.02.20-21.46.47:201][532]LogBlueprintUserMessages: [Door_BP2_2] Opening the door!
[2021.02.20-21.46.47:217][533]LogBlueprintUserMessages: [Door_BP2_2] Closing the door!
[2021.02.20-21.46.47:234][534]LogBlueprintUserMessages: [Door_BP2_2] Opening the door!
[2021.02.20-21.46.47:250][535]LogBlueprintUserMessages: [Door_BP2_2] Closing the door!
[2021.02.20-21.46.47:267][536]LogBlueprintUserMessages: [Door_BP2_2] Opening the door!
[2021.02.20-21.46.47:284][537]LogBlueprintUserMessages: [Door_BP2_2] Closing the door!
[2021.02.20-21.46.47:301][538]LogBlueprintUserMessages: [Door_BP2_2] Opening the door!
[2021.02.20-21.46.47:317][539]LogBlueprintUserMessages: [Door_BP2_2] Closing the door!
[2021.02.20-21.46.47:334][540]LogBlueprintUserMessages: [Door_BP2_2] Opening the door!
[2021.02.20-21.46.49:050][643]LogBlueprintUserMessages: [Door_BP2_2] Closing the door!
[2021.02.20-21.46.49:066][644]LogBlueprintUserMessages: [Door_BP2_2] Opening the door!
[2021.02.20-21.46.49:086][645]LogBlueprintUserMessages: [Door_BP2_2] Closing the door!
[2021.02.20-21.46.51:819][809]LogBlueprintUserMessages: [Door_BP2_2] Opening the door!
[2021.02.20-21.46.51:835][810]LogBlueprintUserMessages: [Door_BP2_2] Closing the door!
[2021.02.20-21.46.51:852][811]LogBlueprintUserMessages: [Door_BP2_2] Opening the door!
[2021.02.20-21.46.55:934][ 56]LogBlueprintUserMessages: [Door_BP2_2] Closing the door!
[2021.02.20-21.46.55:951][ 57]LogBlueprintUserMessages: [Door_BP2_2] Opening the door!
[2021.02.20-21.46.55:968][ 58]LogBlueprintUserMessages: [Door_BP2_2] Closing the door!
[2021.02.20-21.46.55:984][ 59]LogBlueprintUserMessages: [Door_BP2_2] Opening the door!
[2021.02.20-21.46.55:984][ 59]LogBlueprintUserMessages: [Door_BP2_2] Closing the door!
[2021.02.20-21.47.03:001][480]LogBlueprintUserMessages: [Door_BP2_2] Opening the door!
[2021.02.20-21.47.03:018][481]LogBlueprintUserMessages: [Door_BP2_2] Closing the door!
[2021.02.20-21.47.03:035][482]LogBlueprintUserMessages: [Door_BP2_2] Opening the door!
[2021.02.20-21.47.07:552][753]LogBlueprintUserMessages: [Door_BP2_2] Closing the door!
[2021.02.20-21.47.07:568][754]LogBlueprintUserMessages: [Door_BP2_2] Opening the door!
[2021.02.20-21.47.07:585][755]LogBlueprintUserMessages: [Door_BP2_2] Closing the door!
[2021.02.20-21.47.08:031][779]LogSlate: Updating window title bar state: overlay mode, drag disabled, window buttons hidden, title bar hidden
[2021.02.20-21.47.08:031][779]LogWorld: BeginTearingDown for /Game/Maps/UEDPIE_0_Sandbox
[2021.02.20-21.47.08:032][779]LogWorld: UWorld::CleanupWorld for Sandbox, bSessionEnded=true, bCleanupResources=true
[2021.02.20-21.47.08:032][779]LogSlate: InvalidateAllWidgets triggered.  All widgets were invalidated
[2021.02.20-21.47.08:042][779]LogPlayLevel: Display: Shutting down PIE online subsystems
[2021.02.20-21.47.08:045][779]LogSlate: InvalidateAllWidgets triggered.  All widgets were invalidated
[2021.02.20-21.47.08:067][779]LogSlate: Updating window title bar state: overlay mode, drag disabled, window buttons hidden, title bar hidden
[2021.02.20-21.47.08:084][779]LogAISub: UAISubsystem::~UAISubsystem AIPerceptionSystem (00000189A9FE0E00), frame # 3779
[2021.02.20-21.47.08:084][779]LogAISub: UAISubsystem::~UAISubsystem EnvQueryManager (0000018A21482200), frame # 3779
[2021.02.20-21.47.08:086][779]LogUObjectHash: Compacting FUObjectHashTables data took   2.15ms
[2021.02.20-21.47.10:604][779]LogWindows: Windows GetLastError: The operation completed successfully. (0)
[2021.02.20-21.47.10:604][779]LogOutputDevice: Warning: 

Script Stack (0 frames):

[2021.02.20-21.47.10:604][779]LogWindows: Windows GetLastError: The operation completed successfully. (0)
[2021.02.20-21.47.10:604][779]LogThreadingWindows: Error: Runnable thread RenderThread 6 crashed.
[2021.02.20-21.47.10:604][779]LogWindows: Error: HandleError re-entered.
[2021.02.20-21.47.10:605][779]LogWindows: FPlatformMisc::RequestExit(1)
[2021.02.20-21.47.10:605][779]LogCore: Engine exit requested (reason: Win RequestExit)
[2021.02.20-21.47.10:605][779]LogOutputDevice: Warning: 

Script Stack (0 frames):

[2021.02.20-21.47.10:606][779]LogStats: FPlatformStackWalk::StackWalkAndDump -  0.001 s
[2021.02.20-21.47.10:606][779]LogOutputDevice: Error: === Handled ensure: ===
[2021.02.20-21.47.10:606][779]LogOutputDevice: Error: 
[2021.02.20-21.47.10:606][779]LogOutputDevice: Error: Ensure condition failed: !IsLocked() [File:D:/Build/++UE4/Sync/Engine/Source/Developer/EditorAnalyticsSession/Private/EditorAnalyticsSession.cpp] [Line: 413]
[2021.02.20-21.47.10:606][779]LogOutputDevice: Error: 
[2021.02.20-21.47.10:606][779]LogOutputDevice: Error: Stack: 
[2021.02.20-21.47.10:606][779]LogOutputDevice: Error: [Callstack] 0x00007ff8b08c48b9 UE4Editor-EditorAnalyticsSession.dll!UnknownFunction []
[2021.02.20-21.47.10:606][779]LogOutputDevice: Error: [Callstack] 0x00007ff8b08ba14e UE4Editor-EditorAnalyticsSession.dll!UnknownFunction []
[2021.02.20-21.47.10:606][779]LogOutputDevice: Error: [Callstack] 0x00007ff81e1ccfde UE4Editor-Engine.dll!UnknownFunction []
[2021.02.20-21.47.10:606][779]LogOutputDevice: Error: [Callstack] 0x00007ff81e1baa78 UE4Editor-Engine.dll!UnknownFunction []
[2021.02.20-21.47.10:606][779]LogOutputDevice: Error: [Callstack] 0x00007ff81e1a7ffe UE4Editor-Engine.dll!UnknownFunction []
[2021.02.20-21.47.10:606][779]LogOutputDevice: Error: [Callstack] 0x00007ff820eaac9d UE4Editor-Core.dll!UnknownFunction []
[2021.02.20-21.47.10:606][779]LogOutputDevice: Error: [Callstack] 0x00007ff8212bfce3 UE4Editor-Core.dll!UnknownFunction []
[2021.02.20-21.47.10:606][779]LogOutputDevice: Error: [Callstack] 0x00007ff677f5e386 UE4Editor.exe!UnknownFunction []
[2021.02.20-21.47.10:606][779]LogOutputDevice: Error: [Callstack] 0x00007ff677f6145a UE4Editor.exe!UnknownFunction []
[2021.02.20-21.47.10:606][779]LogOutputDevice: Error: [Callstack] 0x00007ff8c73f7034 KERNEL32.DLL!UnknownFunction []
[2021.02.20-21.47.10:606][779]LogOutputDevice: Error: [Callstack] 0x00007ff8c911d241 ntdll.dll!UnknownFunction []
[2021.02.20-21.47.10:606][779]LogOutputDevice: Error: 
[2021.02.20-21.47.10:608][779]LogWindows: Error: === Critical error: ===
[2021.02.20-21.47.10:613][779]LogStats:                SubmitErrorReport -  0.000 s
[2021.02.20-21.47.10:613][779]LogWindows: Error: 
[2021.02.20-21.47.10:613][779]LogStats:                    SendNewReport -  0.000 s
[2021.02.20-21.47.10:613][779]LogWindows: Error: Ensure condition failed: !IsLocked() [File:D:/Build/++UE4/Sync/Engine/Source/Developer/EditorAnalyticsSession/Private/EditorAnalyticsSession.cpp] [Line: 413] 
[2021.02.20-21.47.10:613][779]LogStats:             FDebug::EnsureFailed -  0.008 s
[2021.02.20-21.47.10:614][779]LogWindows: Error: 
[2021.02.20-21.47.10:614][779]LogOutputDevice: Warning: 

Script Stack (0 frames):

[2021.02.20-21.47.10:614][779]LogWindows: Error: 
[2021.02.20-21.47.10:614][779]LogWindows: Error: 
[2021.02.20-21.47.10:614][779]LogWindows: Error: 
[2021.02.20-21.47.10:614][779]LogStats: FPlatformStackWalk::StackWalkAndDump -  0.000 s
[2021.02.20-21.47.10:624][779]LogOutputDevice: Error: === Handled ensure: ===
[2021.02.20-21.47.10:624][779]LogOutputDevice: Error: 
[2021.02.20-21.47.10:624][779]LogOutputDevice: Error: Ensure condition failed: IsLocked() [File:D:/Build/++UE4/Sync/Engine/Source/Developer/EditorAnalyticsSession/Private/EditorAnalyticsSession.cpp] [Line: 449]
[2021.02.20-21.47.10:624][779]LogOutputDevice: Error: 
[2021.02.20-21.47.10:625][779]LogOutputDevice: Error: Stack: 
[2021.02.20-21.47.10:625][779]LogOutputDevice: Error: [Callstack] 0x00007ff8b08c47d9 UE4Editor-EditorAnalyticsSession.dll!UnknownFunction []
[2021.02.20-21.47.10:625][779]LogOutputDevice: Error: [Callstack] 0x00007ff8b08bbd2d UE4Editor-EditorAnalyticsSession.dll!UnknownFunction []
[2021.02.20-21.47.10:625][779]LogOutputDevice: Error: [Callstack] 0x00007ff81e1cd032 UE4Editor-Engine.dll!UnknownFunction []
[2021.02.20-21.47.10:625][779]LogOutputDevice: Error: [Callstack] 0x00007ff81e1baa78 UE4Editor-Engine.dll!UnknownFunction []
[2021.02.20-21.47.10:625][779]LogOutputDevice: Error: [Callstack] 0x00007ff81e1a7ffe UE4Editor-Engine.dll!UnknownFunction []
[2021.02.20-21.47.10:625][779]LogOutputDevice: Error: [Callstack] 0x00007ff820eaac9d UE4Editor-Core.dll!UnknownFunction []
[2021.02.20-21.47.10:625][779]LogOutputDevice: Error: [Callstack] 0x00007ff8212bfce3 UE4Editor-Core.dll!UnknownFunction []
[2021.02.20-21.47.10:625][779]LogOutputDevice: Error: [Callstack] 0x00007ff677f5e386 UE4Editor.exe!UnknownFunction []
[2021.02.20-21.47.10:625][779]LogOutputDevice: Error: [Callstack] 0x00007ff677f6145a UE4Editor.exe!UnknownFunction []
[2021.02.20-21.47.10:625][779]LogOutputDevice: Error: [Callstack] 0x00007ff8c73f7034 KERNEL32.DLL!UnknownFunction []
[2021.02.20-21.47.10:625][779]LogOutputDevice: Error: [Callstack] 0x00007ff8c911d241 ntdll.dll!UnknownFunction []
[2021.02.20-21.47.10:625][779]LogOutputDevice: Error: 
[2021.02.20-21.47.10:636][779]LogStats:                SubmitErrorReport -  0.000 s
[2021.02.20-21.47.10:631][779]LogExit: Executing StaticShutdownAfterError
[2021.02.20-21.47.10:636][779]LogStats:                    SendNewReport -  0.000 s
[2021.02.20-21.47.10:636][779]LogWindows: FPlatformMisc::RequestExit(1)
[2021.02.20-21.47.10:636][779]LogStats:             FDebug::EnsureFailed -  0.023 s
[2021.02.20-21.47.10:636][779]LogCore: Engine exit requested (reason: Win RequestExit; note: exit was already requested)
[2021.02.20-21.47.10:636][779]LogOutputDevice: Warning: 

Script Stack (0 frames):

[2021.02.20-21.47.10:647][779]Log file closed, 02/20/21 21:47:10
